{"numFailedTestSuites":0,"numFailedTests":0,"numPassedTestSuites":5,"numPassedTests":106,"numPendingTestSuites":0,"numPendingTests":0,"numRuntimeErrorTestSuites":0,"numTodoTests":0,"numTotalTestSuites":5,"numTotalTests":106,"openHandles":[],"snapshot":{"added":0,"didUpdate":false,"failure":false,"filesAdded":0,"filesRemoved":0,"filesRemovedList":[],"filesUnmatched":0,"filesUpdated":0,"matched":0,"total":0,"unchecked":0,"uncheckedKeysByFile":[],"unmatched":0,"updated":0},"startTime":1788590474074,"success":true,"testResults":[{"assertionResults":[{"ancestorTitles":[],"duration":466,"failureDetails":[],"failureMessages":[],"fullName":"keeps the loaded leaderboard visible when the caller-rank request fails","invocations":1,"location":null,"numPassingAsserts":3,"retryReasons":[],"status":"passed","title":"keeps the loaded leaderboard visible when the caller-rank request fails"},{"ancestorTitles":["SW-44 — anonymized contributors"],"duration":65,"failureDetails":[],"failureMessages":[],"fullName":"SW-44 — anonymized contributors never render the monogram \"ME\"","invocations":1,"location":null,"numPassingAsserts":3,"retryReasons":[],"status":"passed","title":"never render the monogram \"ME\""},{"ancestorTitles":["SW-44 — anonymized contributors"],"duration":317,"failureDetails":[],"failureMessages":[],"fullName":"SW-44 — anonymized contributors still carry the \"Member\" label, which was correct all along","invocations":1,"location":null,"numPassingAsserts":1,"retryReasons":[],"status":"passed","title":"still carry the \"Member\" label, which was correct all along"},{"ancestorTitles":["SW-44 — anonymized contributors"],"duration":60,"failureDetails":[],"failureMessages":[],"fullName":"SW-44 — anonymized contributors are still announced correctly to a screen reader","invocations":1,"location":null,"numPassingAsserts":1,"retryReasons":[],"status":"passed","title":"are still announced correctly to a screen reader"},{"ancestorTitles":["SW-44 — named contributors"],"duration":60,"failureDetails":[],"failureMessages":[],"fullName":"SW-44 — named contributors get real initials from their own name","invocations":1,"location":null,"numPassingAsserts":1,"retryReasons":[],"status":"passed","title":"get real initials from their own name"},{"ancestorTitles":["SW-44 — named contributors"],"duration":62,"failureDetails":[],"failureMessages":[],"fullName":"SW-44 — named contributors go through getInitials(), so an emoji name is not cut in half","invocations":1,"location":null,"numPassingAsserts":2,"retryReasons":[],"status":"passed","title":"go through getInitials(), so an emoji name is not cut in half"},{"ancestorTitles":["SW-44 — named contributors"],"duration":74,"failureDetails":[],"failureMessages":[],"fullName":"SW-44 — named contributors the signed-in user is still marked as themselves","invocations":1,"location":null,"numPassingAsserts":1,"retryReasons":[],"status":"passed","title":"the signed-in user is still marked as themselves"}],"endTime":1788590476280,"message":"","name":"/Users/skypie/AccessMap-codex/p03a-backend-foundation-20260903/src/screens/__tests__/LeaderboardScreen.monogram.test.tsx","startTime":1788590474155,"status":"passed","summary":""},{"assertionResults":[{"ancestorTitles":["useIsAdmin"],"duration":58,"failureDetails":[],"failureMessages":[],"fullName":"useIsAdmin is true only when the caller-scoped RPC authorizes admin actions","invocations":1,"location":null,"numPassingAsserts":5,"retryReasons":[],"status":"passed","title":"is true only when the caller-scoped RPC authorizes admin actions"},{"ancestorTitles":["useIsAdmin"],"duration":52,"failureDetails":[],"failureMessages":[],"fullName":"useIsAdmin is false for a caller without admin authority","invocations":1,"location":null,"numPassingAsserts":2,"retryReasons":[],"status":"passed","title":"is false for a caller without admin authority"},{"ancestorTitles":["useIsAdmin"],"duration":52,"failureDetails":[],"failureMessages":[],"fullName":"useIsAdmin degrades to false and warns without backend error text when the RPC is refused","invocations":1,"location":null,"numPassingAsserts":3,"retryReasons":[],"status":"passed","title":"degrades to false and warns without backend error text when the RPC is refused"},{"ancestorTitles":["useIsAdmin"],"duration":53,"failureDetails":[],"failureMessages":[],"fullName":"useIsAdmin is false when nobody is signed in, without querying","invocations":1,"location":null,"numPassingAsserts":3,"retryReasons":[],"status":"passed","title":"is false when nobody is signed in, without querying"},{"ancestorTitles":["useIsAdmin"],"duration":53,"failureDetails":[],"failureMessages":[],"fullName":"useIsAdmin fails closed for a non-boolean RPC result: null","invocations":1,"location":null,"numPassingAsserts":2,"retryReasons":[],"status":"passed","title":"fails closed for a non-boolean RPC result: null"},{"ancestorTitles":["useIsAdmin"],"duration":53,"failureDetails":[],"failureMessages":[],"fullName":"useIsAdmin fails closed for a non-boolean RPC result: undefined","invocations":1,"location":null,"numPassingAsserts":2,"retryReasons":[],"status":"passed","title":"fails closed for a non-boolean RPC result: undefined"},{"ancestorTitles":["useIsAdmin"],"duration":54,"failureDetails":[],"failureMessages":[],"fullName":"useIsAdmin fails closed for a non-boolean RPC result: \"true\"","invocations":1,"location":null,"numPassingAsserts":2,"retryReasons":[],"status":"passed","title":"fails closed for a non-boolean RPC result: \"true\""},{"ancestorTitles":["useIsAdmin"],"duration":54,"failureDetails":[],"failureMessages":[],"fullName":"useIsAdmin fails closed for a non-boolean RPC result: 1","invocations":1,"location":null,"numPassingAsserts":2,"retryReasons":[],"status":"passed","title":"fails closed for a non-boolean RPC result: 1"},{"ancestorTitles":["useIsAdmin"],"duration":52,"failureDetails":[],"failureMessages":[],"fullName":"useIsAdmin fails closed for a non-boolean RPC result: {\"is_admin\": true}","invocations":1,"location":null,"numPassingAsserts":2,"retryReasons":[],"status":"passed","title":"fails closed for a non-boolean RPC result: {\"is_admin\": true}"},{"ancestorTitles":["useIsAdmin"],"duration":53,"failureDetails":[],"failureMessages":[],"fullName":"useIsAdmin warns and fails closed when the RPC is absent, without a users fallback","invocations":1,"location":null,"numPassingAsserts":3,"retryReasons":[],"status":"passed","title":"warns and fails closed when the RPC is absent, without a users fallback"},{"ancestorTitles":["useIsAdmin"],"duration":54,"failureDetails":[],"failureMessages":[],"fullName":"useIsAdmin warns and fails closed when the authorization request throws","invocations":1,"location":null,"numPassingAsserts":2,"retryReasons":[],"status":"passed","title":"warns and fails closed when the authorization request throws"},{"ancestorTitles":["the Admin tab registration"],"duration":2,"failureDetails":[],"failureMessages":[],"fullName":"the Admin tab registration registers the Admin screen ONLY under a strict isAdmin === true","invocations":1,"location":null,"numPassingAsserts":2,"retryReasons":[],"status":"passed","title":"registers the Admin screen ONLY under a strict isAdmin === true"},{"ancestorTitles":["the Admin tab registration"],"duration":1,"failureDetails":[],"failureMessages":[],"fullName":"the Admin tab registration has exactly one registration site for the Admin screen","invocations":1,"location":null,"numPassingAsserts":1,"retryReasons":[],"status":"passed","title":"has exactly one registration site for the Admin screen"}],"endTime":1788590476957,"message":"","name":"/Users/skypie/AccessMap-codex/p03a-backend-foundation-20260903/src/lib/__tests__/admin.test.tsx","startTime":1788590476318,"status":"passed","summary":""},{"assertionResults":[{"ancestorTitles":["Phase03A genuine TAP acceptance"],"duration":282,"failureDetails":[],"failureMessages":[],"fullName":"Phase03A genuine TAP acceptance accepts an executed exact nonzero plan","invocations":1,"location":null,"numPassingAsserts":1,"retryReasons":[],"status":"passed","title":"accepts an executed exact nonzero plan"},{"ancestorTitles":["Phase03A genuine TAP acceptance"],"duration":55,"failureDetails":[],"failureMessages":[],"fullName":"Phase03A genuine TAP acceptance rejects failed assertion rather than claiming database proof","invocations":1,"location":null,"numPassingAsserts":1,"retryReasons":[],"status":"passed","title":"rejects failed assertion rather than claiming database proof"},{"ancestorTitles":["Phase03A genuine TAP acceptance"],"duration":53,"failureDetails":[],"failureMessages":[],"fullName":"Phase03A genuine TAP acceptance rejects missing plan rather than claiming database proof","invocations":1,"location":null,"numPassingAsserts":1,"retryReasons":[],"status":"passed","title":"rejects missing plan rather than claiming database proof"},{"ancestorTitles":["Phase03A genuine TAP acceptance"],"duration":53,"failureDetails":[],"failureMessages":[],"fullName":"Phase03A genuine TAP acceptance rejects count mismatch rather than claiming database proof","invocations":1,"location":null,"numPassingAsserts":1,"retryReasons":[],"status":"passed","title":"rejects count mismatch rather than claiming database proof"},{"ancestorTitles":["Phase03A genuine TAP acceptance"],"duration":53,"failureDetails":[],"failureMessages":[],"fullName":"Phase03A genuine TAP acceptance rejects wrong expected plan rather than claiming database proof","invocations":1,"location":null,"numPassingAsserts":1,"retryReasons":[],"status":"passed","title":"rejects wrong expected plan rather than claiming database proof"},{"ancestorTitles":["Phase03A genuine TAP acceptance"],"duration":53,"failureDetails":[],"failureMessages":[],"fullName":"Phase03A genuine TAP acceptance rejects bailout after complete count rather than claiming database proof","invocations":1,"location":null,"numPassingAsserts":1,"retryReasons":[],"status":"passed","title":"rejects bailout after complete count rather than claiming database proof"},{"ancestorTitles":["Phase03A genuine TAP acceptance"],"duration":55,"failureDetails":[],"failureMessages":[],"fullName":"Phase03A genuine TAP acceptance rejects skip all rather than claiming database proof","invocations":1,"location":null,"numPassingAsserts":1,"retryReasons":[],"status":"passed","title":"rejects skip all rather than claiming database proof"},{"ancestorTitles":["Phase03A genuine TAP acceptance"],"duration":60,"failureDetails":[],"failureMessages":[],"fullName":"Phase03A genuine TAP acceptance rejects skipped assertion rather than claiming database proof","invocations":1,"location":null,"numPassingAsserts":1,"retryReasons":[],"status":"passed","title":"rejects skipped assertion rather than claiming database proof"},{"ancestorTitles":["Phase03A genuine TAP acceptance"],"duration":58,"failureDetails":[],"failureMessages":[],"fullName":"Phase03A genuine TAP acceptance rejects TODO assertion rather than claiming database proof","invocations":1,"location":null,"numPassingAsserts":1,"retryReasons":[],"status":"passed","title":"rejects TODO assertion rather than claiming database proof"}],"endTime":1788590477712,"message":"","name":"/Users/skypie/AccessMap-codex/p03a-backend-foundation-20260903/scripts/__tests__/phase03aReplay.test.ts","startTime":1788590476964,"status":"passed","summary":""},{"assertionResults":[{"ancestorTitles":["MAX_COMMENT_LENGTH"],"duration":1,"failureDetails":[],"failureMessages":[],"fullName":"MAX_COMMENT_LENGTH is 500","invocations":1,"location":null,"numPassingAsserts":1,"retryReasons":[],"status":"passed","title":"is 500"},{"ancestorTitles":["MAX_COMMENTS"],"duration":0,"failureDetails":[],"failureMessages":[],"fullName":"MAX_COMMENTS is 200","invocations":1,"location":null,"numPassingAsserts":1,"retryReasons":[],"status":"passed","title":"is 200"},{"ancestorTitles":["listComments"],"duration":1,"failureDetails":[],"failureMessages":[],"fullName":"listComments returns an empty array when there are no comments","invocations":1,"location":null,"numPassingAsserts":3,"retryReasons":[],"status":"passed","title":"returns an empty array when there are no comments"},{"ancestorTitles":["listComments"],"duration":0,"failureDetails":[],"failureMessages":[],"fullName":"listComments filters by flag_id and orders by created_at (newest first)","invocations":1,"location":null,"numPassingAsserts":2,"retryReasons":[],"status":"passed","title":"filters by flag_id and orders by created_at (newest first)"},{"ancestorTitles":["listComments"],"duration":0,"failureDetails":[],"failureMessages":[],"fullName":"listComments caps the fetch at MAX_COMMENTS (200) rows","invocations":1,"location":null,"numPassingAsserts":2,"retryReasons":[],"status":"passed","title":"caps the fetch at MAX_COMMENTS (200) rows"},{"ancestorTitles":["listComments"],"duration":1,"failureDetails":[],"failureMessages":[],"fullName":"listComments hydrates another author through the comment-scoped public projection","invocations":1,"location":null,"numPassingAsserts":5,"retryReasons":[],"status":"passed","title":"hydrates another author through the comment-scoped public projection"},{"ancestorTitles":["listComments"],"duration":0,"failureDetails":[],"failureMessages":[],"fullName":"listComments preserves a null display name for a deleted author","invocations":1,"location":null,"numPassingAsserts":2,"retryReasons":[],"status":"passed","title":"preserves a null display name for a deleted author"},{"ancestorTitles":["listComments"],"duration":0,"failureDetails":[],"failureMessages":[],"fullName":"listComments throws CommentsTableNotReadyError on 42P01 error code","invocations":1,"location":null,"numPassingAsserts":1,"retryReasons":[],"status":"passed","title":"throws CommentsTableNotReadyError on 42P01 error code"},{"ancestorTitles":["listComments"],"duration":4,"failureDetails":[],"failureMessages":[],"fullName":"listComments throws a plain Error on other Supabase errors","invocations":1,"location":null,"numPassingAsserts":1,"retryReasons":[],"status":"passed","title":"throws a plain Error on other Supabase errors"},{"ancestorTitles":["addComment"],"duration":5,"failureDetails":[],"failureMessages":[],"fullName":"addComment rejects with an error when content is empty","invocations":1,"location":null,"numPassingAsserts":3,"retryReasons":[],"status":"passed","title":"rejects with an error when content is empty"},{"ancestorTitles":["addComment"],"duration":1,"failureDetails":[],"failureMessages":[],"fullName":"addComment rejects when content exceeds MAX_COMMENT_LENGTH","invocations":1,"location":null,"numPassingAsserts":2,"retryReasons":[],"status":"passed","title":"rejects when content exceeds MAX_COMMENT_LENGTH"},{"ancestorTitles":["addComment"],"duration":11,"failureDetails":[],"failureMessages":[],"fullName":"addComment inserts and returns the flattened comment on success","invocations":1,"location":null,"numPassingAsserts":5,"retryReasons":[],"status":"passed","title":"inserts and returns the flattened comment on success"},{"ancestorTitles":["addComment"],"duration":1,"failureDetails":[],"failureMessages":[],"fullName":"addComment trims whitespace before inserting","invocations":1,"location":null,"numPassingAsserts":1,"retryReasons":[],"status":"passed","title":"trims whitespace before inserting"},{"ancestorTitles":["addComment"],"duration":0,"failureDetails":[],"failureMessages":[],"fullName":"addComment accepts content exactly at MAX_COMMENT_LENGTH","invocations":1,"location":null,"numPassingAsserts":1,"retryReasons":[],"status":"passed","title":"accepts content exactly at MAX_COMMENT_LENGTH"},{"ancestorTitles":["deleteComment"],"duration":1,"failureDetails":[],"failureMessages":[],"fullName":"deleteComment calls delete().eq(id) and resolves on success","invocations":1,"location":null,"numPassingAsserts":3,"retryReasons":[],"status":"passed","title":"calls delete().eq(id) and resolves on success"},{"ancestorTitles":["deleteComment"],"duration":0,"failureDetails":[],"failureMessages":[],"fullName":"deleteComment throws on Supabase error","invocations":1,"location":null,"numPassingAsserts":1,"retryReasons":[],"status":"passed","title":"throws on Supabase error"},{"ancestorTitles":["B-7 — PGRST201 embed guard"],"duration":0,"failureDetails":[],"failureMessages":[],"fullName":"B-7 — PGRST201 embed guard COMMENT_SELECT names the direct FK, never a bare users( embed","invocations":1,"location":null,"numPassingAsserts":2,"retryReasons":[],"status":"passed","title":"COMMENT_SELECT names the direct FK, never a bare users( embed"},{"ancestorTitles":["B-7 — PGRST201 embed guard"],"duration":0,"failureDetails":[],"failureMessages":[],"fullName":"B-7 — PGRST201 embed guard listComments reads only comment columns, without a users embed","invocations":1,"location":null,"numPassingAsserts":2,"retryReasons":[],"status":"passed","title":"listComments reads only comment columns, without a users embed"},{"ancestorTitles":["B-7 — PGRST201 embed guard"],"duration":0,"failureDetails":[],"failureMessages":[],"fullName":"B-7 — PGRST201 embed guard addComment's own-author returning-clause retains the disambiguated embed","invocations":1,"location":null,"numPassingAsserts":1,"retryReasons":[],"status":"passed","title":"addComment's own-author returning-clause retains the disambiguated embed"},{"ancestorTitles":["B-7 — PGRST201 embed guard"],"duration":0,"failureDetails":[],"failureMessages":[],"fullName":"B-7 — PGRST201 embed guard a PGRST201 embed failure is NOT misread as a missing table","invocations":1,"location":null,"numPassingAsserts":1,"retryReasons":[],"status":"passed","title":"a PGRST201 embed failure is NOT misread as a missing table"},{"ancestorTitles":["B-7 — PGRST201 embed guard"],"duration":0,"failureDetails":[],"failureMessages":[],"fullName":"B-7 — PGRST201 embed guard a PGRST200 body containing \"does not exist\" is still not a missing table","invocations":1,"location":null,"numPassingAsserts":1,"retryReasons":[],"status":"passed","title":"a PGRST200 body containing \"does not exist\" is still not a missing table"},{"ancestorTitles":["B-7 — PGRST201 embed guard"],"duration":0,"failureDetails":[],"failureMessages":[],"fullName":"B-7 — PGRST201 embed guard a genuine 42P01 is still reported as a missing table","invocations":1,"location":null,"numPassingAsserts":1,"retryReasons":[],"status":"passed","title":"a genuine 42P01 is still reported as a missing table"},{"ancestorTitles":["fetchCommentsByIds"],"duration":0,"failureDetails":[],"failureMessages":[],"fullName":"fetchCommentsByIds returns [] and never touches the network for an empty id list","invocations":1,"location":null,"numPassingAsserts":3,"retryReasons":[],"status":"passed","title":"returns [] and never touches the network for an empty id list"},{"ancestorTitles":["fetchCommentsByIds"],"duration":0,"failureDetails":[],"failureMessages":[],"fullName":"fetchCommentsByIds hydrates display_name through the comment-scoped projection","invocations":1,"location":null,"numPassingAsserts":5,"retryReasons":[],"status":"passed","title":"hydrates display_name through the comment-scoped projection"},{"ancestorTitles":["fetchCommentsByIds"],"duration":0,"failureDetails":[],"failureMessages":[],"fullName":"fetchCommentsByIds a comment whose author account is gone flattens to a null display_name","invocations":1,"location":null,"numPassingAsserts":1,"retryReasons":[],"status":"passed","title":"a comment whose author account is gone flattens to a null display_name"},{"ancestorTitles":["fetchCommentsByIds"],"duration":0,"failureDetails":[],"failureMessages":[],"fullName":"fetchCommentsByIds ids with no surviving row are simply absent — not an error","invocations":1,"location":null,"numPassingAsserts":1,"retryReasons":[],"status":"passed","title":"ids with no surviving row are simply absent — not an error"},{"ancestorTitles":["fetchCommentsByIds"],"duration":1,"failureDetails":[],"failureMessages":[],"fullName":"fetchCommentsByIds asks about EVERY id when the list exceeds one chunk","invocations":1,"location":null,"numPassingAsserts":3,"retryReasons":[],"status":"passed","title":"asks about EVERY id when the list exceeds one chunk"},{"ancestorTitles":["fetchCommentsByIds"],"duration":0,"failureDetails":[],"failureMessages":[],"fullName":"fetchCommentsByIds concatenates rows across chunks","invocations":1,"location":null,"numPassingAsserts":3,"retryReasons":[],"status":"passed","title":"concatenates rows across chunks"},{"ancestorTitles":["fetchCommentsByIds"],"duration":0,"failureDetails":[],"failureMessages":[],"fullName":"fetchCommentsByIds surfaces a missing table as CommentsTableNotReadyError","invocations":1,"location":null,"numPassingAsserts":1,"retryReasons":[],"status":"passed","title":"surfaces a missing table as CommentsTableNotReadyError"},{"ancestorTitles":["fetchCommentsByIds"],"duration":0,"failureDetails":[],"failureMessages":[],"fullName":"fetchCommentsByIds surfaces any other error as a thrown Error","invocations":1,"location":null,"numPassingAsserts":1,"retryReasons":[],"status":"passed","title":"surfaces any other error as a thrown Error"},{"ancestorTitles":["comment author projection failures and bounds"],"duration":0,"failureDetails":[],"failureMessages":[],"fullName":"comment author projection failures and bounds surfaces profile RPC 42501 without querying users or calling the author anonymous","invocations":1,"location":null,"numPassingAsserts":3,"retryReasons":[],"status":"passed","title":"surfaces profile RPC 42501 without querying users or calling the author anonymous"},{"ancestorTitles":["comment author projection failures and bounds"],"duration":0,"failureDetails":[],"failureMessages":[],"fullName":"comment author projection failures and bounds surfaces profile RPC PGRST202 without querying users or calling the author anonymous","invocations":1,"location":null,"numPassingAsserts":3,"retryReasons":[],"status":"passed","title":"surfaces profile RPC PGRST202 without querying users or calling the author anonymous"},{"ancestorTitles":["comment author projection failures and bounds"],"duration":1,"failureDetails":[],"failureMessages":[],"fullName":"comment author projection failures and bounds rejects an incomplete comment projection: null","invocations":1,"location":null,"numPassingAsserts":1,"retryReasons":[],"status":"passed","title":"rejects an incomplete comment projection: null"},{"ancestorTitles":["comment author projection failures and bounds"],"duration":0,"failureDetails":[],"failureMessages":[],"fullName":"comment author projection failures and bounds rejects an incomplete comment projection: []","invocations":1,"location":null,"numPassingAsserts":1,"retryReasons":[],"status":"passed","title":"rejects an incomplete comment projection: []"},{"ancestorTitles":["comment author projection failures and bounds"],"duration":0,"failureDetails":[],"failureMessages":[],"fullName":"comment author projection failures and bounds rejects an incomplete comment projection: [[Object]]","invocations":1,"location":null,"numPassingAsserts":1,"retryReasons":[],"status":"passed","title":"rejects an incomplete comment projection: [[Object]]"},{"ancestorTitles":["comment author projection failures and bounds"],"duration":0,"failureDetails":[],"failureMessages":[],"fullName":"comment author projection failures and bounds keeps Unhide fetch failures distinct from missing comments","invocations":1,"location":null,"numPassingAsserts":1,"retryReasons":[],"status":"passed","title":"keeps Unhide fetch failures distinct from missing comments"},{"ancestorTitles":["comment author projection failures and bounds"],"duration":1,"failureDetails":[],"failureMessages":[],"fullName":"comment author projection failures and bounds hydrates the complete 200-comment page using comment IDs only","invocations":1,"location":null,"numPassingAsserts":3,"retryReasons":[],"status":"passed","title":"hydrates the complete 200-comment page using comment IDs only"}],"endTime":1788590477778,"message":"","name":"/Users/skypie/AccessMap-codex/p03a-backend-foundation-20260903/src/lib/__tests__/comments.test.ts","startTime":1788590477715,"status":"passed","summary":""},{"assertionResults":[{"ancestorTitles":["listFlags"],"duration":1,"failureDetails":[],"failureMessages":[],"fullName":"listFlags returns rows from the DB on success","invocations":1,"location":null,"numPassingAsserts":2,"retryReasons":[],"status":"passed","title":"returns rows from the DB on success"},{"ancestorTitles":["listFlags"],"duration":0,"failureDetails":[],"failureMessages":[],"fullName":"listFlags returns [] when data is null (Supabase null-data edge case)","invocations":1,"location":null,"numPassingAsserts":1,"retryReasons":[],"status":"passed","title":"returns [] when data is null (Supabase null-data edge case)"},{"ancestorTitles":["listFlags"],"duration":0,"failureDetails":[],"failureMessages":[],"fullName":"listFlags throws when Supabase returns an error","invocations":1,"location":null,"numPassingAsserts":1,"retryReasons":[],"status":"passed","title":"throws when Supabase returns an error"},{"ancestorTitles":["listFlags"],"duration":0,"failureDetails":[],"failureMessages":[],"fullName":"listFlags accepts a custom statuses array","invocations":1,"location":null,"numPassingAsserts":1,"retryReasons":[],"status":"passed","title":"accepts a custom statuses array"},{"ancestorTitles":["listFlagsByUser"],"duration":0,"failureDetails":[],"failureMessages":[],"fullName":"listFlagsByUser returns all rows belonging to the user","invocations":1,"location":null,"numPassingAsserts":2,"retryReasons":[],"status":"passed","title":"returns all rows belonging to the user"},{"ancestorTitles":["listFlagsByUser"],"duration":1,"failureDetails":[],"failureMessages":[],"fullName":"listFlagsByUser returns [] when the user has no flags","invocations":1,"location":null,"numPassingAsserts":1,"retryReasons":[],"status":"passed","title":"returns [] when the user has no flags"},{"ancestorTitles":["listFlagsByUser"],"duration":0,"failureDetails":[],"failureMessages":[],"fullName":"listFlagsByUser returns [] when data is null","invocations":1,"location":null,"numPassingAsserts":1,"retryReasons":[],"status":"passed","title":"returns [] when data is null"},{"ancestorTitles":["listFlagsByUser"],"duration":0,"failureDetails":[],"failureMessages":[],"fullName":"listFlagsByUser throws on Supabase error","invocations":1,"location":null,"numPassingAsserts":1,"retryReasons":[],"status":"passed","title":"throws on Supabase error"},{"ancestorTitles":["updateFlagStatus"],"duration":5,"failureDetails":[],"failureMessages":[],"fullName":"updateFlagStatus returns the updated row on success","invocations":1,"location":null,"numPassingAsserts":2,"retryReasons":[],"status":"passed","title":"returns the updated row on success"},{"ancestorTitles":["updateFlagStatus"],"duration":0,"failureDetails":[],"failureMessages":[],"fullName":"updateFlagStatus throws when Supabase returns an error","invocations":1,"location":null,"numPassingAsserts":1,"retryReasons":[],"status":"passed","title":"throws when Supabase returns an error"},{"ancestorTitles":["updateFlagStatus"],"duration":0,"failureDetails":[],"failureMessages":[],"fullName":"updateFlagStatus LOCKING (F53): throws FlagStatusConflictError when the CAS matches no row","invocations":1,"location":null,"numPassingAsserts":1,"retryReasons":[],"status":"passed","title":"LOCKING (F53): throws FlagStatusConflictError when the CAS matches no row"},{"ancestorTitles":["updateFlagStatus"],"duration":1,"failureDetails":[],"failureMessages":[],"fullName":"updateFlagStatus LOCKING (F53): the update is actually filtered by the expected current status","invocations":1,"location":null,"numPassingAsserts":4,"retryReasons":[],"status":"passed","title":"LOCKING (F53): the update is actually filtered by the expected current status"},{"ancestorTitles":["updateFlagStatus"],"duration":9,"failureDetails":[],"failureMessages":[],"fullName":"updateFlagStatus LOCKING (F53): throws the conflict for a deleted flag (no raw PGRST116)","invocations":1,"location":null,"numPassingAsserts":1,"retryReasons":[],"status":"passed","title":"LOCKING (F53): throws the conflict for a deleted flag (no raw PGRST116)"},{"ancestorTitles":["deleteFlag"],"duration":0,"failureDetails":[],"failureMessages":[],"fullName":"deleteFlag resolves without throwing on success","invocations":1,"location":null,"numPassingAsserts":2,"retryReasons":[],"status":"passed","title":"resolves without throwing on success"},{"ancestorTitles":["deleteFlag"],"duration":0,"failureDetails":[],"failureMessages":[],"fullName":"deleteFlag throws when Supabase returns an error","invocations":1,"location":null,"numPassingAsserts":1,"retryReasons":[],"status":"passed","title":"throws when Supabase returns an error"},{"ancestorTitles":["fetchFlagById"],"duration":0,"failureDetails":[],"failureMessages":[],"fullName":"fetchFlagById returns the flag row when found","invocations":1,"location":null,"numPassingAsserts":2,"retryReasons":[],"status":"passed","title":"returns the flag row when found"},{"ancestorTitles":["fetchFlagById"],"duration":0,"failureDetails":[],"failureMessages":[],"fullName":"fetchFlagById returns null when the flag does not exist (maybeSingle returns null data)","invocations":1,"location":null,"numPassingAsserts":1,"retryReasons":[],"status":"passed","title":"returns null when the flag does not exist (maybeSingle returns null data)"},{"ancestorTitles":["fetchFlagById"],"duration":0,"failureDetails":[],"failureMessages":[],"fullName":"fetchFlagById throws on a Supabase error","invocations":1,"location":null,"numPassingAsserts":1,"retryReasons":[],"status":"passed","title":"throws on a Supabase error"},{"ancestorTitles":["fetchFlagsByIds"],"duration":1,"failureDetails":[],"failureMessages":[],"fullName":"fetchFlagsByIds returns [] immediately for an empty ids array (no round-trip)","invocations":1,"location":null,"numPassingAsserts":2,"retryReasons":[],"status":"passed","title":"returns [] immediately for an empty ids array (no round-trip)"},{"ancestorTitles":["fetchFlagsByIds"],"duration":0,"failureDetails":[],"failureMessages":[],"fullName":"fetchFlagsByIds returns matching rows for a non-empty ids array","invocations":1,"location":null,"numPassingAsserts":1,"retryReasons":[],"status":"passed","title":"returns matching rows for a non-empty ids array"},{"ancestorTitles":["fetchFlagsByIds"],"duration":0,"failureDetails":[],"failureMessages":[],"fullName":"fetchFlagsByIds returns [] when data is null","invocations":1,"location":null,"numPassingAsserts":1,"retryReasons":[],"status":"passed","title":"returns [] when data is null"},{"ancestorTitles":["fetchFlagsByIds"],"duration":0,"failureDetails":[],"failureMessages":[],"fullName":"fetchFlagsByIds throws on Supabase error","invocations":1,"location":null,"numPassingAsserts":1,"retryReasons":[],"status":"passed","title":"throws on Supabase error"},{"ancestorTitles":["listRecentFlags"],"duration":0,"failureDetails":[],"failureMessages":[],"fullName":"listRecentFlags returns rows newest-first","invocations":1,"location":null,"numPassingAsserts":1,"retryReasons":[],"status":"passed","title":"returns rows newest-first"},{"ancestorTitles":["listRecentFlags"],"duration":0,"failureDetails":[],"failureMessages":[],"fullName":"listRecentFlags returns [] when data is null","invocations":1,"location":null,"numPassingAsserts":1,"retryReasons":[],"status":"passed","title":"returns [] when data is null"},{"ancestorTitles":["listRecentFlags"],"duration":0,"failureDetails":[],"failureMessages":[],"fullName":"listRecentFlags throws on Supabase error","invocations":1,"location":null,"numPassingAsserts":1,"retryReasons":[],"status":"passed","title":"throws on Supabase error"},{"ancestorTitles":["listRecentFlags"],"duration":0,"failureDetails":[],"failureMessages":[],"fullName":"listRecentFlags accepts a custom limit argument","invocations":1,"location":null,"numPassingAsserts":1,"retryReasons":[],"status":"passed","title":"accepts a custom limit argument"},{"ancestorTitles":["listLeaderboard"],"duration":0,"failureDetails":[],"failureMessages":[],"fullName":"listLeaderboard returns the top users sorted by points descending","invocations":1,"location":null,"numPassingAsserts":5,"retryReasons":[],"status":"passed","title":"returns the top users sorted by points descending"},{"ancestorTitles":["listLeaderboard"],"duration":1,"failureDetails":[],"failureMessages":[],"fullName":"listLeaderboard returns [] when data is null","invocations":1,"location":null,"numPassingAsserts":1,"retryReasons":[],"status":"passed","title":"returns [] when data is null"},{"ancestorTitles":["listLeaderboard"],"duration":0,"failureDetails":[],"failureMessages":[],"fullName":"listLeaderboard throws on Supabase error","invocations":1,"location":null,"numPassingAsserts":2,"retryReasons":[],"status":"passed","title":"throws on Supabase error"},{"ancestorTitles":["listLeaderboard"],"duration":0,"failureDetails":[],"failureMessages":[],"fullName":"listLeaderboard accepts a custom limit","invocations":1,"location":null,"numPassingAsserts":2,"retryReasons":[],"status":"passed","title":"accepts a custom limit"},{"ancestorTitles":["listLeaderboard"],"duration":0,"failureDetails":[],"failureMessages":[],"fullName":"listLeaderboard keeps only the four public fields in its result","invocations":1,"location":null,"numPassingAsserts":1,"retryReasons":[],"status":"passed","title":"keeps only the four public fields in its result"},{"ancestorTitles":["listLeaderboard"],"duration":0,"failureDetails":[],"failureMessages":[],"fullName":"listLeaderboard does not fall back to users when the public projection is absent","invocations":1,"location":null,"numPassingAsserts":2,"retryReasons":[],"status":"passed","title":"does not fall back to users when the public projection is absent"},{"ancestorTitles":["getUserLeaderboardRank"],"duration":0,"failureDetails":[],"failureMessages":[],"fullName":"getUserLeaderboardRank returns only the caller rank and points without sending a user identifier","invocations":1,"location":null,"numPassingAsserts":3,"retryReasons":[],"status":"passed","title":"returns only the caller rank and points without sending a user identifier"},{"ancestorTitles":["getUserLeaderboardRank"],"duration":0,"failureDetails":[],"failureMessages":[],"fullName":"getUserLeaderboardRank surfaces 42501 without fabricating a rank or querying users","invocations":1,"location":null,"numPassingAsserts":2,"retryReasons":[],"status":"passed","title":"surfaces 42501 without fabricating a rank or querying users"},{"ancestorTitles":["getUserLeaderboardRank"],"duration":0,"failureDetails":[],"failureMessages":[],"fullName":"getUserLeaderboardRank surfaces PGRST202 without fabricating a rank or querying users","invocations":1,"location":null,"numPassingAsserts":2,"retryReasons":[],"status":"passed","title":"surfaces PGRST202 without fabricating a rank or querying users"},{"ancestorTitles":["getUserLeaderboardRank"],"duration":0,"failureDetails":[],"failureMessages":[],"fullName":"getUserLeaderboardRank refuses a missing caller result instead of claiming first place","invocations":1,"location":null,"numPassingAsserts":1,"retryReasons":[],"status":"passed","title":"refuses a missing caller result instead of claiming first place"},{"ancestorTitles":["requestFlagReopen"],"duration":0,"failureDetails":[],"failureMessages":[],"fullName":"requestFlagReopen returns the new count on success","invocations":1,"location":null,"numPassingAsserts":2,"retryReasons":[],"status":"passed","title":"returns the new count on success"},{"ancestorTitles":["requestFlagReopen"],"duration":0,"failureDetails":[],"failureMessages":[],"fullName":"requestFlagReopen returns 0 when the server discarded the vote (flag no longer resolved)","invocations":1,"location":null,"numPassingAsserts":1,"retryReasons":[],"status":"passed","title":"returns 0 when the server discarded the vote (flag no longer resolved)"},{"ancestorTitles":["requestFlagReopen"],"duration":0,"failureDetails":[],"failureMessages":[],"fullName":"requestFlagReopen returns null ONLY for function-missing errors (migration absent)","invocations":1,"location":null,"numPassingAsserts":2,"retryReasons":[],"status":"passed","title":"returns null ONLY for function-missing errors (migration absent)"},{"ancestorTitles":["requestFlagReopen"],"duration":0,"failureDetails":[],"failureMessages":[],"fullName":"requestFlagReopen LOCKING (F38): throws on network/RLS/any other RPC error","invocations":1,"location":null,"numPassingAsserts":2,"retryReasons":[],"status":"passed","title":"LOCKING (F38): throws on network/RLS/any other RPC error"}],"endTime":1788590477833,"message":"","name":"/Users/skypie/AccessMap-codex/p03a-backend-foundation-20260903/src/lib/__tests__/flags.supabase.test.ts","startTime":1788590477781,"status":"passed","summary":""}],"wasInterrupted":false}
