{"numFailedTestSuites":0,"numFailedTests":0,"numPassedTestSuites":1,"numPassedTests":9,"numPendingTestSuites":0,"numPendingTests":0,"numRuntimeErrorTestSuites":0,"numTodoTests":0,"numTotalTestSuites":1,"numTotalTests":9,"openHandles":[],"snapshot":{"added":0,"didUpdate":false,"failure":false,"filesAdded":0,"filesRemoved":0,"filesRemovedList":[],"filesUnmatched":0,"filesUpdated":0,"matched":0,"total":0,"unchecked":0,"uncheckedKeysByFile":[],"unmatched":0,"updated":0},"startTime":1788596049304,"success":true,"testResults":[{"assertionResults":[{"ancestorTitles":["Phase03A genuine TAP acceptance"],"duration":371,"failureDetails":[],"failureMessages":[],"fullName":"Phase03A genuine TAP acceptance accepts an executed exact nonzero plan","invocations":1,"location":null,"numPassingAsserts":1,"retryReasons":[],"status":"passed","title":"accepts an executed exact nonzero plan"},{"ancestorTitles":["Phase03A genuine TAP acceptance"],"duration":64,"failureDetails":[],"failureMessages":[],"fullName":"Phase03A genuine TAP acceptance rejects failed assertion rather than claiming database proof","invocations":1,"location":null,"numPassingAsserts":1,"retryReasons":[],"status":"passed","title":"rejects failed assertion rather than claiming database proof"},{"ancestorTitles":["Phase03A genuine TAP acceptance"],"duration":72,"failureDetails":[],"failureMessages":[],"fullName":"Phase03A genuine TAP acceptance rejects missing plan rather than claiming database proof","invocations":1,"location":null,"numPassingAsserts":1,"retryReasons":[],"status":"passed","title":"rejects missing plan rather than claiming database proof"},{"ancestorTitles":["Phase03A genuine TAP acceptance"],"duration":65,"failureDetails":[],"failureMessages":[],"fullName":"Phase03A genuine TAP acceptance rejects count mismatch rather than claiming database proof","invocations":1,"location":null,"numPassingAsserts":1,"retryReasons":[],"status":"passed","title":"rejects count mismatch rather than claiming database proof"},{"ancestorTitles":["Phase03A genuine TAP acceptance"],"duration":67,"failureDetails":[],"failureMessages":[],"fullName":"Phase03A genuine TAP acceptance rejects wrong expected plan rather than claiming database proof","invocations":1,"location":null,"numPassingAsserts":1,"retryReasons":[],"status":"passed","title":"rejects wrong expected plan rather than claiming database proof"},{"ancestorTitles":["Phase03A genuine TAP acceptance"],"duration":63,"failureDetails":[],"failureMessages":[],"fullName":"Phase03A genuine TAP acceptance rejects bailout after complete count rather than claiming database proof","invocations":1,"location":null,"numPassingAsserts":1,"retryReasons":[],"status":"passed","title":"rejects bailout after complete count rather than claiming database proof"},{"ancestorTitles":["Phase03A genuine TAP acceptance"],"duration":60,"failureDetails":[],"failureMessages":[],"fullName":"Phase03A genuine TAP acceptance rejects skip all rather than claiming database proof","invocations":1,"location":null,"numPassingAsserts":1,"retryReasons":[],"status":"passed","title":"rejects skip all rather than claiming database proof"},{"ancestorTitles":["Phase03A genuine TAP acceptance"],"duration":60,"failureDetails":[],"failureMessages":[],"fullName":"Phase03A genuine TAP acceptance rejects skipped assertion rather than claiming database proof","invocations":1,"location":null,"numPassingAsserts":1,"retryReasons":[],"status":"passed","title":"rejects skipped assertion rather than claiming database proof"},{"ancestorTitles":["Phase03A genuine TAP acceptance"],"duration":59,"failureDetails":[],"failureMessages":[],"fullName":"Phase03A genuine TAP acceptance rejects TODO assertion rather than claiming database proof","invocations":1,"location":null,"numPassingAsserts":1,"retryReasons":[],"status":"passed","title":"rejects TODO assertion rather than claiming database proof"}],"endTime":1788596051259,"message":"","name":"/Users/skypie/AccessMap-codex/p03a-backend-foundation-20260903/scripts/__tests__/phase03aReplay.test.ts","startTime":1788596049650,"status":"passed","summary":""}],"wasInterrupted":false}
