{"/Users/skypie/AccessMap/src/components/AchievementsModal.tsx": {"path":"/Users/skypie/AccessMap/src/components/AchievementsModal.tsx","statementMap":{"0":{"start":{"line":31,"column":60},"end":{"line":36,"column":1}},"1":{"start":{"line":38,"column":46},"end":{"line":43,"column":1}},"2":{"start":{"line":51,"column":18},"end":{"line":61,"column":20}},"3":{"start":{"line":52,"column":16},"end":{"line":52,"column":61}},"4":{"start":{"line":53,"column":4},"end":{"line":53,"column":55}},"5":{"start":{"line":53,"column":38},"end":{"line":53,"column":55}},"6":{"start":{"line":54,"column":4},"end":{"line":56,"column":5}},"7":{"start":{"line":55,"column":6},"end":{"line":55,"column":35}},"8":{"start":{"line":57,"column":4},"end":{"line":60,"column":42}},"9":{"start":{"line":57,"column":40},"end":{"line":60,"column":5}},"10":{"start":{"line":60,"column":22},"end":{"line":60,"column":40}},"11":{"start":{"line":63,"column":22},"end":{"line":63,"column":65}},"12":{"start":{"line":63,"column":49},"end":{"line":63,"column":57}},"13":{"start":{"line":65,"column":2},"end":{"line":120,"column":4}},"14":{"start":{"line":105,"column":14},"end":{"line":114,"column":21}},"15":{"start":{"line":111,"column":20},"end":{"line":111,"column":65}},"16":{"start":{"line":124,"column":20},"end":{"line":124,"column":75}},"17":{"start":{"line":126,"column":4},"end":{"line":129,"column":53}},"18":{"start":{"line":131,"column":2},"end":{"line":160,"column":4}},"19":{"start":{"line":163,"column":15},"end":{"line":245,"column":2}}},"fnMap":{"0":{"name":"AchievementsModal","decl":{"start":{"line":45,"column":24},"end":{"line":45,"column":41}},"loc":{"start":{"line":49,"column":10},"end":{"line":121,"column":1}},"line":49},"1":{"name":"(anonymous_1)","decl":{"start":{"line":51,"column":26},"end":{"line":51,"column":27}},"loc":{"start":{"line":51,"column":32},"end":{"line":61,"column":3}},"line":51},"2":{"name":"(anonymous_2)","decl":{"start":{"line":57,"column":30},"end":{"line":57,"column":31}},"loc":{"start":{"line":57,"column":40},"end":{"line":60,"column":5}},"line":57},"3":{"name":"(anonymous_3)","decl":{"start":{"line":60,"column":15},"end":{"line":60,"column":16}},"loc":{"start":{"line":60,"column":22},"end":{"line":60,"column":40}},"line":60},"4":{"name":"(anonymous_4)","decl":{"start":{"line":63,"column":42},"end":{"line":63,"column":43}},"loc":{"start":{"line":63,"column":49},"end":{"line":63,"column":57}},"line":63},"5":{"name":"(anonymous_5)","decl":{"start":{"line":104,"column":25},"end":{"line":104,"column":26}},"loc":{"start":{"line":105,"column":14},"end":{"line":114,"column":21}},"line":105},"6":{"name":"(anonymous_6)","decl":{"start":{"line":110,"column":29},"end":{"line":110,"column":30}},"loc":{"start":{"line":111,"column":20},"end":{"line":111,"column":65}},"line":111},"7":{"name":"AchievementRow","decl":{"start":{"line":123,"column":9},"end":{"line":123,"column":23}},"loc":{"start":{"line":123,"column":74},"end":{"line":161,"column":1}},"line":123}},"branchMap":{"0":{"loc":{"start":{"line":59,"column":13},"end":{"line":59,"column":31}},"type":"binary-expr","locations":[{"start":{"line":59,"column":13},"end":{"line":59,"column":25}},{"start":{"line":59,"column":29},"end":{"line":59,"column":31}}],"line":59},"1":{"loc":{"start":{"line":124,"column":20},"end":{"line":124,"column":75}},"type":"cond-expr","locations":[{"start":{"line":124,"column":31},"end":{"line":124,"column":39}},{"start":{"line":124,"column":42},"end":{"line":124,"column":75}}],"line":124},"2":{"loc":{"start":{"line":127,"column":5},"end":{"line":129,"column":52}},"type":"cond-expr","locations":[{"start":{"line":128,"column":8},"end":{"line":128,"column":17}},{"start":{"line":129,"column":8},"end":{"line":129,"column":52}}],"line":127},"3":{"loc":{"start":{"line":133,"column":26},"end":{"line":133,"column":55}},"type":"binary-expr","locations":[{"start":{"line":133,"column":26},"end":{"line":133,"column":35}},{"start":{"line":133,"column":39},"end":{"line":133,"column":55}}],"line":133},"4":{"loc":{"start":{"line":141,"column":39},"end":{"line":141,"column":99}},"type":"cond-expr","locations":[{"start":{"line":141,"column":50},"end":{"line":141,"column":73}},{"start":{"line":141,"column":76},"end":{"line":141,"column":99}}],"line":141},"5":{"loc":{"start":{"line":143,"column":31},"end":{"line":143,"column":61}},"type":"binary-expr","locations":[{"start":{"line":143,"column":31},"end":{"line":143,"column":40}},{"start":{"line":143,"column":44},"end":{"line":143,"column":61}}],"line":143},"6":{"loc":{"start":{"line":154,"column":38},"end":{"line":154,"column":96}},"type":"cond-expr","locations":[{"start":{"line":154,"column":49},"end":{"line":154,"column":71}},{"start":{"line":154,"column":74},"end":{"line":154,"column":96}}],"line":154},"7":{"loc":{"start":{"line":155,"column":40},"end":{"line":155,"column":98}},"type":"cond-expr","locations":[{"start":{"line":155,"column":51},"end":{"line":155,"column":73}},{"start":{"line":155,"column":76},"end":{"line":155,"column":98}}],"line":155}},"s":{"0":0,"1":0,"2":0,"3":0,"4":0,"5":0,"6":0,"7":0,"8":0,"9":0,"10":0,"11":0,"12":0,"13":0,"14":0,"15":0,"16":0,"17":0,"18":0,"19":0},"f":{"0":0,"1":0,"2":0,"3":0,"4":0,"5":0,"6":0,"7":0},"b":{"0":[0,0],"1":[0,0],"2":[0,0],"3":[0,0],"4":[0,0],"5":[0,0],"6":[0,0],"7":[0,0]}}
,"/Users/skypie/AccessMap/src/components/ActivityFeedModal.tsx": {"path":"/Users/skypie/AccessMap/src/components/ActivityFeedModal.tsx","statementMap":{"0":{"start":{"line":59,"column":19},"end":{"line":59,"column":28}},"1":{"start":{"line":60,"column":28},"end":{"line":60,"column":51}},"2":{"start":{"line":61,"column":38},"end":{"line":61,"column":70}},"3":{"start":{"line":62,"column":32},"end":{"line":62,"column":47}},"4":{"start":{"line":63,"column":36},"end":{"line":63,"column":65}},"5":{"start":{"line":64,"column":30},"end":{"line":64,"column":57}},"6":{"start":{"line":66,"column":21},"end":{"line":66,"column":33}},"7":{"start":{"line":67,"column":2},"end":{"line":72,"column":9}},"8":{"start":{"line":68,"column":4},"end":{"line":68,"column":30}},"9":{"start":{"line":69,"column":4},"end":{"line":71,"column":6}},"10":{"start":{"line":70,"column":6},"end":{"line":70,"column":33}},"11":{"start":{"line":74,"column":15},"end":{"line":104,"column":12}},"12":{"start":{"line":75,"column":4},"end":{"line":78,"column":5}},"13":{"start":{"line":76,"column":6},"end":{"line":76,"column":23}},"14":{"start":{"line":77,"column":6},"end":{"line":77,"column":25}},"15":{"start":{"line":79,"column":4},"end":{"line":103,"column":5}},"16":{"start":{"line":83,"column":6},"end":{"line":89,"column":7}},"17":{"start":{"line":84,"column":8},"end":{"line":87,"column":9}},"18":{"start":{"line":85,"column":10},"end":{"line":85,"column":23}},"19":{"start":{"line":86,"column":10},"end":{"line":86,"column":35}},"20":{"start":{"line":88,"column":8},"end":{"line":88,"column":15}},"21":{"start":{"line":90,"column":30},"end":{"line":93,"column":8}},"22":{"start":{"line":94,"column":6},"end":{"line":94,"column":38}},"23":{"start":{"line":94,"column":31},"end":{"line":94,"column":38}},"24":{"start":{"line":95,"column":6},"end":{"line":95,"column":21}},"25":{"start":{"line":96,"column":6},"end":{"line":96,"column":38}},"26":{"start":{"line":98,"column":6},"end":{"line":100,"column":7}},"27":{"start":{"line":99,"column":8},"end":{"line":99,"column":73}},"28":{"start":{"line":102,"column":6},"end":{"line":102,"column":48}},"29":{"start":{"line":102,"column":30},"end":{"line":102,"column":48}},"30":{"start":{"line":107,"column":2},"end":{"line":109,"column":22}},"31":{"start":{"line":108,"column":4},"end":{"line":108,"column":24}},"32":{"start":{"line":108,"column":17},"end":{"line":108,"column":24}},"33":{"start":{"line":115,"column":2},"end":{"line":117,"column":21}},"34":{"start":{"line":116,"column":4},"end":{"line":116,"column":52}},"35":{"start":{"line":116,"column":35},"end":{"line":116,"column":52}},"36":{"start":{"line":120,"column":24},"end":{"line":130,"column":39}},"37":{"start":{"line":121,"column":4},"end":{"line":124,"column":5}},"38":{"start":{"line":122,"column":6},"end":{"line":122,"column":27}},"39":{"start":{"line":122,"column":17},"end":{"line":122,"column":27}},"40":{"start":{"line":123,"column":6},"end":{"line":123,"column":56}},"41":{"start":{"line":123,"column":33},"end":{"line":123,"column":54}},"42":{"start":{"line":125,"column":4},"end":{"line":128,"column":5}},"43":{"start":{"line":126,"column":6},"end":{"line":126,"column":43}},"44":{"start":{"line":126,"column":33},"end":{"line":126,"column":43}},"45":{"start":{"line":127,"column":6},"end":{"line":127,"column":55}},"46":{"start":{"line":127,"column":33},"end":{"line":127,"column":53}},"47":{"start":{"line":129,"column":4},"end":{"line":129,"column":17}},"48":{"start":{"line":133,"column":19},"end":{"line":136,"column":3}},"49":{"start":{"line":134,"column":10},"end":{"line":134,"column":56}},"50":{"start":{"line":134,"column":43},"end":{"line":134,"column":55}},"51":{"start":{"line":138,"column":21},"end":{"line":210,"column":3}},"52":{"start":{"line":139,"column":26},"end":{"line":139,"column":52}},"53":{"start":{"line":141,"column":6},"end":{"line":143,"column":55}},"54":{"start":{"line":145,"column":4},"end":{"line":209,"column":6}},"55":{"start":{"line":147,"column":23},"end":{"line":147,"column":41}},"56":{"start":{"line":148,"column":32},"end":{"line":148,"column":74}},"57":{"start":{"line":176,"column":29},"end":{"line":176,"column":46}},"58":{"start":{"line":178,"column":38},"end":{"line":181,"column":15}},"59":{"start":{"line":212,"column":67},"end":{"line":216,"column":3}},"60":{"start":{"line":218,"column":2},"end":{"line":341,"column":4}},"61":{"start":{"line":247,"column":29},"end":{"line":247,"column":54}},"62":{"start":{"line":249,"column":31},"end":{"line":249,"column":47}},"63":{"start":{"line":250,"column":16},"end":{"line":268,"column":18}},"64":{"start":{"line":253,"column":35},"end":{"line":253,"column":51}},"65":{"start":{"line":294,"column":35},"end":{"line":294,"column":39}},"66":{"start":{"line":301,"column":16},"end":{"line":306,"column":23}},"67":{"start":{"line":344,"column":15},"end":{"line":497,"column":2}}},"fnMap":{"0":{"name":"ActivityFeedModal","decl":{"start":{"line":53,"column":24},"end":{"line":53,"column":41}},"loc":{"start":{"line":58,"column":10},"end":{"line":342,"column":1}},"line":58},"1":{"name":"(anonymous_1)","decl":{"start":{"line":67,"column":12},"end":{"line":67,"column":13}},"loc":{"start":{"line":67,"column":18},"end":{"line":72,"column":3}},"line":67},"2":{"name":"(anonymous_2)","decl":{"start":{"line":69,"column":11},"end":{"line":69,"column":12}},"loc":{"start":{"line":69,"column":17},"end":{"line":71,"column":5}},"line":69},"3":{"name":"(anonymous_3)","decl":{"start":{"line":74,"column":27},"end":{"line":74,"column":28}},"loc":{"start":{"line":74,"column":39},"end":{"line":104,"column":3}},"line":74},"4":{"name":"(anonymous_4)","decl":{"start":{"line":107,"column":12},"end":{"line":107,"column":13}},"loc":{"start":{"line":107,"column":18},"end":{"line":109,"column":3}},"line":107},"5":{"name":"(anonymous_5)","decl":{"start":{"line":115,"column":12},"end":{"line":115,"column":13}},"loc":{"start":{"line":115,"column":18},"end":{"line":117,"column":3}},"line":115},"6":{"name":"(anonymous_6)","decl":{"start":{"line":120,"column":32},"end":{"line":120,"column":33}},"loc":{"start":{"line":120,"column":38},"end":{"line":130,"column":3}},"line":120},"7":{"name":"(anonymous_7)","decl":{"start":{"line":123,"column":26},"end":{"line":123,"column":27}},"loc":{"start":{"line":123,"column":33},"end":{"line":123,"column":54}},"line":123},"8":{"name":"(anonymous_8)","decl":{"start":{"line":127,"column":26},"end":{"line":127,"column":27}},"loc":{"start":{"line":127,"column":33},"end":{"line":127,"column":53}},"line":127},"9":{"name":"(anonymous_9)","decl":{"start":{"line":134,"column":4},"end":{"line":134,"column":5}},"loc":{"start":{"line":134,"column":10},"end":{"line":134,"column":56}},"line":134},"10":{"name":"(anonymous_10)","decl":{"start":{"line":134,"column":36},"end":{"line":134,"column":37}},"loc":{"start":{"line":134,"column":43},"end":{"line":134,"column":55}},"line":134},"11":{"name":"(anonymous_11)","decl":{"start":{"line":138,"column":21},"end":{"line":138,"column":22}},"loc":{"start":{"line":138,"column":54},"end":{"line":210,"column":3}},"line":138},"12":{"name":"(anonymous_12)","decl":{"start":{"line":147,"column":17},"end":{"line":147,"column":18}},"loc":{"start":{"line":147,"column":23},"end":{"line":147,"column":41}},"line":147},"13":{"name":"(anonymous_13)","decl":{"start":{"line":148,"column":15},"end":{"line":148,"column":16}},"loc":{"start":{"line":148,"column":32},"end":{"line":148,"column":74}},"line":148},"14":{"name":"(anonymous_14)","decl":{"start":{"line":176,"column":23},"end":{"line":176,"column":24}},"loc":{"start":{"line":176,"column":29},"end":{"line":176,"column":46}},"line":176},"15":{"name":"(anonymous_15)","decl":{"start":{"line":178,"column":21},"end":{"line":178,"column":22}},"loc":{"start":{"line":178,"column":38},"end":{"line":181,"column":15}},"line":178},"16":{"name":"(anonymous_16)","decl":{"start":{"line":247,"column":22},"end":{"line":247,"column":23}},"loc":{"start":{"line":247,"column":29},"end":{"line":247,"column":54}},"line":247},"17":{"name":"(anonymous_17)","decl":{"start":{"line":248,"column":19},"end":{"line":248,"column":20}},"loc":{"start":{"line":248,"column":41},"end":{"line":269,"column":15}},"line":248},"18":{"name":"(anonymous_18)","decl":{"start":{"line":253,"column":29},"end":{"line":253,"column":30}},"loc":{"start":{"line":253,"column":35},"end":{"line":253,"column":51}},"line":253},"19":{"name":"(anonymous_19)","decl":{"start":{"line":294,"column":28},"end":{"line":294,"column":29}},"loc":{"start":{"line":294,"column":35},"end":{"line":294,"column":39}},"line":294},"20":{"name":"(anonymous_20)","decl":{"start":{"line":300,"column":35},"end":{"line":300,"column":36}},"loc":{"start":{"line":301,"column":16},"end":{"line":306,"column":23}},"line":301}},"branchMap":{"0":{"loc":{"start":{"line":75,"column":4},"end":{"line":78,"column":5}},"type":"if","locations":[{"start":{"line":75,"column":4},"end":{"line":78,"column":5}},{"start":{},"end":{}}],"line":75},"1":{"loc":{"start":{"line":83,"column":6},"end":{"line":89,"column":7}},"type":"if","locations":[{"start":{"line":83,"column":6},"end":{"line":89,"column":7}},{"start":{},"end":{}}],"line":83},"2":{"loc":{"start":{"line":84,"column":8},"end":{"line":87,"column":9}},"type":"if","locations":[{"start":{"line":84,"column":8},"end":{"line":87,"column":9}},{"start":{},"end":{}}],"line":84},"3":{"loc":{"start":{"line":94,"column":6},"end":{"line":94,"column":38}},"type":"if","locations":[{"start":{"line":94,"column":6},"end":{"line":94,"column":38}},{"start":{},"end":{}}],"line":94},"4":{"loc":{"start":{"line":98,"column":6},"end":{"line":100,"column":7}},"type":"if","locations":[{"start":{"line":98,"column":6},"end":{"line":100,"column":7}},{"start":{},"end":{}}],"line":98},"5":{"loc":{"start":{"line":102,"column":6},"end":{"line":102,"column":48}},"type":"if","locations":[{"start":{"line":102,"column":6},"end":{"line":102,"column":48}},{"start":{},"end":{}}],"line":102},"6":{"loc":{"start":{"line":108,"column":4},"end":{"line":108,"column":24}},"type":"if","locations":[{"start":{"line":108,"column":4},"end":{"line":108,"column":24}},{"start":{},"end":{}}],"line":108},"7":{"loc":{"start":{"line":116,"column":4},"end":{"line":116,"column":52}},"type":"if","locations":[{"start":{"line":116,"column":4},"end":{"line":116,"column":52}},{"start":{},"end":{}}],"line":116},"8":{"loc":{"start":{"line":116,"column":8},"end":{"line":116,"column":33}},"type":"binary-expr","locations":[{"start":{"line":116,"column":8},"end":{"line":116,"column":13}},{"start":{"line":116,"column":17},"end":{"line":116,"column":33}}],"line":116},"9":{"loc":{"start":{"line":121,"column":4},"end":{"line":124,"column":5}},"type":"if","locations":[{"start":{"line":121,"column":4},"end":{"line":124,"column":5}},{"start":{},"end":{}}],"line":121},"10":{"loc":{"start":{"line":122,"column":6},"end":{"line":122,"column":27}},"type":"if","locations":[{"start":{"line":122,"column":6},"end":{"line":122,"column":27}},{"start":{},"end":{}}],"line":122},"11":{"loc":{"start":{"line":125,"column":4},"end":{"line":128,"column":5}},"type":"if","locations":[{"start":{"line":125,"column":4},"end":{"line":128,"column":5}},{"start":{},"end":{}}],"line":125},"12":{"loc":{"start":{"line":126,"column":6},"end":{"line":126,"column":43}},"type":"if","locations":[{"start":{"line":126,"column":6},"end":{"line":126,"column":43}},{"start":{},"end":{}}],"line":126},"13":{"loc":{"start":{"line":143,"column":7},"end":{"line":143,"column":54}},"type":"cond-expr","locations":[{"start":{"line":143,"column":26},"end":{"line":143,"column":49}},{"start":{"line":143,"column":52},"end":{"line":143,"column":54}}],"line":143},"14":{"loc":{"start":{"line":148,"column":45},"end":{"line":148,"column":73}},"type":"binary-expr","locations":[{"start":{"line":148,"column":45},"end":{"line":148,"column":52}},{"start":{"line":148,"column":56},"end":{"line":148,"column":73}}],"line":148},"15":{"loc":{"start":{"line":174,"column":11},"end":{"line":188,"column":11}},"type":"binary-expr","locations":[{"start":{"line":174,"column":11},"end":{"line":174,"column":22}},{"start":{"line":175,"column":12},"end":{"line":187,"column":24}}],"line":174},"16":{"loc":{"start":{"line":180,"column":16},"end":{"line":180,"column":53}},"type":"binary-expr","locations":[{"start":{"line":180,"column":16},"end":{"line":180,"column":23}},{"start":{"line":180,"column":27},"end":{"line":180,"column":53}}],"line":180},"17":{"loc":{"start":{"line":191,"column":11},"end":{"line":198,"column":18}},"type":"cond-expr","locations":[{"start":{"line":192,"column":12},"end":{"line":197,"column":14}},{"start":{"line":198,"column":14},"end":{"line":198,"column":18}}],"line":191},"18":{"loc":{"start":{"line":200,"column":13},"end":{"line":204,"column":20}},"type":"cond-expr","locations":[{"start":{"line":201,"column":14},"end":{"line":203,"column":21}},{"start":{"line":204,"column":16},"end":{"line":204,"column":20}}],"line":200},"19":{"loc":{"start":{"line":247,"column":29},"end":{"line":247,"column":54}},"type":"binary-expr","locations":[{"start":{"line":247,"column":29},"end":{"line":247,"column":46}},{"start":{"line":247,"column":50},"end":{"line":247,"column":54}}],"line":247},"20":{"loc":{"start":{"line":254,"column":47},"end":{"line":254,"column":80}},"type":"binary-expr","locations":[{"start":{"line":254,"column":47},"end":{"line":254,"column":53}},{"start":{"line":254,"column":57},"end":{"line":254,"column":80}}],"line":254},"21":{"loc":{"start":{"line":262,"column":24},"end":{"line":262,"column":61}},"type":"binary-expr","locations":[{"start":{"line":262,"column":24},"end":{"line":262,"column":30}},{"start":{"line":262,"column":34},"end":{"line":262,"column":61}}],"line":262},"22":{"loc":{"start":{"line":272,"column":11},"end":{"line":284,"column":18}},"type":"cond-expr","locations":[{"start":{"line":273,"column":12},"end":{"line":283,"column":19}},{"start":{"line":284,"column":14},"end":{"line":284,"column":18}}],"line":272},"23":{"loc":{"start":{"line":286,"column":11},"end":{"line":337,"column":11}},"type":"cond-expr","locations":[{"start":{"line":287,"column":12},"end":{"line":290,"column":19}},{"start":{"line":292,"column":12},"end":{"line":336,"column":14}}],"line":286},"24":{"loc":{"start":{"line":286,"column":11},"end":{"line":286,"column":54}},"type":"binary-expr","locations":[{"start":{"line":286,"column":11},"end":{"line":286,"column":18}},{"start":{"line":286,"column":22},"end":{"line":286,"column":40}},{"start":{"line":286,"column":44},"end":{"line":286,"column":54}}],"line":286},"25":{"loc":{"start":{"line":298,"column":16},"end":{"line":298,"column":67}},"type":"cond-expr","locations":[{"start":{"line":298,"column":40},"end":{"line":298,"column":53}},{"start":{"line":298,"column":56},"end":{"line":298,"column":67}}],"line":298},"26":{"loc":{"start":{"line":304,"column":35},"end":{"line":304,"column":71}},"type":"cond-expr","locations":[{"start":{"line":304,"column":55},"end":{"line":304,"column":61}},{"start":{"line":304,"column":64},"end":{"line":304,"column":71}}],"line":304},"27":{"loc":{"start":{"line":312,"column":16},"end":{"line":314,"column":111}},"type":"cond-expr","locations":[{"start":{"line":313,"column":20},"end":{"line":313,"column":44}},{"start":{"line":314,"column":20},"end":{"line":314,"column":111}}],"line":312},"28":{"loc":{"start":{"line":314,"column":64},"end":{"line":314,"column":109}},"type":"cond-expr","locations":[{"start":{"line":314,"column":93},"end":{"line":314,"column":99}},{"start":{"line":314,"column":102},"end":{"line":314,"column":109}}],"line":314},"29":{"loc":{"start":{"line":317,"column":16},"end":{"line":334,"column":17}},"type":"cond-expr","locations":[{"start":{"line":317,"column":28},"end":{"line":317,"column":32}},{"start":{"line":318,"column":18},"end":{"line":333,"column":25}}],"line":317},"30":{"loc":{"start":{"line":320,"column":23},"end":{"line":324,"column":48}},"type":"cond-expr","locations":[{"start":{"line":321,"column":26},"end":{"line":321,"column":54}},{"start":{"line":322,"column":26},"end":{"line":324,"column":48}}],"line":320},"31":{"loc":{"start":{"line":322,"column":26},"end":{"line":324,"column":48}},"type":"cond-expr","locations":[{"start":{"line":323,"column":28},"end":{"line":323,"column":70}},{"start":{"line":324,"column":28},"end":{"line":324,"column":48}}],"line":322},"32":{"loc":{"start":{"line":327,"column":23},"end":{"line":331,"column":121}},"type":"cond-expr","locations":[{"start":{"line":328,"column":26},"end":{"line":328,"column":79}},{"start":{"line":329,"column":26},"end":{"line":331,"column":121}}],"line":327},"33":{"loc":{"start":{"line":329,"column":26},"end":{"line":331,"column":121}},"type":"cond-expr","locations":[{"start":{"line":330,"column":28},"end":{"line":330,"column":70}},{"start":{"line":331,"column":28},"end":{"line":331,"column":121}}],"line":329}},"s":{"0":0,"1":0,"2":0,"3":0,"4":0,"5":0,"6":0,"7":0,"8":0,"9":0,"10":0,"11":0,"12":0,"13":0,"14":0,"15":0,"16":0,"17":0,"18":0,"19":0,"20":0,"21":0,"22":0,"23":0,"24":0,"25":0,"26":0,"27":0,"28":0,"29":0,"30":0,"31":0,"32":0,"33":0,"34":0,"35":0,"36":0,"37":0,"38":0,"39":0,"40":0,"41":0,"42":0,"43":0,"44":0,"45":0,"46":0,"47":0,"48":0,"49":0,"50":0,"51":0,"52":0,"53":0,"54":0,"55":0,"56":0,"57":0,"58":0,"59":0,"60":0,"61":0,"62":0,"63":0,"64":0,"65":0,"66":0,"67":0},"f":{"0":0,"1":0,"2":0,"3":0,"4":0,"5":0,"6":0,"7":0,"8":0,"9":0,"10":0,"11":0,"12":0,"13":0,"14":0,"15":0,"16":0,"17":0,"18":0,"19":0,"20":0},"b":{"0":[0,0],"1":[0,0],"2":[0,0],"3":[0,0],"4":[0,0],"5":[0,0],"6":[0,0],"7":[0,0],"8":[0,0],"9":[0,0],"10":[0,0],"11":[0,0],"12":[0,0],"13":[0,0],"14":[0,0],"15":[0,0],"16":[0,0],"17":[0,0],"18":[0,0],"19":[0,0],"20":[0,0],"21":[0,0],"22":[0,0],"23":[0,0],"24":[0,0,0],"25":[0,0],"26":[0,0],"27":[0,0],"28":[0,0],"29":[0,0],"30":[0,0],"31":[0,0],"32":[0,0],"33":[0,0]}}
,"/Users/skypie/AccessMap/src/components/AddressSearchModal.tsx": {"path":"/Users/skypie/AccessMap/src/components/AddressSearchModal.tsx","statementMap":{"0":{"start":{"line":32,"column":20},"end":{"line":32,"column":23}},"1":{"start":{"line":51,"column":28},"end":{"line":51,"column":40}},"2":{"start":{"line":52,"column":32},"end":{"line":52,"column":61}},"3":{"start":{"line":53,"column":32},"end":{"line":53,"column":47}},"4":{"start":{"line":54,"column":34},"end":{"line":54,"column":49}},"5":{"start":{"line":58,"column":32},"end":{"line":58,"column":61}},"6":{"start":{"line":63,"column":19},"end":{"line":63,"column":55}},"7":{"start":{"line":67,"column":2},"end":{"line":92,"column":23}},"8":{"start":{"line":68,"column":4},"end":{"line":68,"column":25}},"9":{"start":{"line":68,"column":18},"end":{"line":68,"column":25}},"10":{"start":{"line":69,"column":20},"end":{"line":69,"column":32}},"11":{"start":{"line":70,"column":4},"end":{"line":75,"column":5}},"12":{"start":{"line":71,"column":6},"end":{"line":71,"column":21}},"13":{"start":{"line":72,"column":6},"end":{"line":72,"column":24}},"14":{"start":{"line":73,"column":6},"end":{"line":73,"column":25}},"15":{"start":{"line":74,"column":6},"end":{"line":74,"column":13}},"16":{"start":{"line":76,"column":4},"end":{"line":76,"column":21}},"17":{"start":{"line":77,"column":4},"end":{"line":77,"column":23}},"18":{"start":{"line":78,"column":18},"end":{"line":88,"column":19}},"19":{"start":{"line":79,"column":6},"end":{"line":79,"column":32}},"20":{"start":{"line":80,"column":25},"end":{"line":80,"column":46}},"21":{"start":{"line":81,"column":6},"end":{"line":81,"column":36}},"22":{"start":{"line":82,"column":20},"end":{"line":82,"column":67}},"23":{"start":{"line":84,"column":6},"end":{"line":84,"column":44}},"24":{"start":{"line":84,"column":37},"end":{"line":84,"column":44}},"25":{"start":{"line":85,"column":6},"end":{"line":85,"column":24}},"26":{"start":{"line":86,"column":6},"end":{"line":86,"column":24}},"27":{"start":{"line":87,"column":6},"end":{"line":87,"column":24}},"28":{"start":{"line":89,"column":4},"end":{"line":91,"column":6}},"29":{"start":{"line":90,"column":6},"end":{"line":90,"column":26}},"30":{"start":{"line":96,"column":2},"end":{"line":104,"column":16}},"31":{"start":{"line":97,"column":4},"end":{"line":103,"column":5}},"32":{"start":{"line":98,"column":6},"end":{"line":98,"column":32}},"33":{"start":{"line":99,"column":6},"end":{"line":99,"column":19}},"34":{"start":{"line":100,"column":6},"end":{"line":100,"column":21}},"35":{"start":{"line":101,"column":6},"end":{"line":101,"column":24}},"36":{"start":{"line":102,"column":6},"end":{"line":102,"column":25}},"37":{"start":{"line":109,"column":2},"end":{"line":119,"column":16}},"38":{"start":{"line":110,"column":4},"end":{"line":110,"column":25}},"39":{"start":{"line":110,"column":18},"end":{"line":110,"column":25}},"40":{"start":{"line":111,"column":20},"end":{"line":111,"column":25}},"41":{"start":{"line":112,"column":4},"end":{"line":115,"column":9}},"42":{"start":{"line":113,"column":21},"end":{"line":113,"column":40}},"43":{"start":{"line":114,"column":6},"end":{"line":114,"column":41}},"44":{"start":{"line":114,"column":22},"end":{"line":114,"column":41}},"45":{"start":{"line":116,"column":4},"end":{"line":118,"column":6}},"46":{"start":{"line":117,"column":6},"end":{"line":117,"column":23}},"47":{"start":{"line":121,"column":21},"end":{"line":135,"column":3}},"48":{"start":{"line":125,"column":17},"end":{"line":130,"column":6}},"49":{"start":{"line":131,"column":4},"end":{"line":131,"column":21}},"50":{"start":{"line":132,"column":4},"end":{"line":132,"column":27}},"51":{"start":{"line":133,"column":4},"end":{"line":133,"column":21}},"52":{"start":{"line":134,"column":4},"end":{"line":134,"column":14}},"53":{"start":{"line":141,"column":27},"end":{"line":155,"column":3}},"54":{"start":{"line":142,"column":15},"end":{"line":142,"column":54}},"55":{"start":{"line":145,"column":17},"end":{"line":145,"column":42}},"56":{"start":{"line":146,"column":4},"end":{"line":146,"column":21}},"57":{"start":{"line":147,"column":4},"end":{"line":147,"column":27}},"58":{"start":{"line":148,"column":4},"end":{"line":153,"column":7}},"59":{"start":{"line":154,"column":4},"end":{"line":154,"column":14}},"60":{"start":{"line":157,"column":29},"end":{"line":160,"column":3}},"61":{"start":{"line":158,"column":4},"end":{"line":158,"column":19}},"62":{"start":{"line":159,"column":4},"end":{"line":159,"column":25}},"63":{"start":{"line":165,"column":22},"end":{"line":165,"column":80}},"64":{"start":{"line":167,"column":2},"end":{"line":338,"column":4}},"65":{"start":{"line":229,"column":16},"end":{"line":260,"column":28}},"66":{"start":{"line":233,"column":33},"end":{"line":233,"column":56}},"67":{"start":{"line":234,"column":42},"end":{"line":237,"column":19}},"68":{"start":{"line":294,"column":35},"end":{"line":294,"column":39}},"69":{"start":{"line":298,"column":16},"end":{"line":331,"column":28}},"70":{"start":{"line":299,"column":33},"end":{"line":299,"column":49}},"71":{"start":{"line":300,"column":42},"end":{"line":303,"column":19}},"72":{"start":{"line":341,"column":15},"end":{"line":524,"column":2}}},"fnMap":{"0":{"name":"AddressSearchModal","decl":{"start":{"line":46,"column":24},"end":{"line":46,"column":42}},"loc":{"start":{"line":50,"column":10},"end":{"line":339,"column":1}},"line":50},"1":{"name":"(anonymous_1)","decl":{"start":{"line":67,"column":12},"end":{"line":67,"column":13}},"loc":{"start":{"line":67,"column":18},"end":{"line":92,"column":3}},"line":67},"2":{"name":"(anonymous_2)","decl":{"start":{"line":78,"column":29},"end":{"line":78,"column":30}},"loc":{"start":{"line":78,"column":41},"end":{"line":88,"column":5}},"line":78},"3":{"name":"(anonymous_3)","decl":{"start":{"line":89,"column":11},"end":{"line":89,"column":12}},"loc":{"start":{"line":89,"column":17},"end":{"line":91,"column":5}},"line":89},"4":{"name":"(anonymous_4)","decl":{"start":{"line":96,"column":12},"end":{"line":96,"column":13}},"loc":{"start":{"line":96,"column":18},"end":{"line":104,"column":3}},"line":96},"5":{"name":"(anonymous_5)","decl":{"start":{"line":109,"column":12},"end":{"line":109,"column":13}},"loc":{"start":{"line":109,"column":18},"end":{"line":119,"column":3}},"line":109},"6":{"name":"(anonymous_6)","decl":{"start":{"line":112,"column":5},"end":{"line":112,"column":6}},"loc":{"start":{"line":112,"column":17},"end":{"line":115,"column":5}},"line":112},"7":{"name":"(anonymous_7)","decl":{"start":{"line":116,"column":11},"end":{"line":116,"column":12}},"loc":{"start":{"line":116,"column":17},"end":{"line":118,"column":5}},"line":116},"8":{"name":"(anonymous_8)","decl":{"start":{"line":121,"column":21},"end":{"line":121,"column":22}},"loc":{"start":{"line":121,"column":48},"end":{"line":135,"column":3}},"line":121},"9":{"name":"(anonymous_9)","decl":{"start":{"line":141,"column":27},"end":{"line":141,"column":28}},"loc":{"start":{"line":141,"column":53},"end":{"line":155,"column":3}},"line":141},"10":{"name":"(anonymous_10)","decl":{"start":{"line":157,"column":29},"end":{"line":157,"column":30}},"loc":{"start":{"line":157,"column":41},"end":{"line":160,"column":3}},"line":157},"11":{"name":"(anonymous_11)","decl":{"start":{"line":228,"column":27},"end":{"line":228,"column":28}},"loc":{"start":{"line":229,"column":16},"end":{"line":260,"column":28}},"line":229},"12":{"name":"(anonymous_12)","decl":{"start":{"line":233,"column":27},"end":{"line":233,"column":28}},"loc":{"start":{"line":233,"column":33},"end":{"line":233,"column":56}},"line":233},"13":{"name":"(anonymous_13)","decl":{"start":{"line":234,"column":25},"end":{"line":234,"column":26}},"loc":{"start":{"line":234,"column":42},"end":{"line":237,"column":19}},"line":234},"14":{"name":"(anonymous_14)","decl":{"start":{"line":294,"column":28},"end":{"line":294,"column":29}},"loc":{"start":{"line":294,"column":35},"end":{"line":294,"column":39}},"line":294},"15":{"name":"(anonymous_15)","decl":{"start":{"line":297,"column":26},"end":{"line":297,"column":27}},"loc":{"start":{"line":298,"column":16},"end":{"line":331,"column":28}},"line":298},"16":{"name":"(anonymous_16)","decl":{"start":{"line":299,"column":27},"end":{"line":299,"column":28}},"loc":{"start":{"line":299,"column":33},"end":{"line":299,"column":49}},"line":299},"17":{"name":"(anonymous_17)","decl":{"start":{"line":300,"column":25},"end":{"line":300,"column":26}},"loc":{"start":{"line":300,"column":42},"end":{"line":303,"column":19}},"line":300}},"branchMap":{"0":{"loc":{"start":{"line":68,"column":4},"end":{"line":68,"column":25}},"type":"if","locations":[{"start":{"line":68,"column":4},"end":{"line":68,"column":25}},{"start":{},"end":{}}],"line":68},"1":{"loc":{"start":{"line":70,"column":4},"end":{"line":75,"column":5}},"type":"if","locations":[{"start":{"line":70,"column":4},"end":{"line":75,"column":5}},{"start":{},"end":{}}],"line":70},"2":{"loc":{"start":{"line":84,"column":6},"end":{"line":84,"column":44}},"type":"if","locations":[{"start":{"line":84,"column":6},"end":{"line":84,"column":44}},{"start":{},"end":{}}],"line":84},"3":{"loc":{"start":{"line":97,"column":4},"end":{"line":103,"column":5}},"type":"if","locations":[{"start":{"line":97,"column":4},"end":{"line":103,"column":5}},{"start":{},"end":{}}],"line":97},"4":{"loc":{"start":{"line":110,"column":4},"end":{"line":110,"column":25}},"type":"if","locations":[{"start":{"line":110,"column":4},"end":{"line":110,"column":25}},{"start":{},"end":{}}],"line":110},"5":{"loc":{"start":{"line":114,"column":6},"end":{"line":114,"column":41}},"type":"if","locations":[{"start":{"line":114,"column":6},"end":{"line":114,"column":41}},{"start":{},"end":{}}],"line":114},"6":{"loc":{"start":{"line":142,"column":15},"end":{"line":142,"column":54}},"type":"binary-expr","locations":[{"start":{"line":142,"column":15},"end":{"line":142,"column":23}},{"start":{"line":142,"column":27},"end":{"line":142,"column":54}}],"line":142},"7":{"loc":{"start":{"line":165,"column":22},"end":{"line":165,"column":80}},"type":"binary-expr","locations":[{"start":{"line":165,"column":22},"end":{"line":165,"column":29}},{"start":{"line":165,"column":33},"end":{"line":165,"column":58}},{"start":{"line":165,"column":62},"end":{"line":165,"column":80}}],"line":165},"8":{"loc":{"start":{"line":209,"column":11},"end":{"line":263,"column":11}},"type":"binary-expr","locations":[{"start":{"line":209,"column":11},"end":{"line":209,"column":22}},{"start":{"line":210,"column":12},"end":{"line":262,"column":19}}],"line":209},"9":{"loc":{"start":{"line":236,"column":20},"end":{"line":236,"column":54}},"type":"binary-expr","locations":[{"start":{"line":236,"column":20},"end":{"line":236,"column":27}},{"start":{"line":236,"column":31},"end":{"line":236,"column":54}}],"line":236},"10":{"loc":{"start":{"line":265,"column":11},"end":{"line":270,"column":11}},"type":"binary-expr","locations":[{"start":{"line":265,"column":11},"end":{"line":265,"column":18}},{"start":{"line":266,"column":12},"end":{"line":269,"column":19}}],"line":265},"11":{"loc":{"start":{"line":272,"column":11},"end":{"line":289,"column":11}},"type":"binary-expr","locations":[{"start":{"line":272,"column":11},"end":{"line":272,"column":19}},{"start":{"line":272,"column":23},"end":{"line":272,"column":31}},{"start":{"line":272,"column":35},"end":{"line":272,"column":55}},{"start":{"line":273,"column":12},"end":{"line":288,"column":19}}],"line":272},"12":{"loc":{"start":{"line":291,"column":11},"end":{"line":334,"column":11}},"type":"binary-expr","locations":[{"start":{"line":291,"column":11},"end":{"line":291,"column":19}},{"start":{"line":291,"column":23},"end":{"line":291,"column":41}},{"start":{"line":292,"column":12},"end":{"line":333,"column":14}}],"line":291},"13":{"loc":{"start":{"line":302,"column":20},"end":{"line":302,"column":54}},"type":"binary-expr","locations":[{"start":{"line":302,"column":20},"end":{"line":302,"column":27}},{"start":{"line":302,"column":31},"end":{"line":302,"column":54}}],"line":302}},"s":{"0":0,"1":0,"2":0,"3":0,"4":0,"5":0,"6":0,"7":0,"8":0,"9":0,"10":0,"11":0,"12":0,"13":0,"14":0,"15":0,"16":0,"17":0,"18":0,"19":0,"20":0,"21":0,"22":0,"23":0,"24":0,"25":0,"26":0,"27":0,"28":0,"29":0,"30":0,"31":0,"32":0,"33":0,"34":0,"35":0,"36":0,"37":0,"38":0,"39":0,"40":0,"41":0,"42":0,"43":0,"44":0,"45":0,"46":0,"47":0,"48":0,"49":0,"50":0,"51":0,"52":0,"53":0,"54":0,"55":0,"56":0,"57":0,"58":0,"59":0,"60":0,"61":0,"62":0,"63":0,"64":0,"65":0,"66":0,"67":0,"68":0,"69":0,"70":0,"71":0,"72":0},"f":{"0":0,"1":0,"2":0,"3":0,"4":0,"5":0,"6":0,"7":0,"8":0,"9":0,"10":0,"11":0,"12":0,"13":0,"14":0,"15":0,"16":0,"17":0},"b":{"0":[0,0],"1":[0,0],"2":[0,0],"3":[0,0],"4":[0,0],"5":[0,0],"6":[0,0],"7":[0,0,0],"8":[0,0],"9":[0,0],"10":[0,0],"11":[0,0,0,0],"12":[0,0,0],"13":[0,0]}}
,"/Users/skypie/AccessMap/src/components/ChangelogModal.tsx": {"path":"/Users/skypie/AccessMap/src/components/ChangelogModal.tsx","statementMap":{"0":{"start":{"line":30,"column":32},"end":{"line":50,"column":1}},"1":{"start":{"line":67,"column":18},"end":{"line":67,"column":62}},"2":{"start":{"line":67,"column":32},"end":{"line":67,"column":57}},"3":{"start":{"line":68,"column":34},"end":{"line":68,"column":76}},"4":{"start":{"line":70,"column":2},"end":{"line":72,"column":16}},"5":{"start":{"line":71,"column":4},"end":{"line":71,"column":56}},"6":{"start":{"line":71,"column":17},"end":{"line":71,"column":56}},"7":{"start":{"line":74,"column":2},"end":{"line":154,"column":4}},"8":{"start":{"line":104,"column":26},"end":{"line":104,"column":48}},"9":{"start":{"line":105,"column":29},"end":{"line":105,"column":51}},"10":{"start":{"line":106,"column":32},"end":{"line":106,"column":52}},"11":{"start":{"line":107,"column":14},"end":{"line":148,"column":16}},"12":{"start":{"line":111,"column":22},"end":{"line":111,"column":74}},"13":{"start":{"line":111,"column":45},"end":{"line":111,"column":72}},"14":{"start":{"line":137,"column":22},"end":{"line":145,"column":29}},"15":{"start":{"line":157,"column":15},"end":{"line":260,"column":2}}},"fnMap":{"0":{"name":"ChangelogModal","decl":{"start":{"line":63,"column":24},"end":{"line":63,"column":38}},"loc":{"start":{"line":63,"column":68},"end":{"line":155,"column":1}},"line":63},"1":{"name":"(anonymous_1)","decl":{"start":{"line":67,"column":26},"end":{"line":67,"column":27}},"loc":{"start":{"line":67,"column":32},"end":{"line":67,"column":57}},"line":67},"2":{"name":"(anonymous_2)","decl":{"start":{"line":70,"column":12},"end":{"line":70,"column":13}},"loc":{"start":{"line":70,"column":18},"end":{"line":72,"column":3}},"line":70},"3":{"name":"(anonymous_3)","decl":{"start":{"line":103,"column":26},"end":{"line":103,"column":27}},"loc":{"start":{"line":103,"column":42},"end":{"line":149,"column":13}},"line":103},"4":{"name":"(anonymous_4)","decl":{"start":{"line":110,"column":29},"end":{"line":110,"column":30}},"loc":{"start":{"line":111,"column":22},"end":{"line":111,"column":74}},"line":111},"5":{"name":"(anonymous_5)","decl":{"start":{"line":111,"column":34},"end":{"line":111,"column":35}},"loc":{"start":{"line":111,"column":45},"end":{"line":111,"column":72}},"line":111},"6":{"name":"(anonymous_6)","decl":{"start":{"line":136,"column":38},"end":{"line":136,"column":39}},"loc":{"start":{"line":137,"column":22},"end":{"line":145,"column":29}},"line":137}},"branchMap":{"0":{"loc":{"start":{"line":71,"column":4},"end":{"line":71,"column":56}},"type":"if","locations":[{"start":{"line":71,"column":4},"end":{"line":71,"column":56}},{"start":{},"end":{}}],"line":71},"1":{"loc":{"start":{"line":105,"column":29},"end":{"line":105,"column":51}},"type":"binary-expr","locations":[{"start":{"line":105,"column":29},"end":{"line":105,"column":42}},{"start":{"line":105,"column":46},"end":{"line":105,"column":51}}],"line":105},"2":{"loc":{"start":{"line":117,"column":22},"end":{"line":117,"column":48}},"type":"cond-expr","locations":[{"start":{"line":117,"column":40},"end":{"line":117,"column":42}},{"start":{"line":117,"column":45},"end":{"line":117,"column":48}}],"line":117},"3":{"loc":{"start":{"line":120,"column":22},"end":{"line":120,"column":66}},"type":"cond-expr","locations":[{"start":{"line":120,"column":31},"end":{"line":120,"column":48}},{"start":{"line":120,"column":51},"end":{"line":120,"column":66}}],"line":120},"4":{"loc":{"start":{"line":132,"column":23},"end":{"line":132,"column":41}},"type":"cond-expr","locations":[{"start":{"line":132,"column":32},"end":{"line":132,"column":35}},{"start":{"line":132,"column":38},"end":{"line":132,"column":41}}],"line":132},"5":{"loc":{"start":{"line":135,"column":19},"end":{"line":146,"column":22}},"type":"binary-expr","locations":[{"start":{"line":135,"column":19},"end":{"line":135,"column":25}},{"start":{"line":136,"column":20},"end":{"line":146,"column":22}}],"line":135}},"s":{"0":0,"1":0,"2":0,"3":0,"4":0,"5":0,"6":0,"7":0,"8":0,"9":0,"10":0,"11":0,"12":0,"13":0,"14":0,"15":0},"f":{"0":0,"1":0,"2":0,"3":0,"4":0,"5":0,"6":0},"b":{"0":[0,0],"1":[0,0],"2":[0,0],"3":[0,0],"4":[0,0],"5":[0,0]}}
,"/Users/skypie/AccessMap/src/components/FeedbackModal.tsx": {"path":"/Users/skypie/AccessMap/src/components/FeedbackModal.tsx","statementMap":{"0":{"start":{"line":47,"column":19},"end":{"line":47,"column":28}},"1":{"start":{"line":48,"column":26},"end":{"line":48,"column":38}},"2":{"start":{"line":49,"column":32},"end":{"line":49,"column":44}},"3":{"start":{"line":53,"column":34},"end":{"line":53,"column":68}},"4":{"start":{"line":54,"column":32},"end":{"line":54,"column":47}},"5":{"start":{"line":59,"column":2},"end":{"line":63,"column":29}},"6":{"start":{"line":60,"column":4},"end":{"line":62,"column":5}},"7":{"start":{"line":61,"column":6},"end":{"line":61,"column":36}},"8":{"start":{"line":65,"column":21},"end":{"line":65,"column":33}},"9":{"start":{"line":66,"column":2},"end":{"line":71,"column":9}},"10":{"start":{"line":67,"column":4},"end":{"line":67,"column":30}},"11":{"start":{"line":68,"column":4},"end":{"line":70,"column":6}},"12":{"start":{"line":69,"column":6},"end":{"line":69,"column":33}},"13":{"start":{"line":73,"column":18},"end":{"line":73,"column":52}},"14":{"start":{"line":75,"column":21},"end":{"line":121,"column":3}},"15":{"start":{"line":76,"column":4},"end":{"line":76,"column":25}},"16":{"start":{"line":76,"column":18},"end":{"line":76,"column":25}},"17":{"start":{"line":77,"column":4},"end":{"line":77,"column":21}},"18":{"start":{"line":83,"column":26},"end":{"line":88,"column":6}},"19":{"start":{"line":90,"column":19},"end":{"line":94,"column":6}},"20":{"start":{"line":98,"column":4},"end":{"line":102,"column":7}},"21":{"start":{"line":99,"column":6},"end":{"line":101,"column":7}},"22":{"start":{"line":100,"column":8},"end":{"line":100,"column":68}},"23":{"start":{"line":104,"column":4},"end":{"line":104,"column":36}},"24":{"start":{"line":104,"column":29},"end":{"line":104,"column":36}},"25":{"start":{"line":105,"column":4},"end":{"line":105,"column":22}},"26":{"start":{"line":107,"column":4},"end":{"line":112,"column":5}},"27":{"start":{"line":108,"column":6},"end":{"line":108,"column":76}},"28":{"start":{"line":109,"column":6},"end":{"line":109,"column":18}},"29":{"start":{"line":110,"column":6},"end":{"line":110,"column":16}},"30":{"start":{"line":111,"column":6},"end":{"line":111,"column":13}},"31":{"start":{"line":113,"column":4},"end":{"line":119,"column":5}},"32":{"start":{"line":114,"column":6},"end":{"line":117,"column":8}},"33":{"start":{"line":118,"column":6},"end":{"line":118,"column":13}},"34":{"start":{"line":120,"column":4},"end":{"line":120,"column":55}},"35":{"start":{"line":123,"column":2},"end":{"line":269,"column":4}},"36":{"start":{"line":129,"column":8},"end":{"line":129,"column":32}},"37":{"start":{"line":129,"column":22},"end":{"line":129,"column":32}},"38":{"start":{"line":166,"column":31},"end":{"line":166,"column":45}},"39":{"start":{"line":167,"column":14},"end":{"line":198,"column":16}},"40":{"start":{"line":170,"column":33},"end":{"line":170,"column":47}},"41":{"start":{"line":272,"column":15},"end":{"line":401,"column":2}}},"fnMap":{"0":{"name":"FeedbackModal","decl":{"start":{"line":46,"column":24},"end":{"line":46,"column":37}},"loc":{"start":{"line":46,"column":67},"end":{"line":270,"column":1}},"line":46},"1":{"name":"(anonymous_1)","decl":{"start":{"line":59,"column":12},"end":{"line":59,"column":13}},"loc":{"start":{"line":59,"column":18},"end":{"line":63,"column":3}},"line":59},"2":{"name":"(anonymous_2)","decl":{"start":{"line":66,"column":12},"end":{"line":66,"column":13}},"loc":{"start":{"line":66,"column":18},"end":{"line":71,"column":3}},"line":66},"3":{"name":"(anonymous_3)","decl":{"start":{"line":68,"column":11},"end":{"line":68,"column":12}},"loc":{"start":{"line":68,"column":17},"end":{"line":70,"column":5}},"line":68},"4":{"name":"(anonymous_4)","decl":{"start":{"line":75,"column":21},"end":{"line":75,"column":22}},"loc":{"start":{"line":75,"column":33},"end":{"line":121,"column":3}},"line":75},"5":{"name":"(anonymous_5)","decl":{"start":{"line":98,"column":23},"end":{"line":98,"column":24}},"loc":{"start":{"line":98,"column":30},"end":{"line":102,"column":5}},"line":98},"6":{"name":"(anonymous_6)","decl":{"start":{"line":128,"column":22},"end":{"line":128,"column":23}},"loc":{"start":{"line":128,"column":28},"end":{"line":130,"column":7}},"line":128},"7":{"name":"(anonymous_7)","decl":{"start":{"line":165,"column":37},"end":{"line":165,"column":38}},"loc":{"start":{"line":165,"column":44},"end":{"line":199,"column":13}},"line":165},"8":{"name":"(anonymous_8)","decl":{"start":{"line":170,"column":27},"end":{"line":170,"column":28}},"loc":{"start":{"line":170,"column":33},"end":{"line":170,"column":47}},"line":170}},"branchMap":{"0":{"loc":{"start":{"line":60,"column":4},"end":{"line":62,"column":5}},"type":"if","locations":[{"start":{"line":60,"column":4},"end":{"line":62,"column":5}},{"start":{},"end":{}}],"line":60},"1":{"loc":{"start":{"line":61,"column":17},"end":{"line":61,"column":34}},"type":"binary-expr","locations":[{"start":{"line":61,"column":17},"end":{"line":61,"column":28}},{"start":{"line":61,"column":32},"end":{"line":61,"column":34}}],"line":61},"2":{"loc":{"start":{"line":73,"column":18},"end":{"line":73,"column":52}},"type":"binary-expr","locations":[{"start":{"line":73,"column":18},"end":{"line":73,"column":40}},{"start":{"line":73,"column":44},"end":{"line":73,"column":52}}],"line":73},"3":{"loc":{"start":{"line":76,"column":4},"end":{"line":76,"column":25}},"type":"if","locations":[{"start":{"line":76,"column":4},"end":{"line":76,"column":25}},{"start":{},"end":{}}],"line":76},"4":{"loc":{"start":{"line":86,"column":20},"end":{"line":86,"column":47}},"type":"binary-expr","locations":[{"start":{"line":86,"column":20},"end":{"line":86,"column":34}},{"start":{"line":86,"column":38},"end":{"line":86,"column":47}}],"line":86},"5":{"loc":{"start":{"line":92,"column":20},"end":{"line":92,"column":47}},"type":"binary-expr","locations":[{"start":{"line":92,"column":20},"end":{"line":92,"column":34}},{"start":{"line":92,"column":38},"end":{"line":92,"column":47}}],"line":92},"6":{"loc":{"start":{"line":99,"column":6},"end":{"line":101,"column":7}},"type":"if","locations":[{"start":{"line":99,"column":6},"end":{"line":101,"column":7}},{"start":{},"end":{}}],"line":99},"7":{"loc":{"start":{"line":104,"column":4},"end":{"line":104,"column":36}},"type":"if","locations":[{"start":{"line":104,"column":4},"end":{"line":104,"column":36}},{"start":{},"end":{}}],"line":104},"8":{"loc":{"start":{"line":107,"column":4},"end":{"line":112,"column":5}},"type":"if","locations":[{"start":{"line":107,"column":4},"end":{"line":112,"column":5}},{"start":{},"end":{}}],"line":107},"9":{"loc":{"start":{"line":113,"column":4},"end":{"line":119,"column":5}},"type":"if","locations":[{"start":{"line":113,"column":4},"end":{"line":119,"column":5}},{"start":{},"end":{}}],"line":113},"10":{"loc":{"start":{"line":129,"column":8},"end":{"line":129,"column":32}},"type":"if","locations":[{"start":{"line":129,"column":8},"end":{"line":129,"column":32}},{"start":{},"end":{}}],"line":129},"11":{"loc":{"start":{"line":174,"column":20},"end":{"line":174,"column":59}},"type":"binary-expr","locations":[{"start":{"line":174,"column":20},"end":{"line":174,"column":28}},{"start":{"line":174,"column":32},"end":{"line":174,"column":59}}],"line":174},"12":{"loc":{"start":{"line":192,"column":22},"end":{"line":192,"column":65}},"type":"binary-expr","locations":[{"start":{"line":192,"column":22},"end":{"line":192,"column":30}},{"start":{"line":192,"column":34},"end":{"line":192,"column":65}}],"line":192},"13":{"loc":{"start":{"line":249,"column":16},"end":{"line":249,"column":50}},"type":"binary-expr","locations":[{"start":{"line":249,"column":16},"end":{"line":249,"column":24}},{"start":{"line":249,"column":28},"end":{"line":249,"column":50}}],"line":249},"14":{"loc":{"start":{"line":259,"column":15},"end":{"line":263,"column":15}},"type":"cond-expr","locations":[{"start":{"line":260,"column":16},"end":{"line":260,"column":63}},{"start":{"line":262,"column":16},"end":{"line":262,"column":60}}],"line":259}},"s":{"0":0,"1":0,"2":0,"3":0,"4":0,"5":0,"6":0,"7":0,"8":0,"9":0,"10":0,"11":0,"12":0,"13":0,"14":0,"15":0,"16":0,"17":0,"18":0,"19":0,"20":0,"21":0,"22":0,"23":0,"24":0,"25":0,"26":0,"27":0,"28":0,"29":0,"30":0,"31":0,"32":0,"33":0,"34":0,"35":0,"36":0,"37":0,"38":0,"39":0,"40":0,"41":0},"f":{"0":0,"1":0,"2":0,"3":0,"4":0,"5":0,"6":0,"7":0,"8":0},"b":{"0":[0,0],"1":[0,0],"2":[0,0],"3":[0,0],"4":[0,0],"5":[0,0],"6":[0,0],"7":[0,0],"8":[0,0],"9":[0,0],"10":[0,0],"11":[0,0],"12":[0,0],"13":[0,0],"14":[0,0]}}
,"/Users/skypie/AccessMap/src/components/FilterPresetsModal.tsx": {"path":"/Users/skypie/AccessMap/src/components/FilterPresetsModal.tsx","statementMap":{"0":{"start":{"line":74,"column":24},"end":{"line":74,"column":26}},"1":{"start":{"line":80,"column":29},"end":{"line":86,"column":1}},"2":{"start":{"line":93,"column":19},"end":{"line":93,"column":28}},"3":{"start":{"line":95,"column":32},"end":{"line":95,"column":60}},"4":{"start":{"line":96,"column":32},"end":{"line":96,"column":47}},"5":{"start":{"line":97,"column":36},"end":{"line":97,"column":65}},"6":{"start":{"line":100,"column":30},"end":{"line":100,"column":45}},"7":{"start":{"line":101,"column":32},"end":{"line":101,"column":44}},"8":{"start":{"line":102,"column":30},"end":{"line":102,"column":45}},"9":{"start":{"line":106,"column":38},"end":{"line":106,"column":67}},"10":{"start":{"line":107,"column":40},"end":{"line":107,"column":52}},"11":{"start":{"line":109,"column":21},"end":{"line":109,"column":33}},"12":{"start":{"line":110,"column":2},"end":{"line":115,"column":9}},"13":{"start":{"line":111,"column":4},"end":{"line":111,"column":30}},"14":{"start":{"line":112,"column":4},"end":{"line":114,"column":6}},"15":{"start":{"line":113,"column":6},"end":{"line":113,"column":33}},"16":{"start":{"line":117,"column":15},"end":{"line":136,"column":12}},"17":{"start":{"line":118,"column":4},"end":{"line":121,"column":5}},"18":{"start":{"line":119,"column":6},"end":{"line":119,"column":21}},"19":{"start":{"line":120,"column":6},"end":{"line":120,"column":13}},"20":{"start":{"line":122,"column":4},"end":{"line":125,"column":5}},"21":{"start":{"line":123,"column":6},"end":{"line":123,"column":23}},"22":{"start":{"line":124,"column":6},"end":{"line":124,"column":25}},"23":{"start":{"line":126,"column":4},"end":{"line":135,"column":5}},"24":{"start":{"line":127,"column":19},"end":{"line":127,"column":45}},"25":{"start":{"line":128,"column":6},"end":{"line":128,"column":47}},"26":{"start":{"line":128,"column":30},"end":{"line":128,"column":47}},"27":{"start":{"line":130,"column":6},"end":{"line":132,"column":7}},"28":{"start":{"line":131,"column":8},"end":{"line":131,"column":72}},"29":{"start":{"line":134,"column":6},"end":{"line":134,"column":48}},"30":{"start":{"line":134,"column":30},"end":{"line":134,"column":48}},"31":{"start":{"line":140,"column":2},"end":{"line":148,"column":22}},"32":{"start":{"line":141,"column":4},"end":{"line":147,"column":5}},"33":{"start":{"line":142,"column":6},"end":{"line":142,"column":13}},"34":{"start":{"line":143,"column":6},"end":{"line":143,"column":23}},"35":{"start":{"line":144,"column":6},"end":{"line":144,"column":21}},"36":{"start":{"line":145,"column":6},"end":{"line":145,"column":26}},"37":{"start":{"line":146,"column":6},"end":{"line":146,"column":25}},"38":{"start":{"line":150,"column":23},"end":{"line":150,"column":59}},"39":{"start":{"line":152,"column":23},"end":{"line":177,"column":30}},"40":{"start":{"line":153,"column":4},"end":{"line":153,"column":22}},"41":{"start":{"line":153,"column":15},"end":{"line":153,"column":22}},"42":{"start":{"line":154,"column":20},"end":{"line":154,"column":34}},"43":{"start":{"line":155,"column":4},"end":{"line":155,"column":37}},"44":{"start":{"line":155,"column":30},"end":{"line":155,"column":37}},"45":{"start":{"line":156,"column":4},"end":{"line":156,"column":20}},"46":{"start":{"line":157,"column":4},"end":{"line":176,"column":5}},"47":{"start":{"line":158,"column":19},"end":{"line":163,"column":8}},"48":{"start":{"line":164,"column":6},"end":{"line":164,"column":39}},"49":{"start":{"line":165,"column":6},"end":{"line":165,"column":38}},"50":{"start":{"line":165,"column":31},"end":{"line":165,"column":38}},"51":{"start":{"line":166,"column":6},"end":{"line":166,"column":23}},"52":{"start":{"line":167,"column":6},"end":{"line":167,"column":23}},"53":{"start":{"line":168,"column":6},"end":{"line":168,"column":21}},"54":{"start":{"line":170,"column":6},"end":{"line":173,"column":8}},"55":{"start":{"line":175,"column":6},"end":{"line":175,"column":47}},"56":{"start":{"line":175,"column":30},"end":{"line":175,"column":47}},"57":{"start":{"line":179,"column":29},"end":{"line":201,"column":3}},"58":{"start":{"line":181,"column":6},"end":{"line":181,"column":24}},"59":{"start":{"line":181,"column":17},"end":{"line":181,"column":24}},"60":{"start":{"line":182,"column":22},"end":{"line":182,"column":40}},"61":{"start":{"line":183,"column":6},"end":{"line":183,"column":39}},"62":{"start":{"line":183,"column":32},"end":{"line":183,"column":39}},"63":{"start":{"line":184,"column":19},"end":{"line":184,"column":53}},"64":{"start":{"line":186,"column":6},"end":{"line":186,"column":23}},"65":{"start":{"line":187,"column":6},"end":{"line":187,"column":26}},"66":{"start":{"line":188,"column":6},"end":{"line":188,"column":25}},"67":{"start":{"line":189,"column":6},"end":{"line":198,"column":7}},"68":{"start":{"line":190,"column":8},"end":{"line":190,"column":41}},"69":{"start":{"line":193,"column":8},"end":{"line":193,"column":28}},"70":{"start":{"line":194,"column":8},"end":{"line":197,"column":10}},"71":{"start":{"line":203,"column":23},"end":{"line":230,"column":3}},"72":{"start":{"line":205,"column":6},"end":{"line":205,"column":24}},"73":{"start":{"line":205,"column":17},"end":{"line":205,"column":24}},"74":{"start":{"line":208,"column":17},"end":{"line":213,"column":7}},"75":{"start":{"line":214,"column":6},"end":{"line":214,"column":22}},"76":{"start":{"line":214,"column":15},"end":{"line":214,"column":22}},"77":{"start":{"line":216,"column":19},"end":{"line":216,"column":51}},"78":{"start":{"line":217,"column":6},"end":{"line":217,"column":23}},"79":{"start":{"line":218,"column":6},"end":{"line":227,"column":7}},"80":{"start":{"line":219,"column":8},"end":{"line":219,"column":41}},"81":{"start":{"line":222,"column":8},"end":{"line":222,"column":28}},"82":{"start":{"line":223,"column":8},"end":{"line":226,"column":10}},"83":{"start":{"line":232,"column":21},"end":{"line":357,"column":3}},"84":{"start":{"line":234,"column":25},"end":{"line":234,"column":47}},"85":{"start":{"line":235,"column":6},"end":{"line":354,"column":8}},"86":{"start":{"line":251,"column":39},"end":{"line":251,"column":66}},"87":{"start":{"line":258,"column":20},"end":{"line":258,"column":40}},"88":{"start":{"line":259,"column":20},"end":{"line":259,"column":39}},"89":{"start":{"line":268,"column":33},"end":{"line":268,"column":60}},"90":{"start":{"line":306,"column":35},"end":{"line":306,"column":48}},"91":{"start":{"line":308,"column":44},"end":{"line":312,"column":21}},"92":{"start":{"line":322,"column":20},"end":{"line":322,"column":43}},"93":{"start":{"line":323,"column":20},"end":{"line":323,"column":46}},"94":{"start":{"line":326,"column":42},"end":{"line":330,"column":19}},"95":{"start":{"line":337,"column":33},"end":{"line":337,"column":51}},"96":{"start":{"line":339,"column":42},"end":{"line":343,"column":19}},"97":{"start":{"line":359,"column":2},"end":{"line":524,"column":4}},"98":{"start":{"line":374,"column":16},"end":{"line":377,"column":17}},"99":{"start":{"line":375,"column":18},"end":{"line":375,"column":34}},"100":{"start":{"line":376,"column":18},"end":{"line":376,"column":33}},"101":{"start":{"line":381,"column":38},"end":{"line":385,"column":15}},"102":{"start":{"line":460,"column":20},"end":{"line":460,"column":37}},"103":{"start":{"line":461,"column":20},"end":{"line":461,"column":35}},"104":{"start":{"line":514,"column":38},"end":{"line":514,"column":45}},"105":{"start":{"line":516,"column":44},"end":{"line":516,"column":77}},"106":{"start":{"line":527,"column":15},"end":{"line":707,"column":2}}},"fnMap":{"0":{"name":"FilterPresetsModal","decl":{"start":{"line":88,"column":24},"end":{"line":88,"column":42}},"loc":{"start":{"line":92,"column":10},"end":{"line":525,"column":1}},"line":92},"1":{"name":"(anonymous_1)","decl":{"start":{"line":110,"column":12},"end":{"line":110,"column":13}},"loc":{"start":{"line":110,"column":18},"end":{"line":115,"column":3}},"line":110},"2":{"name":"(anonymous_2)","decl":{"start":{"line":112,"column":11},"end":{"line":112,"column":12}},"loc":{"start":{"line":112,"column":17},"end":{"line":114,"column":5}},"line":112},"3":{"name":"(anonymous_3)","decl":{"start":{"line":117,"column":27},"end":{"line":117,"column":28}},"loc":{"start":{"line":117,"column":39},"end":{"line":136,"column":3}},"line":117},"4":{"name":"(anonymous_4)","decl":{"start":{"line":140,"column":12},"end":{"line":140,"column":13}},"loc":{"start":{"line":140,"column":18},"end":{"line":148,"column":3}},"line":140},"5":{"name":"(anonymous_5)","decl":{"start":{"line":152,"column":35},"end":{"line":152,"column":36}},"loc":{"start":{"line":152,"column":47},"end":{"line":177,"column":3}},"line":152},"6":{"name":"(anonymous_6)","decl":{"start":{"line":180,"column":4},"end":{"line":180,"column":5}},"loc":{"start":{"line":180,"column":26},"end":{"line":199,"column":5}},"line":180},"7":{"name":"(anonymous_7)","decl":{"start":{"line":204,"column":4},"end":{"line":204,"column":5}},"loc":{"start":{"line":204,"column":36},"end":{"line":228,"column":5}},"line":204},"8":{"name":"(anonymous_8)","decl":{"start":{"line":233,"column":4},"end":{"line":233,"column":5}},"loc":{"start":{"line":233,"column":42},"end":{"line":355,"column":5}},"line":233},"9":{"name":"(anonymous_9)","decl":{"start":{"line":251,"column":33},"end":{"line":251,"column":34}},"loc":{"start":{"line":251,"column":39},"end":{"line":251,"column":66}},"line":251},"10":{"name":"(anonymous_10)","decl":{"start":{"line":257,"column":27},"end":{"line":257,"column":28}},"loc":{"start":{"line":257,"column":33},"end":{"line":260,"column":19}},"line":257},"11":{"name":"(anonymous_11)","decl":{"start":{"line":268,"column":27},"end":{"line":268,"column":28}},"loc":{"start":{"line":268,"column":33},"end":{"line":268,"column":60}},"line":268},"12":{"name":"(anonymous_12)","decl":{"start":{"line":306,"column":29},"end":{"line":306,"column":30}},"loc":{"start":{"line":306,"column":35},"end":{"line":306,"column":48}},"line":306},"13":{"name":"(anonymous_13)","decl":{"start":{"line":308,"column":27},"end":{"line":308,"column":28}},"loc":{"start":{"line":308,"column":44},"end":{"line":312,"column":21}},"line":308},"14":{"name":"(anonymous_14)","decl":{"start":{"line":321,"column":27},"end":{"line":321,"column":28}},"loc":{"start":{"line":321,"column":33},"end":{"line":324,"column":19}},"line":321},"15":{"name":"(anonymous_15)","decl":{"start":{"line":326,"column":25},"end":{"line":326,"column":26}},"loc":{"start":{"line":326,"column":42},"end":{"line":330,"column":19}},"line":326},"16":{"name":"(anonymous_16)","decl":{"start":{"line":337,"column":27},"end":{"line":337,"column":28}},"loc":{"start":{"line":337,"column":33},"end":{"line":337,"column":51}},"line":337},"17":{"name":"(anonymous_17)","decl":{"start":{"line":339,"column":25},"end":{"line":339,"column":26}},"loc":{"start":{"line":339,"column":42},"end":{"line":343,"column":19}},"line":339},"18":{"name":"(anonymous_18)","decl":{"start":{"line":373,"column":23},"end":{"line":373,"column":24}},"loc":{"start":{"line":373,"column":29},"end":{"line":378,"column":15}},"line":373},"19":{"name":"(anonymous_19)","decl":{"start":{"line":381,"column":21},"end":{"line":381,"column":22}},"loc":{"start":{"line":381,"column":38},"end":{"line":385,"column":15}},"line":381},"20":{"name":"(anonymous_20)","decl":{"start":{"line":459,"column":27},"end":{"line":459,"column":28}},"loc":{"start":{"line":459,"column":33},"end":{"line":462,"column":19}},"line":459},"21":{"name":"(anonymous_21)","decl":{"start":{"line":514,"column":28},"end":{"line":514,"column":29}},"loc":{"start":{"line":514,"column":38},"end":{"line":514,"column":45}},"line":514},"22":{"name":"(anonymous_22)","decl":{"start":{"line":516,"column":38},"end":{"line":516,"column":39}},"loc":{"start":{"line":516,"column":44},"end":{"line":516,"column":77}},"line":516}},"branchMap":{"0":{"loc":{"start":{"line":118,"column":4},"end":{"line":121,"column":5}},"type":"if","locations":[{"start":{"line":118,"column":4},"end":{"line":121,"column":5}},{"start":{},"end":{}}],"line":118},"1":{"loc":{"start":{"line":122,"column":4},"end":{"line":125,"column":5}},"type":"if","locations":[{"start":{"line":122,"column":4},"end":{"line":125,"column":5}},{"start":{},"end":{}}],"line":122},"2":{"loc":{"start":{"line":128,"column":6},"end":{"line":128,"column":47}},"type":"if","locations":[{"start":{"line":128,"column":6},"end":{"line":128,"column":47}},{"start":{},"end":{}}],"line":128},"3":{"loc":{"start":{"line":130,"column":6},"end":{"line":132,"column":7}},"type":"if","locations":[{"start":{"line":130,"column":6},"end":{"line":132,"column":7}},{"start":{},"end":{}}],"line":130},"4":{"loc":{"start":{"line":134,"column":6},"end":{"line":134,"column":48}},"type":"if","locations":[{"start":{"line":134,"column":6},"end":{"line":134,"column":48}},{"start":{},"end":{}}],"line":134},"5":{"loc":{"start":{"line":141,"column":4},"end":{"line":147,"column":5}},"type":"if","locations":[{"start":{"line":141,"column":4},"end":{"line":147,"column":5}},{"start":{},"end":{}}],"line":141},"6":{"loc":{"start":{"line":153,"column":4},"end":{"line":153,"column":22}},"type":"if","locations":[{"start":{"line":153,"column":4},"end":{"line":153,"column":22}},{"start":{},"end":{}}],"line":153},"7":{"loc":{"start":{"line":155,"column":4},"end":{"line":155,"column":37}},"type":"if","locations":[{"start":{"line":155,"column":4},"end":{"line":155,"column":37}},{"start":{},"end":{}}],"line":155},"8":{"loc":{"start":{"line":165,"column":6},"end":{"line":165,"column":38}},"type":"if","locations":[{"start":{"line":165,"column":6},"end":{"line":165,"column":38}},{"start":{},"end":{}}],"line":165},"9":{"loc":{"start":{"line":175,"column":6},"end":{"line":175,"column":47}},"type":"if","locations":[{"start":{"line":175,"column":6},"end":{"line":175,"column":47}},{"start":{},"end":{}}],"line":175},"10":{"loc":{"start":{"line":181,"column":6},"end":{"line":181,"column":24}},"type":"if","locations":[{"start":{"line":181,"column":6},"end":{"line":181,"column":24}},{"start":{},"end":{}}],"line":181},"11":{"loc":{"start":{"line":183,"column":6},"end":{"line":183,"column":39}},"type":"if","locations":[{"start":{"line":183,"column":6},"end":{"line":183,"column":39}},{"start":{},"end":{}}],"line":183},"12":{"loc":{"start":{"line":205,"column":6},"end":{"line":205,"column":24}},"type":"if","locations":[{"start":{"line":205,"column":6},"end":{"line":205,"column":24}},{"start":{},"end":{}}],"line":205},"13":{"loc":{"start":{"line":214,"column":6},"end":{"line":214,"column":22}},"type":"if","locations":[{"start":{"line":214,"column":6},"end":{"line":214,"column":22}},{"start":{},"end":{}}],"line":214},"14":{"loc":{"start":{"line":241,"column":11},"end":{"line":352,"column":11}},"type":"cond-expr","locations":[{"start":{"line":242,"column":12},"end":{"line":284,"column":19}},{"start":{"line":286,"column":12},"end":{"line":351,"column":15}}],"line":241},"15":{"loc":{"start":{"line":273,"column":20},"end":{"line":273,"column":77}},"type":"binary-expr","locations":[{"start":{"line":273,"column":20},"end":{"line":273,"column":51}},{"start":{"line":273,"column":55},"end":{"line":273,"column":77}}],"line":273},"16":{"loc":{"start":{"line":297,"column":17},"end":{"line":301,"column":17}},"type":"binary-expr","locations":[{"start":{"line":297,"column":17},"end":{"line":297,"column":25}},{"start":{"line":298,"column":18},"end":{"line":300,"column":25}}],"line":297},"17":{"loc":{"start":{"line":304,"column":17},"end":{"line":319,"column":17}},"type":"binary-expr","locations":[{"start":{"line":304,"column":17},"end":{"line":304,"column":24}},{"start":{"line":305,"column":18},"end":{"line":318,"column":30}}],"line":304},"18":{"loc":{"start":{"line":311,"column":22},"end":{"line":311,"column":55}},"type":"binary-expr","locations":[{"start":{"line":311,"column":22},"end":{"line":311,"column":29}},{"start":{"line":311,"column":33},"end":{"line":311,"column":55}}],"line":311},"19":{"loc":{"start":{"line":329,"column":20},"end":{"line":329,"column":54}},"type":"binary-expr","locations":[{"start":{"line":329,"column":20},"end":{"line":329,"column":27}},{"start":{"line":329,"column":31},"end":{"line":329,"column":54}}],"line":329},"20":{"loc":{"start":{"line":342,"column":20},"end":{"line":342,"column":54}},"type":"binary-expr","locations":[{"start":{"line":342,"column":20},"end":{"line":342,"column":27}},{"start":{"line":342,"column":31},"end":{"line":342,"column":54}}],"line":342},"21":{"loc":{"start":{"line":374,"column":16},"end":{"line":377,"column":17}},"type":"if","locations":[{"start":{"line":374,"column":16},"end":{"line":377,"column":17}},{"start":{},"end":{}}],"line":374},"22":{"loc":{"start":{"line":374,"column":20},"end":{"line":374,"column":37}},"type":"binary-expr","locations":[{"start":{"line":374,"column":20},"end":{"line":374,"column":27}},{"start":{"line":374,"column":31},"end":{"line":374,"column":37}}],"line":374},"23":{"loc":{"start":{"line":379,"column":24},"end":{"line":379,"column":55}},"type":"binary-expr","locations":[{"start":{"line":379,"column":24},"end":{"line":379,"column":29}},{"start":{"line":379,"column":33},"end":{"line":379,"column":45}},{"start":{"line":379,"column":49},"end":{"line":379,"column":55}}],"line":379},"24":{"loc":{"start":{"line":383,"column":16},"end":{"line":383,"column":74}},"type":"binary-expr","locations":[{"start":{"line":383,"column":17},"end":{"line":383,"column":22}},{"start":{"line":383,"column":26},"end":{"line":383,"column":38}},{"start":{"line":383,"column":42},"end":{"line":383,"column":48}},{"start":{"line":383,"column":53},"end":{"line":383,"column":74}}],"line":383},"25":{"loc":{"start":{"line":384,"column":16},"end":{"line":384,"column":47}},"type":"binary-expr","locations":[{"start":{"line":384,"column":16},"end":{"line":384,"column":23}},{"start":{"line":384,"column":27},"end":{"line":384,"column":47}}],"line":384},"26":{"loc":{"start":{"line":388,"column":16},"end":{"line":390,"column":43}},"type":"cond-expr","locations":[{"start":{"line":389,"column":20},"end":{"line":389,"column":42}},{"start":{"line":390,"column":20},"end":{"line":390,"column":43}}],"line":388},"27":{"loc":{"start":{"line":393,"column":26},"end":{"line":393,"column":57}},"type":"binary-expr","locations":[{"start":{"line":393,"column":26},"end":{"line":393,"column":31}},{"start":{"line":393,"column":35},"end":{"line":393,"column":47}},{"start":{"line":393,"column":51},"end":{"line":393,"column":57}}],"line":393},"28":{"loc":{"start":{"line":415,"column":11},"end":{"line":421,"column":18}},"type":"cond-expr","locations":[{"start":{"line":416,"column":12},"end":{"line":420,"column":19}},{"start":{"line":421,"column":14},"end":{"line":421,"column":18}}],"line":415},"29":{"loc":{"start":{"line":423,"column":11},"end":{"line":435,"column":18}},"type":"cond-expr","locations":[{"start":{"line":424,"column":12},"end":{"line":434,"column":19}},{"start":{"line":435,"column":14},"end":{"line":435,"column":18}}],"line":423},"30":{"loc":{"start":{"line":437,"column":11},"end":{"line":495,"column":11}},"type":"binary-expr","locations":[{"start":{"line":437,"column":11},"end":{"line":437,"column":15}},{"start":{"line":437,"column":19},"end":{"line":437,"column":25}},{"start":{"line":438,"column":12},"end":{"line":494,"column":19}}],"line":437},"31":{"loc":{"start":{"line":473,"column":28},"end":{"line":473,"column":65}},"type":"binary-expr","locations":[{"start":{"line":473,"column":28},"end":{"line":473,"column":34}},{"start":{"line":473,"column":38},"end":{"line":473,"column":65}}],"line":473},"32":{"loc":{"start":{"line":477,"column":20},"end":{"line":478,"column":44}},"type":"binary-expr","locations":[{"start":{"line":477,"column":21},"end":{"line":477,"column":27}},{"start":{"line":477,"column":31},"end":{"line":477,"column":58}},{"start":{"line":478,"column":22},"end":{"line":478,"column":44}}],"line":477},"33":{"loc":{"start":{"line":483,"column":30},"end":{"line":483,"column":67}},"type":"binary-expr","locations":[{"start":{"line":483,"column":30},"end":{"line":483,"column":36}},{"start":{"line":483,"column":40},"end":{"line":483,"column":67}}],"line":483},"34":{"loc":{"start":{"line":487,"column":19},"end":{"line":491,"column":19}},"type":"cond-expr","locations":[{"start":{"line":488,"column":20},"end":{"line":488,"column":54}},{"start":{"line":490,"column":20},"end":{"line":490,"column":64}}],"line":487},"35":{"loc":{"start":{"line":497,"column":11},"end":{"line":520,"column":11}},"type":"cond-expr","locations":[{"start":{"line":498,"column":12},"end":{"line":501,"column":19}},{"start":{"line":502,"column":14},"end":{"line":520,"column":11}}],"line":497},"36":{"loc":{"start":{"line":497,"column":11},"end":{"line":497,"column":42}},"type":"binary-expr","locations":[{"start":{"line":497,"column":11},"end":{"line":497,"column":18}},{"start":{"line":497,"column":22},"end":{"line":497,"column":42}}],"line":497},"37":{"loc":{"start":{"line":502,"column":14},"end":{"line":520,"column":11}},"type":"cond-expr","locations":[{"start":{"line":503,"column":12},"end":{"line":510,"column":19}},{"start":{"line":512,"column":12},"end":{"line":519,"column":14}}],"line":502},"38":{"loc":{"start":{"line":502,"column":14},"end":{"line":502,"column":42}},"type":"binary-expr","locations":[{"start":{"line":502,"column":14},"end":{"line":502,"column":34}},{"start":{"line":502,"column":38},"end":{"line":502,"column":42}}],"line":502},"39":{"loc":{"start":{"line":506,"column":17},"end":{"line":508,"column":90}},"type":"cond-expr","locations":[{"start":{"line":507,"column":20},"end":{"line":507,"column":134}},{"start":{"line":508,"column":20},"end":{"line":508,"column":90}}],"line":506}},"s":{"0":0,"1":0,"2":0,"3":0,"4":0,"5":0,"6":0,"7":0,"8":0,"9":0,"10":0,"11":0,"12":0,"13":0,"14":0,"15":0,"16":0,"17":0,"18":0,"19":0,"20":0,"21":0,"22":0,"23":0,"24":0,"25":0,"26":0,"27":0,"28":0,"29":0,"30":0,"31":0,"32":0,"33":0,"34":0,"35":0,"36":0,"37":0,"38":0,"39":0,"40":0,"41":0,"42":0,"43":0,"44":0,"45":0,"46":0,"47":0,"48":0,"49":0,"50":0,"51":0,"52":0,"53":0,"54":0,"55":0,"56":0,"57":0,"58":0,"59":0,"60":0,"61":0,"62":0,"63":0,"64":0,"65":0,"66":0,"67":0,"68":0,"69":0,"70":0,"71":0,"72":0,"73":0,"74":0,"75":0,"76":0,"77":0,"78":0,"79":0,"80":0,"81":0,"82":0,"83":0,"84":0,"85":0,"86":0,"87":0,"88":0,"89":0,"90":0,"91":0,"92":0,"93":0,"94":0,"95":0,"96":0,"97":0,"98":0,"99":0,"100":0,"101":0,"102":0,"103":0,"104":0,"105":0,"106":0},"f":{"0":0,"1":0,"2":0,"3":0,"4":0,"5":0,"6":0,"7":0,"8":0,"9":0,"10":0,"11":0,"12":0,"13":0,"14":0,"15":0,"16":0,"17":0,"18":0,"19":0,"20":0,"21":0,"22":0},"b":{"0":[0,0],"1":[0,0],"2":[0,0],"3":[0,0],"4":[0,0],"5":[0,0],"6":[0,0],"7":[0,0],"8":[0,0],"9":[0,0],"10":[0,0],"11":[0,0],"12":[0,0],"13":[0,0],"14":[0,0],"15":[0,0],"16":[0,0],"17":[0,0],"18":[0,0],"19":[0,0],"20":[0,0],"21":[0,0],"22":[0,0],"23":[0,0,0],"24":[0,0,0,0],"25":[0,0],"26":[0,0],"27":[0,0,0],"28":[0,0],"29":[0,0],"30":[0,0,0],"31":[0,0],"32":[0,0,0],"33":[0,0],"34":[0,0],"35":[0,0],"36":[0,0],"37":[0,0],"38":[0,0],"39":[0,0]}}
,"/Users/skypie/AccessMap/src/components/FlagDetailModal.tsx": {"path":"/Users/skypie/AccessMap/src/components/FlagDetailModal.tsx","statementMap":{"0":{"start":{"line":58,"column":19},"end":{"line":58,"column":28}},"1":{"start":{"line":59,"column":26},"end":{"line":59,"column":41}},"2":{"start":{"line":63,"column":32},"end":{"line":63,"column":62}},"3":{"start":{"line":64,"column":40},"end":{"line":64,"column":55}},"4":{"start":{"line":65,"column":42},"end":{"line":65,"column":57}},"5":{"start":{"line":70,"column":36},"end":{"line":70,"column":66}},"6":{"start":{"line":71,"column":2},"end":{"line":73,"column":13}},"7":{"start":{"line":72,"column":4},"end":{"line":72,"column":33}},"8":{"start":{"line":72,"column":14},"end":{"line":72,"column":33}},"9":{"start":{"line":80,"column":2},"end":{"line":82,"column":16}},"10":{"start":{"line":81,"column":4},"end":{"line":81,"column":41}},"11":{"start":{"line":81,"column":18},"end":{"line":81,"column":41}},"12":{"start":{"line":83,"column":2},"end":{"line":85,"column":17}},"13":{"start":{"line":84,"column":4},"end":{"line":84,"column":27}},"14":{"start":{"line":91,"column":2},"end":{"line":105,"column":33}},"15":{"start":{"line":92,"column":20},"end":{"line":92,"column":25}},"16":{"start":{"line":93,"column":4},"end":{"line":96,"column":5}},"17":{"start":{"line":94,"column":6},"end":{"line":94,"column":23}},"18":{"start":{"line":95,"column":6},"end":{"line":95,"column":13}},"19":{"start":{"line":97,"column":4},"end":{"line":101,"column":9}},"20":{"start":{"line":98,"column":19},"end":{"line":98,"column":45}},"21":{"start":{"line":99,"column":6},"end":{"line":99,"column":28}},"22":{"start":{"line":99,"column":21},"end":{"line":99,"column":28}},"23":{"start":{"line":100,"column":6},"end":{"line":100,"column":46}},"24":{"start":{"line":102,"column":4},"end":{"line":104,"column":6}},"25":{"start":{"line":103,"column":6},"end":{"line":103,"column":23}},"26":{"start":{"line":107,"column":28},"end":{"line":124,"column":3}},"27":{"start":{"line":108,"column":4},"end":{"line":108,"column":71}},"28":{"start":{"line":108,"column":64},"end":{"line":108,"column":71}},"29":{"start":{"line":109,"column":4},"end":{"line":109,"column":25}},"30":{"start":{"line":110,"column":4},"end":{"line":123,"column":5}},"31":{"start":{"line":111,"column":6},"end":{"line":117,"column":7}},"32":{"start":{"line":112,"column":8},"end":{"line":112,"column":51}},"33":{"start":{"line":113,"column":8},"end":{"line":113,"column":26}},"34":{"start":{"line":115,"column":8},"end":{"line":115,"column":48}},"35":{"start":{"line":116,"column":8},"end":{"line":116,"column":25}},"36":{"start":{"line":122,"column":6},"end":{"line":122,"column":28}},"37":{"start":{"line":126,"column":2},"end":{"line":130,"column":3}},"38":{"start":{"line":127,"column":4},"end":{"line":129,"column":6}},"39":{"start":{"line":132,"column":16},"end":{"line":132,"column":46}},"40":{"start":{"line":133,"column":17},"end":{"line":133,"column":33}},"41":{"start":{"line":134,"column":20},"end":{"line":134,"column":37}},"42":{"start":{"line":135,"column":21},"end":{"line":135,"column":63}},"43":{"start":{"line":136,"column":20},"end":{"line":136,"column":62}},"44":{"start":{"line":137,"column":24},"end":{"line":140,"column":4}},"45":{"start":{"line":141,"column":26},"end":{"line":141,"column":84}},"46":{"start":{"line":142,"column":21},"end":{"line":142,"column":110}},"47":{"start":{"line":143,"column":24},"end":{"line":143,"column":45}},"48":{"start":{"line":145,"column":26},"end":{"line":157,"column":3}},"49":{"start":{"line":146,"column":4},"end":{"line":146,"column":21}},"50":{"start":{"line":146,"column":14},"end":{"line":146,"column":21}},"51":{"start":{"line":147,"column":4},"end":{"line":147,"column":18}},"52":{"start":{"line":148,"column":4},"end":{"line":156,"column":5}},"53":{"start":{"line":149,"column":22},"end":{"line":149,"column":64}},"54":{"start":{"line":150,"column":6},"end":{"line":150,"column":40}},"55":{"start":{"line":151,"column":6},"end":{"line":151,"column":16}},"56":{"start":{"line":153,"column":6},"end":{"line":153,"column":60}},"57":{"start":{"line":155,"column":6},"end":{"line":155,"column":21}},"58":{"start":{"line":172,"column":22},"end":{"line":223,"column":3}},"59":{"start":{"line":173,"column":4},"end":{"line":173,"column":21}},"60":{"start":{"line":173,"column":14},"end":{"line":173,"column":21}},"61":{"start":{"line":174,"column":20},"end":{"line":177,"column":5}},"62":{"start":{"line":176,"column":15},"end":{"line":176,"column":35}},"63":{"start":{"line":179,"column":4},"end":{"line":213,"column":5}},"64":{"start":{"line":180,"column":6},"end":{"line":211,"column":7}},"65":{"start":{"line":182,"column":10},"end":{"line":182,"column":66}},"66":{"start":{"line":186,"column":8},"end":{"line":189,"column":9}},"67":{"start":{"line":187,"column":10},"end":{"line":187,"column":60}},"68":{"start":{"line":188,"column":10},"end":{"line":188,"column":17}},"69":{"start":{"line":190,"column":8},"end":{"line":198,"column":9}},"70":{"start":{"line":191,"column":10},"end":{"line":191,"column":49}},"71":{"start":{"line":194,"column":10},"end":{"line":196,"column":11}},"72":{"start":{"line":195,"column":12},"end":{"line":195,"column":67}},"73":{"start":{"line":197,"column":10},"end":{"line":197,"column":17}},"74":{"start":{"line":201,"column":8},"end":{"line":203,"column":9}},"75":{"start":{"line":202,"column":10},"end":{"line":202,"column":32}},"76":{"start":{"line":205,"column":20},"end":{"line":205,"column":35}},"77":{"start":{"line":206,"column":8},"end":{"line":206,"column":54}},"78":{"start":{"line":206,"column":47},"end":{"line":206,"column":54}},"79":{"start":{"line":208,"column":8},"end":{"line":210,"column":9}},"80":{"start":{"line":209,"column":10},"end":{"line":209,"column":54}},"81":{"start":{"line":212,"column":6},"end":{"line":212,"column":13}},"82":{"start":{"line":216,"column":4},"end":{"line":222,"column":5}},"83":{"start":{"line":217,"column":6},"end":{"line":217,"column":37}},"84":{"start":{"line":219,"column":18},"end":{"line":219,"column":33}},"85":{"start":{"line":220,"column":6},"end":{"line":220,"column":46}},"86":{"start":{"line":220,"column":39},"end":{"line":220,"column":46}},"87":{"start":{"line":221,"column":6},"end":{"line":221,"column":46}},"88":{"start":{"line":225,"column":23},"end":{"line":247,"column":3}},"89":{"start":{"line":226,"column":4},"end":{"line":226,"column":21}},"90":{"start":{"line":226,"column":14},"end":{"line":226,"column":21}},"91":{"start":{"line":230,"column":15},"end":{"line":235,"column":5}},"92":{"start":{"line":236,"column":4},"end":{"line":236,"column":20}},"93":{"start":{"line":236,"column":13},"end":{"line":236,"column":20}},"94":{"start":{"line":237,"column":4},"end":{"line":237,"column":18}},"95":{"start":{"line":238,"column":4},"end":{"line":246,"column":5}},"96":{"start":{"line":239,"column":6},"end":{"line":239,"column":37}},"97":{"start":{"line":240,"column":6},"end":{"line":240,"column":30}},"98":{"start":{"line":241,"column":6},"end":{"line":241,"column":16}},"99":{"start":{"line":243,"column":6},"end":{"line":243,"column":60}},"100":{"start":{"line":245,"column":6},"end":{"line":245,"column":21}},"101":{"start":{"line":249,"column":2},"end":{"line":579,"column":4}},"102":{"start":{"line":293,"column":31},"end":{"line":293,"column":52}},"103":{"start":{"line":294,"column":40},"end":{"line":297,"column":17}},"104":{"start":{"line":382,"column":18},"end":{"line":385,"column":20}},"105":{"start":{"line":388,"column":40},"end":{"line":391,"column":17}},"106":{"start":{"line":404,"column":40},"end":{"line":408,"column":17}},"107":{"start":{"line":444,"column":18},"end":{"line":444,"column":41}},"108":{"start":{"line":445,"column":18},"end":{"line":445,"column":28}},"109":{"start":{"line":465,"column":30},"end":{"line":465,"column":76}},"110":{"start":{"line":466,"column":18},"end":{"line":470,"column":19}},"111":{"start":{"line":467,"column":20},"end":{"line":467,"column":47}},"112":{"start":{"line":469,"column":2
[...]
type":"cond-expr","locations":[{"start":{"line":342,"column":8},"end":{"line":342,"column":18}},{"start":{"line":343,"column":8},"end":{"line":343,"column":38}}],"line":341},"36":{"loc":{"start":{"line":356,"column":6},"end":{"line":360,"column":7}},"type":"if","locations":[{"start":{"line":356,"column":6},"end":{"line":360,"column":7}},{"start":{"line":358,"column":13},"end":{"line":360,"column":7}}],"line":356},"37":{"loc":{"start":{"line":361,"column":6},"end":{"line":365,"column":7}},"type":"if","locations":[{"start":{"line":361,"column":6},"end":{"line":365,"column":7}},{"start":{"line":363,"column":13},"end":{"line":365,"column":7}}],"line":361},"38":{"loc":{"start":{"line":362,"column":18},"end":{"line":362,"column":71}},"type":"cond-expr","locations":[{"start":{"line":362,"column":26},"end":{"line":362,"column":47}},{"start":{"line":362,"column":50},"end":{"line":362,"column":71}}],"line":362},"39":{"loc":{"start":{"line":363,"column":13},"end":{"line":365,"column":7}},"type":"if","locations":[{"start":{"line":363,"column":13},"end":{"line":365,"column":7}},{"start":{},"end":{}}],"line":363},"40":{"loc":{"start":{"line":364,"column":18},"end":{"line":364,"column":72}},"type":"cond-expr","locations":[{"start":{"line":364,"column":26},"end":{"line":364,"column":48}},{"start":{"line":364,"column":51},"end":{"line":364,"column":72}}],"line":364},"41":{"loc":{"start":{"line":381,"column":10},"end":{"line":385,"column":24}},"type":"cond-expr","locations":[{"start":{"line":382,"column":14},"end":{"line":382,"column":22}},{"start":{"line":383,"column":14},"end":{"line":385,"column":24}}],"line":381},"42":{"loc":{"start":{"line":383,"column":14},"end":{"line":385,"column":24}},"type":"cond-expr","locations":[{"start":{"line":384,"column":16},"end":{"line":384,"column":25}},{"start":{"line":385,"column":16},"end":{"line":385,"column":24}}],"line":383},"43":{"loc":{"start":{"line":418,"column":2},"end":{"line":425,"column":3}},"type":"if","locations":[{"start":{"line":418,"column":2},"end":{"line":425,"column":3}},{"start":{},"end":{}}],"line":418},"44":{"loc":{"start":{"line":418,"column":6},"end":{"line":418,"column":35}},"type":"binary-expr","locations":[{"start":{"line":418,"column":6},"end":{"line":418,"column":13}},{"start":{"line":418,"column":17},"end":{"line":418,"column":35}}],"line":418},"45":{"loc":{"start":{"line":429,"column":7},"end":{"line":435,"column":7}},"type":"binary-expr","locations":[{"start":{"line":429,"column":7},"end":{"line":429,"column":12}},{"start":{"line":430,"column":8},"end":{"line":434,"column":15}}],"line":429},"46":{"loc":{"start":{"line":436,"column":7},"end":{"line":460,"column":7}},"type":"binary-expr","locations":[{"start":{"line":436,"column":7},"end":{"line":436,"column":22}},{"start":{"line":437,"column":8},"end":{"line":459,"column":20}}],"line":436},"47":{"loc":{"start":{"line":442,"column":12},"end":{"line":442,"column":45}},"type":"binary-expr","locations":[{"start":{"line":442,"column":12},"end":{"line":442,"column":19}},{"start":{"line":442,"column":23},"end":{"line":442,"column":45}}],"line":442},"48":{"loc":{"start":{"line":443,"column":12},"end":{"line":443,"column":48}},"type":"binary-expr","locations":[{"start":{"line":443,"column":12},"end":{"line":443,"column":19}},{"start":{"line":443,"column":23},"end":{"line":443,"column":48}}],"line":443},"49":{"loc":{"start":{"line":451,"column":11},"end":{"line":455,"column":11}},"type":"cond-expr","locations":[{"start":{"line":452,"column":12},"end":{"line":452,"column":46}},{"start":{"line":454,"column":12},"end":{"line":454,"column":57}}],"line":451},"50":{"loc":{"start":{"line":457,"column":13},"end":{"line":457,"column":52}},"type":"cond-expr","locations":[{"start":{"line":457,"column":23},"end":{"line":457,"column":34}},{"start":{"line":457,"column":37},"end":{"line":457,"column":52}}],"line":457},"51":{"loc":{"start":{"line":467,"column":7},"end":{"line":482,"column":7}},"type":"binary-expr","locations":[{"start":{"line":467,"column":7},"end":{"line":467,"column":24}},{"start":{"line":467,"column":28},"end":{"line":467,"column":44}},{"start":{"line":468,"column":8},"end":{"line":481,"column":15}}],"line":467},"52":{"loc":{"start":{"line":473,"column":14},"end":{"line":473,"column":53}},"type":"binary-expr","locations":[{"start":{"line":473,"column":14},"end":{"line":473,"column":21}},{"start":{"line":473,"column":25},"end":{"line":473,"column":53}}],"line":473},"53":{"loc":{"start":{"line":487,"column":7},"end":{"line":512,"column":7}},"type":"binary-expr","locations":[{"start":{"line":487,"column":7},"end":{"line":487,"column":13}},{"start":{"line":488,"column":8},"end":{"line":511,"column":15}}],"line":487},"54":{"loc":{"start":{"line":491,"column":37},"end":{"line":491,"column":71}},"type":"binary-expr","locations":[{"start":{"line":491,"column":37},"end":{"line":491,"column":46}},{"start":{"line":491,"column":50},"end":{"line":491,"column":71}}],"line":491},"55":{"loc":{"start":{"line":496,"column":47},"end":{"line":496,"column":85}},"type":"binary-expr","locations":[{"start":{"line":496,"column":47},"end":{"line":496,"column":56}},{"start":{"line":496,"column":60},"end":{"line":496,"column":85}}],"line":496},"56":{"loc":{"start":{"line":502,"column":37},"end":{"line":502,"column":70}},"type":"binary-expr","locations":[{"start":{"line":502,"column":37},"end":{"line":502,"column":45}},{"start":{"line":502,"column":49},"end":{"line":502,"column":70}}],"line":502},"57":{"loc":{"start":{"line":507,"column":47},"end":{"line":507,"column":84}},"type":"binary-expr","locations":[{"start":{"line":507,"column":47},"end":{"line":507,"column":55}},{"start":{"line":507,"column":59},"end":{"line":507,"column":84}}],"line":507},"58":{"loc":{"start":{"line":516,"column":7},"end":{"line":560,"column":7}},"type":"binary-expr","locations":[{"start":{"line":516,"column":7},"end":{"line":516,"column":23}},{"start":{"line":517,"column":8},"end":{"line":559,"column":15}}],"line":516},"59":{"loc":{"start":{"line":534,"column":14},"end":{"line":534,"column":60}},"type":"cond-expr","locations":[{"start":{"line":534,"column":28},"end":{"line":534,"column":37}},{"start":{"line":534,"column":40},"end":{"line":534,"column":60}}],"line":534},"60":{"loc":{"start":{"line":541,"column":18},"end":{"line":541,"column":60}},"type":"binary-expr","locations":[{"start":{"line":541,"column":18},"end":{"line":541,"column":24}},{"start":{"line":541,"column":28},"end":{"line":541,"column":60}}],"line":541},"61":{"loc":{"start":{"line":545,"column":18},"end":{"line":547,"column":56}},"type":"cond-expr","locations":[{"start":{"line":546,"column":22},"end":{"line":546,"column":43}},{"start":{"line":547,"column":22},"end":{"line":547,"column":56}}],"line":545},"62":{"loc":{"start":{"line":552,"column":46},"end":{"line":552,"column":80}},"type":"binary-expr","locations":[{"start":{"line":552,"column":46},"end":{"line":552,"column":52}},{"start":{"line":552,"column":56},"end":{"line":552,"column":80}}],"line":552},"63":{"loc":{"start":{"line":565,"column":7},"end":{"line":601,"column":7}},"type":"binary-expr","locations":[{"start":{"line":565,"column":7},"end":{"line":565,"column":31}},{"start":{"line":566,"column":8},"end":{"line":600,"column":15}}],"line":565},"64":{"loc":{"start":{"line":584,"column":41},"end":{"line":584,"column":72}},"type":"binary-expr","locations":[{"start":{"line":584,"column":41},"end":{"line":584,"column":47}},{"start":{"line":584,"column":51},"end":{"line":584,"column":72}}],"line":584},"65":{"loc":{"start":{"line":592,"column":20},"end":{"line":592,"column":55}},"type":"binary-expr","locations":[{"start":{"line":592,"column":20},"end":{"line":592,"column":26}},{"start":{"line":592,"column":30},"end":{"line":592,"column":55}}],"line":592},"66":{"loc":{"start":{"line":606,"column":10},"end":{"line":606,"column":69}},"type":"cond-expr","locations":[{"start":{"line":606,"column":34},"end":{"line":606,"column":55}},{"start":{"line":606,"column":58},"end":{"line":606,"column":69}}],"line":606},"67":{"loc":{"start":{"line":610,"column":10},"end":{"line":610,"column":64}},"type":"binary-expr","locations":[{"start":{"line":610,"column":10},"end":{"line":610,"column":26}},{"start":{"line":610,"column":30},"end":{"line":610,"column":64}}],"line":610},"68":{"loc":{"start":{"line":651,"column":14},"end":{"line":655,"column":15}},"type":"if","locations":[{"start":{"line":651,"column":14},"end":{"line":655,"column":15}},{"start":{"line":653,"column":21},"end":{"line":655,"column":15}}],"line":651},"69":{"loc":{"start":{"line":668,"column":7},"end":{"line":744,"column":7}},"type":"binary-expr","locations":[{"start":{"line":668,"column":7},"end":{"line":668,"column":23}},{"start":{"line":669,"column":8},"end":{"line":743,"column":15}}],"line":668},"70":{"loc":{"start":{"line":682,"column":24},"end":{"line":682,"column":59}},"type":"binary-expr","locations":[{"start":{"line":682,"column":24},"end":{"line":682,"column":32}},{"start":{"line":682,"column":36},"end":{"line":682,"column":59}}],"line":682},"71":{"loc":{"start":{"line":686,"column":16},"end":{"line":686,"column":79}},"type":"binary-expr","locations":[{"start":{"line":686,"column":17},"end":{"line":686,"column":25}},{"start":{"line":686,"column":29},"end":{"line":686,"column":52}},{"start":{"line":686,"column":57},"end":{"line":686,"column":79}}],"line":686},"72":{"loc":{"start":{"line":687,"column":16},"end":{"line":687,"column":86}},"type":"binary-expr","locations":[{"start":{"line":687,"column":16},"end":{"line":687,"column":23}},{"start":{"line":687,"column":27},"end":{"line":687,"column":36}},{"start":{"line":687,"column":40},"end":{"line":687,"column":61}},{"start":{"line":687,"column":65},"end":{"line":687,"column":86}}],"line":687},"73":{"loc":{"start":{"line":692,"column":16},"end":{"line":694,"column":63}},"type":"cond-expr","locations":[{"start":{"line":693,"column":20},"end":{"line":693,"column":44}},{"start":{"line":694,"column":20},"end":{"line":694,"column":63}}],"line":692},"74":{"loc":{"start":{"line":697,"column":26},"end":{"line":697,"column":61}},"type":"binary-expr","locations":[{"start":{"line":697,"column":26},"end":{"line":697,"column":34}},{"start":{"line":697,"column":38},"end":{"line":697,"column":61}}],"line":697},"75":{"loc":{"start":{"line":705,"column":24},"end":{"line":705,"column":67}},"type":"binary-expr","locations":[{"start":{"line":705,"column":24},"end":{"line":705,"column":32}},{"start":{"line":705,"column":36},"end":{"line":705,"column":67}}],"line":705},"76":{"loc":{"start":{"line":709,"column":16},"end":{"line":709,"column":87}},"type":"binary-expr","locations":[{"start":{"line":709,"column":17},"end":{"line":709,"column":25}},{"start":{"line":709,"column":29},"end":{"line":709,"column":60}},{"start":{"line":709,"column":65},"end":{"line":709,"column":87}}],"line":709},"77":{"loc":{"start":{"line":710,"column":16},"end":{"line":710,"column":94}},"type":"binary-expr","locations":[{"start":{"line":710,"column":16},"end":{"line":710,"column":23}},{"start":{"line":710,"column":27},"end":{"line":710,"column":36}},{"start":{"line":710,"column":40},"end":{"line":710,"column":69}},{"start":{"line":710,"column":73},"end":{"line":710,"column":94}}],"line":710},"78":{"loc":{"start":{"line":715,"column":16},"end":{"line":717,"column":58}},"type":"cond-expr","locations":[{"start":{"line":716,"column":20},"end":{"line":716,"column":39}},{"start":{"line":717,"column":20},"end":{"line":717,"column":58}}],"line":715},"79":{"loc":{"start":{"line":720,"column":26},"end":{"line":720,"column":69}},"type":"binary-expr","locations":[{"start":{"line":720,"column":26},"end":{"line":720,"column":34}},{"start":{"line":720,"column":38},"end":{"line":720,"column":69}}],"line":720},"80":{"loc":{"start":{"line":732,"column":16},"end":{"line":732,"column":50}},"type":"binary-expr","locations":[{"start":{"line":732,"column":16},"end":{"line":732,"column":24}},{"start":{"line":732,"column":28},"end":{"line":732,"column":50}}],"line":732},"81":{"loc":{"start":{"line":733,"column":16},"end":{"line":733,"column":61}},"type":"binary-expr","locations":[{"start":{"line":733,"column":16},"end":{"line":733,"column":23}},{"start":{"line":733,"column":27},"end":{"line":733,"column":36}},{"start":{"line":733,"column":40},"end":{"line":733,"column":61}}],"line":733},"82":{"loc":{"start":{"line":794,"column":4},"end":{"line":794,"column":35}},"type":"if","locations":[{"start":{"line":794,"column":4},"end":{"line":794,"column":35}},{"start":{},"end":{}}],"line":794},"83":{"loc":{"start":{"line":806,"column":20},"end":{"line":808,"column":15}},"type":"cond-expr","locations":[{"start":{"line":807,"column":6},"end":{"line":807,"column":86}},{"start":{"line":808,"column":6},"end":{"line":808,"column":15}}],"line":806},"84":{"loc":{"start":{"line":807,"column":44},"end":{"line":807,"column":84}},"type":"cond-expr","locations":[{"start":{"line":807,"column":55},"end":{"line":807,"column":66}},{"start":{"line":807,"column":69},"end":{"line":807,"column":84}}],"line":807},"85":{"loc":{"start":{"line":815,"column":8},"end":{"line":815,"column":39}},"type":"binary-expr","locations":[{"start":{"line":815,"column":8},"end":{"line":815,"column":16}},{"start":{"line":815,"column":20},"end":{"line":815,"column":39}}],"line":815},"86":{"loc":{"start":{"line":816,"column":8},"end":{"line":816,"column":37}},"type":"binary-expr","locations":[{"start":{"line":816,"column":8},"end":{"line":816,"column":15}},{"start":{"line":816,"column":19},"end":{"line":816,"column":37}}],"line":816},"87":{"loc":{"start":{"line":818,"column":25},"end":{"line":818,"column":64}},"type":"cond-expr","locations":[{"start":{"line":818,"column":43},"end":{"line":818,"column":53}},{"start":{"line":818,"column":56},"end":{"line":818,"column":64}}],"line":818},"88":{"loc":{"start":{"line":820,"column":8},"end":{"line":822,"column":32}},"type":"cond-expr","locations":[{"start":{"line":821,"column":12},"end":{"line":821,"column":51}},{"start":{"line":822,"column":12},"end":{"line":822,"column":32}}],"line":820},"89":{"loc":{"start":{"line":826,"column":8},"end":{"line":828,"column":84}},"type":"cond-expr","locations":[{"start":{"line":827,"column":12},"end":{"line":827,"column":48}},{"start":{"line":828,"column":12},"end":{"line":828,"column":84}}],"line":826},"90":{"loc":{"start":{"line":844,"column":9},"end":{"line":857,"column":9}},"type":"binary-expr","locations":[{"start":{"line":844,"column":9},"end":{"line":844,"column":24}},{"start":{"line":845,"column":10},"end":{"line":856,"column":17}}],"line":844},"91":{"loc":{"start":{"line":848,"column":14},"end":{"line":848,"column":46}},"type":"binary-expr","locations":[{"start":{"line":848,"column":14},"end":{"line":848,"column":22}},{"start":{"line":848,"column":26},"end":{"line":848,"column":46}}],"line":848},"92":{"loc":{"start":{"line":853,"column":13},"end":{"line":855,"column":20}},"type":"cond-expr","locations":[{"start":{"line":854,"column":14},"end":{"line":854,"column":59}},{"start":{"line":855,"column":16},"end":{"line":855,"column":20}}],"line":853},"93":{"loc":{"start":{"line":860,"column":9},"end":{"line":867,"column":16}},"type":"cond-expr","locations":[{"start":{"line":861,"column":10},"end":{"line":866,"column":12}},{"start":{"line":867,"column":12},"end":{"line":867,"column":16}}],"line":860},"94":{"loc":{"start":{"line":869,"column":11},"end":{"line":871,"column":18}},"type":"cond-expr","locations":[{"start":{"line":870,"column":12},"end":{"line":870,"column":67}},{"start":{"line":871,"column":14},"end":{"line":871,"column":18}}],"line":869},"95":{"loc":{"start":{"line":874,"column":15},"end":{"line":876,"column":20}},"type":"cond-expr","locations":[{"start":{"line":875,"column":18},"end":{"line":875,"column":66}},{"start":{"line":876,"column":18},"end":{"line":876,"column":20}}],"line":874},"96":{"loc":{"start":{"line":881,"column":13},"end":{"line":885,"column":36}},"type":"cond-expr","locations":[{"start":{"line":882,"column":16},"end":{"line":884,"column":33}},{"start":{"line":885,"column":16},"end":{"line":885,"column":36}}],"line":881},"97":{"loc":{"start":{"line":882,"column":16},"end":{"line":884,"column":33}},"type":"cond-expr","locations":[{"start":{"line":883,"column":18},"end":{"line":883,"column":35}},{"start":{"line":884,"column":18},"end":{"line":884,"column":33}}],"line":882},"98":{"loc":{"start":{"line":893,"column":7},"end":{"line":939,"column":7}},"type":"binary-expr","locations":[{"start":{"line":893,"column":7},"end":{"line":893,"column":23}},{"start":{"line":894,"column":8},"end":{"line":938,"column":15}}],"line":893},"99":{"loc":{"start":{"line":895,"column":11},"end":{"line":906,"column":11}},"type":"binary-expr","locations":[{"start":{"line":895,"column":11},"end":{"line":895,"column":33}},{"start":{"line":896,"column":12},"end":{"line":905,"column":24}}],"line":895}},"s":{"0":0,"1":0,"2":0,"3":0,"4":0,"5":0,"6":0,"7":0,"8":0,"9":0,"10":0,"11":0,"12":0,"13":0,"14":0,"15":0,"16":0,"17":0,"18":0,"19":0,"20":0,"21":0,"22":0,"23":0,"24":0,"25":0,"26":0,"27":0,"28":0,"29":0,"30":0,"31":0,"32":0,"33":0,"34":0,"35":0,"36":0,"37":0,"38":0,"39":0,"40":0,"41":0,"42":0,"43":0,"44":0,"45":0,"46":0,"47":0,"48":0,"49":0,"50":0,"51":0,"52":0,"53":0,"54":0,"55":0,"56":0,"57":0,"58":0,"59":0,"60":0,"61":0,"62":0,"63":0,"64":0,"65":0,"66":0,"67":0,"68":0,"69":0,"70":0,"71":0,"72":0,"73":0,"74":0,"75":0,"76":0,"77":0,"78":0,"79":0,"80":0,"81":0,"82":0,"83":0,"84":0,"85":0,"86":0,"87":0,"88":0,"89":0,"90":0,"91":0,"92":0,"93":0,"94":0,"95":0,"96":0,"97":0,"98":0,"99":0,"100":0,"101":0,"102":0,"103":0,"104":0,"105":0,"106":0,"107":0,"108":0,"109":0,"110":0,"111":0,"112":0,"113":0,"114":0,"115":0,"116":0,"117":0,"118":0,"119":0,"120":0,"121":0,"122":0,"123":0,"124":0,"125":0,"126":0,"127":0,"128":0,"129":0,"130":0,"131":0,"132":0,"133":0,"134":0,"135":0,"136":0,"137":0,"138":0,"139":0,"140":0,"141":0,"142":0,"143":0,"144":0,"145":0,"146":0,"147":0,"148":0,"149":0,"150":0,"151":0,"152":0,"153":0,"154":0,"155":0,"156":0,"157":0,"158":0,"159":0,"160":0,"161":0,"162":0,"163":0,"164":0,"165":0,"166":0,"167":0,"168":0,"169":0,"170":0,"171":0,"172":0,"173":0,"174":0,"175":0,"176":0,"177":0,"178":0,"179":0,"180":0,"181":0,"182":0,"183":0,"184":0,"185":0,"186":0,"187":0,"188":0,"189":0,"190":0,"191":0,"192":0,"193":0,"194":0,"195":0,"196":0,"197":0,"198":0,"199":0,"200":0,"201":0,"202":0,"203":0},"f":{"0":0,"1":0,"2":0,"3":0,"4":0,"5":0,"6":0,"7":0,"8":0,"9":0,"10":0,"11":0,"12":0,"13":0,"14":0,"15":0,"16":0,"17":0,"18":0,"19":0,"20":0,"21":0,"22":0,"23":0,"24":0,"25":0,"26":0,"27":0,"28":0,"29":0,"30":0,"31":0,"32":0,"33":0,"34":0,"35":0,"36":0,"37":0,"38":0,"39":0,"40":0,"41":0,"42":0,"43":0,"44":0,"45":0,"46":0,"47":0,"48":0,"49":0,"50":0,"51":0,"52":0,"53":0,"54":0,"55":0,"56":0,"57":0,"58":0,"59":0,"60":0,"61":0,"62":0,"63":0,"64":0,"65":0,"66":0,"67":0,"68":0,"69":0,"70":0,"71":0},"b":{"0":[0,0],"1":[0,0],"2":[0,0],"3":[0,0],"4":[0,0],"5":[0,0],"6":[0,0],"7":[0,0],"8":[0,0],"9":[0,0],"10":[0,0],"11":[0,0],"12":[0,0],"13":[0,0],"14":[0,0],"15":[0,0],"16":[0,0],"17":[0,0],"18":[0,0],"19":[0,0],"20":[0,0],"21":[0,0],"22":[0,0],"23":[0,0],"24":[0,0],"25":[0,0],"26":[0,0],"27":[0,0],"28":[0,0],"29":[0,0],"30":[0,0],"31":[0,0],"32":[0,0],"33":[0,0],"34":[0,0],"35":[0,0],"36":[0,0],"37":[0,0],"38":[0,0],"39":[0,0],"40":[0,0],"41":[0,0],"42":[0,0],"43":[0,0],"44":[0,0],"45":[0,0],"46":[0,0],"47":[0,0],"48":[0,0],"49":[0,0],"50":[0,0],"51":[0,0,0],"52":[0,0],"53":[0,0],"54":[0,0],"55":[0,0],"56":[0,0],"57":[0,0],"58":[0,0],"59":[0,0],"60":[0,0],"61":[0,0],"62":[0,0],"63":[0,0],"64":[0,0],"65":[0,0],"66":[0,0],"67":[0,0],"68":[0,0],"69":[0,0],"70":[0,0],"71":[0,0,0],"72":[0,0,0,0],"73":[0,0],"74":[0,0],"75":[0,0],"76":[0,0,0],"77":[0,0,0,0],"78":[0,0],"79":[0,0],"80":[0,0],"81":[0,0,0],"82":[0,0],"83":[0,0],"84":[0,0],"85":[0,0],"86":[0,0],"87":[0,0],"88":[0,0],"89":[0,0],"90":[0,0],"91":[0,0],"92":[0,0],"93":[0,0],"94":[0,0],"95":[0,0],"96":[0,0],"97":[0,0],"98":[0,0],"99":[0,0]}}
}
