TN:
SF:src/components/AchievementsModal.tsx
FN:45,AchievementsModal
FN:51,(anonymous_1)
FN:57,(anonymous_2)
FN:60,(anonymous_3)
FN:63,(anonymous_4)
FN:104,(anonymous_5)
FN:110,(anonymous_6)
FN:123,AchievementRow
FNF:8
FNH:0
FNDA:0,AchievementsModal
FNDA:0,(anonymous_1)
FNDA:0,(anonymous_2)
FNDA:0,(anonymous_3)
FNDA:0,(anonymous_4)
FNDA:0,(anonymous_5)
FNDA:0,(anonymous_6)
FNDA:0,AchievementRow
DA:31,0
DA:38,0
DA:51,0
DA:52,0
DA:53,0
DA:54,0
DA:55,0
DA:57,0
DA:60,0
DA:63,0
DA:65,0
DA:105,0
DA:111,0
DA:124,0
DA:126,0
DA:131,0
DA:163,0
LF:17
LH:0
BRDA:59,0,0,0
BRDA:59,0,1,0
BRDA:124,1,0,0
BRDA:124,1,1,0
BRDA:127,2,0,0
BRDA:127,2,1,0
BRDA:133,3,0,0
BRDA:133,3,1,0
BRDA:141,4,0,0
BRDA:141,4,1,0
BRDA:143,5,0,0
BRDA:143,5,1,0
BRDA:154,6,0,0
BRDA:154,6,1,0
BRDA:155,7,0,0
BRDA:155,7,1,0
BRF:16
BRH:0
end_of_record
TN:
SF:src/components/ActivityFeedModal.tsx
FN:53,ActivityFeedModal
FN:67,(anonymous_1)
FN:69,(anonymous_2)
FN:74,(anonymous_3)
FN:107,(anonymous_4)
FN:115,(anonymous_5)
FN:120,(anonymous_6)
FN:123,(anonymous_7)
FN:127,(anonymous_8)
FN:134,(anonymous_9)
FN:134,(anonymous_10)
FN:138,(anonymous_11)
FN:147,(anonymous_12)
FN:148,(anonymous_13)
FN:176,(anonymous_14)
FN:178,(anonymous_15)
FN:247,(anonymous_16)
FN:248,(anonymous_17)
FN:253,(anonymous_18)
FN:294,(anonymous_19)
FN:300,(anonymous_20)
FNF:21
FNH:0
FNDA:0,ActivityFeedModal
FNDA:0,(anonymous_1)
FNDA:0,(anonymous_2)
FNDA:0,(anonymous_3)
FNDA:0,(anonymous_4)
FNDA:0,(anonymous_5)
FNDA:0,(anonymous_6)
FNDA:0,(anonymous_7)
FNDA:0,(anonymous_8)
FNDA:0,(anonymous_9)
FNDA:0,(anonymous_10)
FNDA:0,(anonymous_11)
FNDA:0,(anonymous_12)
FNDA:0,(anonymous_13)
FNDA:0,(anonymous_14)
FNDA:0,(anonymous_15)
FNDA:0,(anonymous_16)
FNDA:0,(anonymous_17)
FNDA:0,(anonymous_18)
FNDA:0,(anonymous_19)
FNDA:0,(anonymous_20)
DA:59,0
DA:60,0
DA:61,0
DA:62,0
DA:63,0
DA:64,0
DA:66,0
DA:67,0
DA:68,0
DA:69,0
DA:70,0
DA:74,0
DA:75,0
DA:76,0
DA:77,0
DA:79,0
DA:83,0
DA:84,0
DA:85,0
DA:86,0
DA:88,0
DA:90,0
DA:94,0
DA:95,0
DA:96,0
DA:98,0
DA:99,0
DA:102,0
DA:107,0
DA:108,0
DA:115,0
DA:116,0
DA:120,0
DA:121,0
DA:122,0
DA:123,0
DA:125,0
DA:126,0
DA:127,0
DA:129,0
DA:133,0
DA:134,0
DA:138,0
DA:139,0
DA:141,0
DA:145,0
DA:147,0
DA:148,0
DA:176,0
DA:178,0
DA:212,0
DA:218,0
DA:247,0
DA:249,0
DA:250,0
DA:253,0
DA:294,0
DA:301,0
DA:344,0
LF:59
LH:0
BRDA:75,0,0,0
BRDA:75,0,1,0
BRDA:83,1,0,0
BRDA:83,1,1,0
BRDA:84,2,0,0
BRDA:84,2,1,0
BRDA:94,3,0,0
BRDA:94,3,1,0
BRDA:98,4,0,0
BRDA:98,4,1,0
BRDA:102,5,0,0
BRDA:102,5,1,0
BRDA:108,6,0,0
BRDA:108,6,1,0
BRDA:116,7,0,0
BRDA:116,7,1,0
BRDA:116,8,0,0
BRDA:116,8,1,0
BRDA:121,9,0,0
BRDA:121,9,1,0
BRDA:122,10,0,0
BRDA:122,10,1,0
BRDA:125,11,0,0
BRDA:125,11,1,0
BRDA:126,12,0,0
BRDA:126,12,1,0
BRDA:143,13,0,0
BRDA:143,13,1,0
BRDA:148,14,0,0
BRDA:148,14,1,0
BRDA:174,15,0,0
BRDA:174,15,1,0
BRDA:180,16,0,0
BRDA:180,16,1,0
BRDA:191,17,0,0
BRDA:191,17,1,0
BRDA:200,18,0,0
BRDA:200,18,1,0
BRDA:247,19,0,0
BRDA:247,19,1,0
BRDA:254,20,0,0
BRDA:254,20,1,0
BRDA:262,21,0,0
BRDA:262,21,1,0
BRDA:272,22,0,0
BRDA:272,22,1,0
BRDA:286,23,0,0
BRDA:286,23,1,0
BRDA:286,24,0,0
BRDA:286,24,1,0
BRDA:286,24,2,0
BRDA:298,25,0,0
BRDA:298,25,1,0
BRDA:304,26,0,0
BRDA:304,26,1,0
BRDA:312,27,0,0
BRDA:312,27,1,0
BRDA:314,28,0,0
BRDA:314,28,1,0
BRDA:317,29,0,0
BRDA:317,29,1,0
BRDA:320,30,0,0
BRDA:320,30,1,0
BRDA:322,31,0,0
BRDA:322,31,1,0
BRDA:327,32,0,0
BRDA:327,32,1,0
BRDA:329,33,0,0
BRDA:329,33,1,0
BRF:69
BRH:0
end_of_record
TN:
SF:src/components/AddressSearchModal.tsx
FN:46,AddressSearchModal
FN:67,(anonymous_1)
FN:78,(anonymous_2)
FN:89,(anonymous_3)
FN:96,(anonymous_4)
FN:109,(anonymous_5)
FN:112,(anonymous_6)
FN:116,(anonymous_7)
FN:121,(anonymous_8)
FN:141,(anonymous_9)
FN:157,(anonymous_10)
FN:228,(anonymous_11)
FN:233,(anonymous_12)
FN:234,(anonymous_13)
FN:294,(anonymous_14)
FN:297,(anonymous_15)
FN:299,(anonymous_16)
FN:300,(anonymous_17)
FNF:18
FNH:0
FNDA:0,AddressSearchModal
FNDA:0,(anonymous_1)
FNDA:0,(anonymous_2)
FNDA:0,(anonymous_3)
FNDA:0,(anonymous_4)
FNDA:0,(anonymous_5)
FNDA:0,(anonymous_6)
FNDA:0,(anonymous_7)
FNDA:0,(anonymous_8)
FNDA:0,(anonymous_9)
FNDA:0,(anonymous_10)
FNDA:0,(anonymous_11)
FNDA:0,(anonymous_12)
FNDA:0,(anonymous_13)
FNDA:0,(anonymous_14)
FNDA:0,(anonymous_15)
FNDA:0,(anonymous_16)
FNDA:0,(anonymous_17)
DA:32,0
DA:51,0
DA:52,0
DA:53,0
DA:54,0
DA:58,0
DA:63,0
DA:67,0
DA:68,0
DA:69,0
DA:70,0
DA:71,0
DA:72,0
DA:73,0
DA:74,0
DA:76,0
DA:77,0
DA:78,0
DA:79,0
DA:80,0
DA:81,0
DA:82,0
DA:84,0
DA:85,0
DA:86,0
DA:87,0
DA:89,0
DA:90,0
DA:96,0
DA:97,0
DA:98,0
DA:99,0
DA:100,0
DA:101,0
DA:102,0
DA:109,0
DA:110,0
DA:111,0
DA:112,0
DA:113,0
DA:114,0
DA:116,0
DA:117,0
DA:121,0
DA:125,0
DA:131,0
DA:132,0
DA:133,0
DA:134,0
DA:141,0
DA:142,0
DA:145,0
DA:146,0
DA:147,0
DA:148,0
DA:154,0
DA:157,0
DA:158,0
DA:159,0
DA:165,0
DA:167,0
DA:229,0
DA:233,0
DA:234,0
DA:294,0
DA:298,0
DA:299,0
DA:300,0
DA:341,0
LF:69
LH:0
BRDA:68,0,0,0
BRDA:68,0,1,0
BRDA:70,1,0,0
BRDA:70,1,1,0
BRDA:84,2,0,0
BRDA:84,2,1,0
BRDA:97,3,0,0
BRDA:97,3,1,0
BRDA:110,4,0,0
BRDA:110,4,1,0
BRDA:114,5,0,0
BRDA:114,5,1,0
BRDA:142,6,0,0
BRDA:142,6,1,0
BRDA:165,7,0,0
BRDA:165,7,1,0
BRDA:165,7,2,0
BRDA:209,8,0,0
BRDA:209,8,1,0
BRDA:236,9,0,0
BRDA:236,9,1,0
BRDA:265,10,0,0
BRDA:265,10,1,0
BRDA:272,11,0,0
BRDA:272,11,1,0
BRDA:272,11,2,0
BRDA:272,11,3,0
BRDA:291,12,0,0
BRDA:291,12,1,0
BRDA:291,12,2,0
BRDA:302,13,0,0
BRDA:302,13,1,0
BRF:32
BRH:0
end_of_record
TN:
SF:src/components/ChangelogModal.tsx
FN:63,ChangelogModal
FN:67,(anonymous_1)
FN:70,(anonymous_2)
FN:103,(anonymous_3)
FN:110,(anonymous_4)
FN:111,(anonymous_5)
FN:136,(anonymous_6)
FNF:7
FNH:0
FNDA:0,ChangelogModal
FNDA:0,(anonymous_1)
FNDA:0,(anonymous_2)
FNDA:0,(anonymous_3)
FNDA:0,(anonymous_4)
FNDA:0,(anonymous_5)
FNDA:0,(anonymous_6)
DA:30,0
DA:67,0
DA:68,0
DA:70,0
DA:71,0
DA:74,0
DA:104,0
DA:105,0
DA:106,0
DA:107,0
DA:111,0
DA:137,0
DA:157,0
LF:13
LH:0
BRDA:71,0,0,0
BRDA:71,0,1,0
BRDA:105,1,0,0
BRDA:105,1,1,0
BRDA:117,2,0,0
BRDA:117,2,1,0
BRDA:120,3,0,0
BRDA:120,3,1,0
BRDA:132,4,0,0
BRDA:132,4,1,0
BRDA:135,5,0,0
BRDA:135,5,1,0
BRF:12
BRH:0
end_of_record
TN:
SF:src/components/FeedbackModal.tsx
FN:46,FeedbackModal
FN:59,(anonymous_1)
FN:66,(anonymous_2)
FN:68,(anonymous_3)
FN:75,(anonymous_4)
FN:98,(anonymous_5)
FN:128,(anonymous_6)
FN:165,(anonymous_7)
FN:170,(anonymous_8)
FNF:9
FNH:0
FNDA:0,FeedbackModal
FNDA:0,(anonymous_1)
FNDA:0,(anonymous_2)
FNDA:0,(anonymous_3)
FNDA:0,(anonymous_4)
FNDA:0,(anonymous_5)
FNDA:0,(anonymous_6)
FNDA:0,(anonymous_7)
FNDA:0,(anonymous_8)
DA:47,0
DA:48,0
DA:49,0
DA:53,0
DA:54,0
DA:59,0
DA:60,0
DA:61,0
DA:65,0
DA:66,0
DA:67,0
DA:68,0
DA:69,0
DA:73,0
DA:75,0
DA:76,0
DA:77,0
DA:83,0
DA:90,0
DA:98,0
DA:99,0
DA:100,0
DA:104,0
DA:105,0
DA:107,0
DA:108,0
DA:109,0
DA:110,0
DA:111,0
DA:113,0
DA:114,0
DA:118,0
DA:120,0
DA:123,0
DA:129,0
DA:166,0
DA:167,0
DA:170,0
DA:272,0
LF:39
LH:0
BRDA:60,0,0,0
BRDA:60,0,1,0
BRDA:61,1,0,0
BRDA:61,1,1,0
BRDA:73,2,0,0
BRDA:73,2,1,0
BRDA:76,3,0,0
BRDA:76,3,1,0
BRDA:86,4,0,0
BRDA:86,4,1,0
BRDA:92,5,0,0
BRDA:92,5,1,0
BRDA:99,6,0,0
BRDA:99,6,1,0
BRDA:104,7,0,0
BRDA:104,7,1,0
BRDA:107,8,0,0
BRDA:107,8,1,0
BRDA:113,9,0,0
BRDA:113,9,1,0
BRDA:129,10,0,0
BRDA:129,10,1,0
BRDA:174,11,0,0
BRDA:174,11,1,0
BRDA:192,12,0,0
BRDA:192,12,1,0
BRDA:249,13,0,0
BRDA:249,13,1,0
BRDA:259,14,0,0
BRDA:259,14,1,0
BRF:30
BRH:0
end_of_record
TN:
SF:src/components/FilterPresetsModal.tsx
FN:88,FilterPresetsModal
FN:110,(anonymous_1)
FN:112,(anonymous_2)
FN:117,(anonymous_3)
FN:140,(anonymous_4)
FN:152,(anonymous_5)
FN:180,(anonymous_6)
FN:204,(anonymous_7)
FN:233,(anonymous_8)
FN:251,(anonymous_9)
FN:257,(anonymous_10)
FN:268,(anonymous_11)
FN:306,(anonymous_12)
FN:308,(anonymous_13)
FN:321,(anonymous_14)
FN:326,(anonymous_15)
FN:337,(anonymous_16)
FN:339,(anonymous_17)
FN:373,(anonymous_18)
FN:381,(anonymous_19)
FN:459,(anonymous_20)
FN:514,(anonymous_21)
FN:516,(anonymous_22)
FNF:23
FNH:0
FNDA:0,FilterPresetsModal
FNDA:0,(anonymous_1)
FNDA:0,(anonymous_2)
FNDA:0,(anonymous_3)
FNDA:0,(anonymous_4)
FNDA:0,(anonymous_5)
FNDA:0,(anonymous_6)
FNDA:0,(anonymous_7)
FNDA:0,(anonymous_8)
FNDA:0,(anonymous_9)
FNDA:0,(anonymous_10)
FNDA:0,(anonymous_11)
FNDA:0,(anonymous_12)
FNDA:0,(anonymous_13)
FNDA:0,(anonymous_14)
FNDA:0,(anonymous_15)
FNDA:0,(anonymous_16)
FNDA:0,(anonymous_17)
FNDA:0,(anonymous_18)
FNDA:0,(anonymous_19)
FNDA:0,(anonymous_20)
FNDA:0,(anonymous_21)
FNDA:0,(anonymous_22)
DA:74,0
DA:80,0
DA:93,0
DA:95,0
DA:96,0
DA:97,0
DA:100,0
DA:101,0
DA:102,0
DA:106,0
DA:107,0
DA:109,0
DA:110,0
DA:111,0
DA:112,0
DA:113,0
DA:117,0
DA:118,0
DA:119,0
DA:120,0
DA:122,0
DA:123,0
DA:124,0
DA:126,0
DA:127,0
DA:128,0
DA:130,0
DA:131,0
DA:134,0
DA:140,0
DA:141,0
DA:142,0
DA:143,0
DA:144,0
DA:145,0
DA:146,0
DA:150,0
DA:152,0
DA:153,0
DA:154,0
DA:155,0
DA:156,0
DA:157,0
DA:158,0
DA:164,0
DA:165,0
DA:166,0
DA:167,0
DA:168,0
DA:170,0
DA:175,0
DA:179,0
DA:181,0
DA:182,0
DA:183,0
DA:184,0
DA:186,0
DA:187,0
DA:188,0
DA:189,0
DA:190,0
DA:193,0
DA:194,0
DA:203,0
DA:205,0
DA:208,0
DA:214,0
DA:216,0
DA:217,0
DA:218,0
DA:219,0
DA:222,0
DA:223,0
DA:232,0
DA:234,0
DA:235,0
DA:251,0
DA:258,0
DA:259,0
DA:268,0
DA:306,0
DA:308,0
DA:322,0
DA:323,0
DA:326,0
DA:337,0
DA:339,0
DA:359,0
DA:374,0
DA:375,0
DA:376,0
DA:381,0
DA:460,0
DA:461,0
DA:514,0
DA:516,0
DA:527,0
LF:97
LH:0
BRDA:118,0,0,0
BRDA:118,0,1,0
BRDA:122,1,0,0
BRDA:122,1,1,0
BRDA:128,2,0,0
BRDA:128,2,1,0
BRDA:130,3,0,0
BRDA:130,3,1,0
BRDA:134,4,0,0
BRDA:134,4,1,0
BRDA:141,5,0,0
BRDA:141,5,1,0
BRDA:153,6,0,0
BRDA:153,6,1,0
BRDA:155,7,0,0
BRDA:155,7,1,0
BRDA:165,8,0,0
BRDA:165,8,1,0
BRDA:175,9,0,0
BRDA:175,9,1,0
BRDA:181,10,0,0
BRDA:181,10,1,0
BRDA:183,11,0,0
BRDA:183,11,1,0
BRDA:205,12,0,0
BRDA:205,12,1,0
BRDA:214,13,0,0
BRDA:214,13,1,0
BRDA:241,14,0,0
BRDA:241,14,1,0
BRDA:273,15,0,0
BRDA:273,15,1,0
BRDA:297,16,0,0
BRDA:297,16,1,0
BRDA:304,17,0,0
BRDA:304,17,1,0
BRDA:311,18,0,0
BRDA:311,18,1,0
BRDA:329,19,0,0
BRDA:329,19,1,0
BRDA:342,20,0,0
BRDA:342,20,1,0
BRDA:374,21,0,0
BRDA:374,21,1,0
BRDA:374,22,0,0
BRDA:374,22,1,0
BRDA:379,23,0,0
BRDA:379,23,1,0
BRDA:379,23,2,0
BRDA:383,24,0,0
BRDA:383,24,1,0
BRDA:383,24,2,0
BRDA:383,24,3,0
BRDA:384,25,0,0
BRDA:384,25,1,0
BRDA:388,26,0,0
BRDA:388,26,1,0
BRDA:393,27,0,0
BRDA:393,27,1,0
BRDA:393,27,2,0
BRDA:415,28,0,0
BRDA:415,28,1,0
BRDA:423,29,0,0
BRDA:423,29,1,0
BRDA:437,30,0,0
BRDA:437,30,1,0
BRDA:437,30,2,0
BRDA:473,31,0,0
BRDA:473,31,1,0
BRDA:477,32,0,0
BRDA:477,32,1,0
BRDA:477,32,2,0
BRDA:483,33,0,0
BRDA:483,33,1,0
BRDA:487,34,0,0
BRDA:487,34,1,0
BRDA:497,35,0,0
BRDA:497,35,1,0
BRDA:497,36,0,0
BRDA:497,36,1,0
BRDA:502,37,0,0
BRDA:502,37,1,0
BRDA:502,38,0,0
BRDA:502,38,1,0
BRDA:506,39,0,0
BRDA:506,39,1,0
BRF:86
BRH:0
end_of_record
TN:
SF:src/components/FlagDetailModal.tsx
FN:50,FlagDetailModal
FN:71,(anonymous_1)
FN:80,(anonymous_2)
FN:83,(anonymous_3)
FN:91,(anonymous_4)
FN:97,(anonymous_5)
FN:102,(anonymous_6)
FN:107,(anonymous_7)
FN:145,(anonymous_8)
FN:172,(anonymous_9)
FN:176,(anonymous_10)
FN:225,(anonymous_11)
FN:293,(anonymous_12)
FN:294,(anonymous_13)
FN:381,(anonymous_14)
FN:388,(anonymous_15)
FN:404,(anonymous_16)
FN:443,(anonymous_17)
FN:457,(anonymous_18)
FN:498,(anonymous_19)
FN:515,(anonymous_20)
FN:532,(anonymous_21)
FN:576,(anonymous_22)
FNF:23
FNH:0
FNDA:0,FlagDetailModal
FNDA:0,(anonymous_1)
FNDA:0,(anonymous_2)
FNDA:0,(anonymous_3)
FNDA:0,(anonymous_4)
FNDA:0,(anonymous_5)
FNDA:0,(anonymous_6)
FNDA:0,(anonymous_7)
FNDA:0,(anonymous_8)
FNDA:0,(anonymous_9)
FNDA:0,(anonymous_10)
FNDA:0,(anonymous_11)
FNDA:0,(anonymous_12)
FNDA:0,(anonymous_13)
FNDA:0,(anonymous_14)
FNDA:0,(anonymous_15)
FNDA:0,(anonymous_16)
FNDA:0,(anonymous_17)
FNDA:0,(anonymous_18)
FNDA:0,(anonymous_19)
FNDA:0,(anonymous_20)
FNDA:0,(anonymous_21)
FNDA:0,(anonymous_22)
DA:58,0
DA:59,0
DA:63,0
DA:64,0
DA:65,0
DA:70,0
DA:71,0
DA:72,0
DA:80,0
DA:81,0
DA:83,0
DA:84,0
DA:91,0
DA:92,0
DA:93,0
DA:94,0
DA:95,0
DA:97,0
DA:98,0
DA:99,0
DA:100,0
DA:102,0
DA:103,0
DA:107,0
DA:108,0
DA:109,0
DA:110,0
DA:111,0
DA:112,0
DA:113,0
DA:115,0
DA:116,0
DA:122,0
DA:126,0
DA:127,0
DA:132,0
DA:133,0
DA:134,0
DA:135,0
DA:136,0
DA:137,0
DA:141,0
DA:142,0
DA:143,0
DA:145,0
DA:146,0
DA:147,0
DA:148,0
DA:149,0
DA:150,0
DA:151,0
DA:153,0
DA:155,0
DA:172,0
DA:173,0
DA:174,0
DA:176,0
DA:179,0
DA:180,0
DA:182,0
DA:186,0
DA:187,0
DA:188,0
DA:190,0
DA:191,0
DA:194,0
DA:195,0
DA:197,0
DA:201,0
DA:202,0
DA:205,0
DA:206,0
DA:208,0
DA:209,0
DA:212,0
DA:216,0
DA:217,0
DA:219,0
DA:220,0
DA:221,0
DA:225,0
DA:226,0
DA:230,0
DA:236,0
DA:237,0
DA:238,0
DA:239,0
DA:240,0
DA:241,0
DA:243,0
DA:245,0
DA:249,0
DA:293,0
DA:294,0
DA:382,0
DA:388,0
DA:404,0
DA:444,0
DA:445,0
DA:465,0
DA:466,0
DA:467,0
DA:469,0
DA:498,0
DA:515,0
DA:532,0
DA:576,0
DA:582,0
LF:108
LH:0
BRDA:72,0,0,0
BRDA:72,0,1,0
BRDA:81,1,0,0
BRDA:81,1,1,0
BRDA:93,2,0,0
BRDA:93,2,1,0
BRDA:93,3,0,0
BRDA:93,3,1,0
BRDA:93,3,2,0
BRDA:99,4,0,0
BRDA:99,4,1,0
BRDA:108,5,0,0
BRDA:108,5,1,0
BRDA:108,6,0,0
BRDA:108,6,1,0
BRDA:108,6,2,0
BRDA:108,6,3,0
BRDA:111,7,0,0
BRDA:111,7,1,0
BRDA:126,8,0,0
BRDA:126,8,1,0
BRDA:135,9,0,0
BRDA:135,9,1,0
BRDA:136,10,0,0
BRDA:136,10,1,0
BRDA:146,11,0,0
BRDA:146,11,1,0
BRDA:173,12,0,0
BRDA:173,12,1,0
BRDA:179,13,0,0
BRDA:179,13,1,0
BRDA:182,14,0,0
BRDA:182,14,1,0
BRDA:186,15,0,0
BRDA:186,15,1,0
BRDA:186,16,0,0
BRDA:186,16,1,0
BRDA:190,17,0,0
BRDA:190,17,1,0
BRDA:194,18,0,0
BRDA:194,18,1,0
BRDA:194,19,0,0
BRDA:194,19,1,0
BRDA:201,20,0,0
BRDA:201,20,1,0
BRDA:201,21,0,0
BRDA:201,21,1,0
BRDA:206,22,0,0
BRDA:206,22,1,0
BRDA:208,23,0,0
BRDA:208,23,1,0
BRDA:208,24,0,0
BRDA:208,24,1,0
BRDA:220,25,0,0
BRDA:220,25,1,0
BRDA:226,26,0,0
BRDA:226,26,1,0
BRDA:236,27,0,0
BRDA:236,27,1,0
BRDA:291,28,0,0
BRDA:291,28,1,0
BRDA:296,29,0,0
BRDA:296,29,1,0
BRDA:349,30,0,0
BRDA:349,30,1,0
BRDA:356,31,0,0
BRDA:356,31,1,0
BRDA:390,32,0,0
BRDA:390,32,1,0
BRDA:400,33,0,0
BRDA:400,33,1,0
BRDA:403,34,0,0
BRDA:403,34,1,0
BRDA:406,35,0,0
BRDA:406,35,1,0
BRDA:407,36,0,0
BRDA:407,36,1,0
BRDA:411,37,0,0
BRDA:411,37,1,0
BRDA:414,38,0,0
BRDA:414,38,1,0
BRDA:421,39,0,0
BRDA:421,39,1,0
BRDA:428,40,0,0
BRDA:428,40,1,0
BRDA:433,41,0,0
BRDA:433,41,1,0
BRDA:436,42,0,0
BRDA:436,42,1,0
BRDA:496,43,0,0
BRDA:496,43,1,0
BRDA:506,44,0,0
BRDA:506,44,1,0
BRDA:513,45,0,0
BRDA:513,45,1,0
BRDA:523,46,0,0
BRDA:523,46,1,0
BRDA:530,47,0,0
BRDA:530,47,1,0
BRDA:540,48,0,0
BRDA:540,48,1,0
BRDA:547,49,0,0
BRDA:547,49,1,0
BRDA:557,50,0,0
BRDA:557,50,1,0
BRDA:570,51,0,0
BRDA:570,51,1,0
BRDA:572,52,0,0
BRDA:572,52,1,0
BRF:109
BRH:0
end_of_record
TN:
SF:src/components/FlashBanner.tsx
FN:32,FlashBanner
FN:41,(anonymous_1)
FN:47,(anonymous_2)
FN:50,(anonymous_3)
FNF:4
FNH:0
FNDA:0,FlashBanner
FNDA:0,(anonymous_1)
FNDA:0,(anonymous_2)
FNDA:0,(anonymous_3)
DA:41,0
DA:42,0
DA:43,0
DA:47,0
DA:48,0
DA:49,0
DA:50,0
DA:53,0
DA:55,0
DA:71,0
LF:10
LH:0
BRDA:35,0,0,0
BRDA:36,1,0,0
BRDA:42,2,0,0
BRDA:42,2,1,0
BRDA:48,3,0,0
BRDA:48,3,1,0
BRDA:53,4,0,0
BRDA:53,4,1,0
BRDA:59,5,0,0
BRDA:59,5,1,0
BRF:10
BRH:0
end_of_record
TN:
SF:src/components/HelpModal.tsx
FN:78,HelpModal
FN:90,(anonymous_1)
FN:99,(anonymous_2)
FN:156,(anonymous_3)
FN:158,(anonymous_4)
FN:187,(anonymous_5)
FN:192,(anonymous_6)
FN:230,(anonymous_7)
FN:231,(anonymous_8)
FNF:9
FNH:0
FNDA:0,HelpModal
FNDA:0,(anonymous_1)
FNDA:0,(anonymous_2)
FNDA:0,(anonymous_3)
FNDA:0,(anonymous_4)
FNDA:0,(anonymous_5)
FNDA:0,(anonymous_6)
FNDA:0,(anonymous_7)
FNDA:0,(anonymous_8)
DA:32,0
DA:84,0
DA:85,0
DA:90,0
DA:91,0
DA:92,0
DA:93,0
DA:99,0
DA:100,0
DA:102,0
DA:156,0
DA:158,0
DA:188,0
DA:189,0
DA:193,0
DA:230,0
DA:231,0
DA:249,0
LF:18
LH:0
BRDA:91,0,0,0
BRDA:91,0,1,0
BRDA:100,1,0,0
BRDA:100,1,1,0
BRDA:154,2,0,0
BRDA:154,2,1,0
BRDA:160,3,0,0
BRDA:160,3,1,0
BRDA:181,4,0,0
BRDA:181,4,1,0
BRDA:193,5,0,0
BRDA:193,5,1,0
BRDA:200,6,0,0
BRDA:200,6,1,0
BRDA:210,7,0,0
BRDA:210,7,1,0
BRDA:213,8,0,0
BRDA:213,8,1,0
BRDA:233,9,0,0
BRDA:233,9,1,0
BRF:20
BRH:0
end_of_record
TN:
SF:src/components/MyFeedbackModal.tsx
FN:48,MyFeedbackModal
FN:61,(anonymous_1)
FN:63,(anonymous_2)
FN:68,(anonymous_3)
FN:78,(anonymous_4)
FN:85,(anonymous_5)
FN:92,(anonymous_6)
FN:131,(anonymous_7)
FN:140,(anonymous_8)
FN:162,(anonymous_9)
FN:171,(anonymous_10)
FN:217,FeedbackRowCard
FNF:12
FNH:0
FNDA:0,MyFeedbackModal
FNDA:0,(anonymous_1)
FNDA:0,(anonymous_2)
FNDA:0,(anonymous_3)
FNDA:0,(anonymous_4)
FNDA:0,(anonymous_5)
FNDA:0,(anonymous_6)
FNDA:0,(anonymous_7)
FNDA:0,(anonymous_8)
FNDA:0,(anonymous_9)
FNDA:0,(anonymous_10)
FNDA:0,FeedbackRowCard
DA:53,0
DA:54,0
DA:55,0
DA:58,0
DA:60,0
DA:61,0
DA:62,0
DA:63,0
DA:64,0
DA:68,0
DA:69,0
DA:70,0
DA:71,0
DA:72,0
DA:73,0
DA:74,0
DA:78,0
DA:79,0
DA:85,0
DA:86,0
DA:91,0
DA:92,0
DA:96,0
DA:132,0
DA:133,0
DA:136,0
DA:137,0
DA:140,0
DA:162,0
DA:171,0
DA:218,0
DA:222,0
DA:227,0
DA:229,0
DA:249,0
LF:35
LH:0
BRDA:51,0,0,0
BRDA:69,1,0,0
BRDA:69,1,1,0
BRDA:70,2,0,0
BRDA:70,2,1,0
BRDA:72,3,0,0
BRDA:72,3,1,0
BRDA:79,4,0,0
BRDA:79,4,1,0
BRDA:86,5,0,0
BRDA:86,5,1,0
BRDA:124,6,0,0
BRDA:124,6,1,0
BRDA:136,7,0,0
BRDA:136,7,1,0
BRDA:141,8,0,0
BRDA:141,8,1,0
BRDA:149,9,0,0
BRDA:149,9,1,0
BRDA:152,10,0,0
BRDA:152,10,1,0
BRDA:167,11,0,0
BRDA:167,11,1,0
BRDA:174,12,0,0
BRDA:174,12,1,0
BRDA:176,13,0,0
BRDA:176,13,1,0
BRDA:227,14,0,0
BRDA:227,14,1,0
BRF:29
BRH:0
end_of_record
TN:
SF:src/components/MyReportsModal.tsx
FN:45,MyReportsModal
FN:67,(anonymous_1)
FN:73,(anonymous_2)
FN:89,(anonymous_3)
FN:90,(anonymous_4)
FN:93,(anonymous_5)
FN:96,(anonymous_6)
FN:98,(anonymous_7)
FN:105,(anonymous_8)
FN:107,(anonymous_9)
FN:115,(anonymous_10)
FN:116,(anonymous_11)
FN:126,(anonymous_12)
FN:128,(anonymous_13)
FN:133,(anonymous_14)
FN:153,(anonymous_15)
FN:157,(anonymous_16)
FN:171,(anonymous_17)
FN:172,(anonymous_18)
FN:203,(anonymous_19)
FN:205,(anonymous_20)
FN:305,(anonymous_21)
FN:307,(anonymous_22)
FN:329,(anonymous_23)
FN:335,(anonymous_24)
FN:359,(anonymous_25)
FN:377,(anonymous_26)
FN:383,(anonymous_27)
FN:432,(anonymous_28)
FNF:29
FNH:0
FNDA:0,MyReportsModal
FNDA:0,(anonymous_1)
FNDA:0,(anonymous_2)
FNDA:0,(anonymous_3)
FNDA:0,(anonymous_4)
FNDA:0,(anonymous_5)
FNDA:0,(anonymous_6)
FNDA:0,(anonymous_7)
FNDA:0,(anonymous_8)
FNDA:0,(anonymous_9)
FNDA:0,(anonymous_10)
FNDA:0,(anonymous_11)
FNDA:0,(anonymous_12)
FNDA:0,(anonymous_13)
FNDA:0,(anonymous_14)
FNDA:0,(anonymous_15)
FNDA:0,(anonymous_16)
FNDA:0,(anonymous_17)
FNDA:0,(anonymous_18)
FNDA:0,(anonymous_19)
FNDA:0,(anonymous_20)
FNDA:0,(anonymous_21)
FNDA:0,(anonymous_22)
FNDA:0,(anonymous_23)
FNDA:0,(anonymous_24)
FNDA:0,(anonymous_25)
FNDA:0,(anonymous_26)
FNDA:0,(anonymous_27)
FNDA:0,(anonymous_28)
DA:26,0
DA:52,0
DA:53,0
DA:54,0
DA:55,0
DA:58,0
DA:60,0
DA:63,0
DA:67,0
DA:68,0
DA:73,0
DA:74,0
DA:80,0
DA:81,0
DA:83,0
DA:89,0
DA:90,0
DA:93,0
DA:94,0
DA:95,0
DA:96,0
DA:97,0
DA:98,0
DA:101,0
DA:105,0
DA:106,0
DA:107,0
DA:115,0
DA:116,0
DA:121,0
DA:125,0
DA:126,0
DA:127,0
DA:128,0
DA:129,0
DA:133,0
DA:134,0
DA:135,0
DA:136,0
DA:137,0
DA:139,0
DA:140,0
DA:141,0
DA:143,0
DA:144,0
DA:147,0
DA:153,0
DA:154,0
DA:157,0
DA:158,0
DA:159,0
DA:165,0
DA:169,0
DA:171,0
DA:172,0
DA:203,0
DA:205,0
DA:243,0
DA:305,0
DA:307,0
DA:330,0
DA:331,0
DA:332,0
DA:335,0
DA:359,0
DA:378,0
DA:379,0
DA:380,0
DA:384,0
DA:432,0
DA:492,0
LF:71
LH:0
BRDA:50,0,0,0
BRDA:68,1,0,0
BRDA:68,1,1,0
BRDA:81,2,0,0
BRDA:81,2,1,0
BRDA:95,3,0,0
BRDA:95,3,1,0
BRDA:97,4,0,0
BRDA:97,4,1,0
BRDA:106,5,0,0
BRDA:106,5,1,0
BRDA:134,6,0,0
BRDA:134,6,1,0
BRDA:135,7,0,0
BRDA:135,7,1,0
BRDA:141,8,0,0
BRDA:141,8,1,0
BRDA:143,9,0,0
BRDA:143,9,1,0
BRDA:147,10,0,0
BRDA:147,10,1,0
BRDA:154,11,0,0
BRDA:154,11,1,0
BRDA:167,12,0,0
BRDA:167,12,1,0
BRDA:172,13,0,0
BRDA:172,13,1,0
BRDA:201,14,0,0
BRDA:201,14,1,0
BRDA:207,15,0,0
BRDA:207,15,1,0
BRDA:218,16,0,0
BRDA:218,16,1,0
BRDA:227,17,0,0
BRDA:227,17,1,0
BRDA:275,18,0,0
BRDA:275,18,1,0
BRDA:303,19,0,0
BRDA:303,19,1,0
BRDA:309,20,0,0
BRDA:309,20,1,0
BRDA:327,21,0,0
BRDA:327,21,1,0
BRDA:336,22,0,0
BRDA:336,22,1,0
BRDA:341,23,0,0
BRDA:341,23,1,0
BRDA:353,24,0,0
BRDA:353,24,1,0
BRDA:362,25,0,0
BRDA:362,25,1,0
BRDA:371,26,0,0
BRDA:371,26,1,0
BRDA:384,27,0,0
BRDA:384,27,1,0
BRDA:388,28,0,0
BRDA:388,28,1,0
BRDA:392,29,0,0
BRDA:392,29,1,0
BRDA:399,30,0,0
BRDA:399,30,1,0
BRDA:410,31,0,0
BRDA:410,31,1,0
BRDA:424,32,0,0
BRDA:424,32,1,0
BRDA:424,33,0,0
BRDA:424,33,1,0
BRDA:424,33,2,0
BRDA:435,34,0,0
BRDA:435,34,1,0
BRDA:441,35,0,0
BRDA:441,35,1,0
BRDA:443,36,0,0
BRDA:443,36,1,0
BRDA:446,37,0,0
BRDA:446,37,1,0
BRDA:446,38,0,0
BRDA:446,38,1,0
BRDA:446,39,0,0
BRDA:446,39,1,0
BRDA:463,40,0,0
BRDA:463,40,1,0
BRDA:463,41,0,0
BRDA:463,41,1,0
BRF:84
BRH:0
end_of_record
TN:
SF:src/components/MyWatchedModal.tsx
FN:59,MyWatchedModal
FN:73,(anonymous_1)
FN:75,(anonymous_2)
FN:80,(anonymous_3)
FN:90,(anonymous_4)
FN:111,(anonymous_5)
FN:116,(anonymous_6)
FN:120,(anonymous_7)
FN:120,(anonymous_8)
FN:121,(anonymous_9)
FN:121,(anonymous_10)
FN:133,(anonymous_11)
FN:158,(anonymous_12)
FN:170,(anonymous_13)
FN:175,(anonymous_14)
FN:225,(anonymous_15)
FN:227,(anonymous_16)
FN:239,(anonymous_17)
FN:241,(anonymous_18)
FN:334,(anonymous_19)
FN:337,(anonymous_20)
FNF:21
FNH:0
FNDA:0,MyWatchedModal
FNDA:0,(anonymous_1)
FNDA:0,(anonymous_2)
FNDA:0,(anonymous_3)
FNDA:0,(anonymous_4)
FNDA:0,(anonymous_5)
FNDA:0,(anonymous_6)
FNDA:0,(anonymous_7)
FNDA:0,(anonymous_8)
FNDA:0,(anonymous_9)
FNDA:0,(anonymous_10)
FNDA:0,(anonymous_11)
FNDA:0,(anonymous_12)
FNDA:0,(anonymous_13)
FNDA:0,(anonymous_14)
FNDA:0,(anonymous_15)
FNDA:0,(anonymous_16)
FNDA:0,(anonymous_17)
FNDA:0,(anonymous_18)
FNDA:0,(anonymous_19)
FNDA:0,(anonymous_20)
DA:52,0
DA:66,0
DA:67,0
DA:68,0
DA:69,0
DA:70,0
DA:72,0
DA:73,0
DA:74,0
DA:75,0
DA:76,0
DA:80,0
DA:81,0
DA:82,0
DA:83,0
DA:84,0
DA:86,0
DA:87,0
DA:88,0
DA:90,0
DA:92,0
DA:94,0
DA:95,0
DA:98,0
DA:99,0
DA:100,0
DA:102,0
DA:103,0
DA:106,0
DA:111,0
DA:112,0
DA:115,0
DA:117,0
DA:120,0
DA:121,0
DA:122,0
DA:123,0
DA:133,0
DA:134,0
DA:137,0
DA:143,0
DA:146,0
DA:147,0
DA:148,0
DA:149,0
DA:156,0
DA:158,0
DA:159,0
DA:160,0
DA:166,0
DA:168,0
DA:170,0
DA:175,0
DA:225,0
DA:227,0
DA:239,0
DA:241,0
DA:256,0
DA:334,0
DA:337,0
DA:348,0
LF:61
LH:0
BRDA:64,0,0,0
BRDA:81,1,0,0
BRDA:81,1,1,0
BRDA:82,2,0,0
BRDA:82,2,1,0
BRDA:92,3,0,0
BRDA:92,3,1,0
BRDA:93,4,0,0
BRDA:93,4,1,0
BRDA:94,5,0,0
BRDA:94,5,1,0
BRDA:98,6,0,0
BRDA:98,6,1,0
BRDA:102,7,0,0
BRDA:102,7,1,0
BRDA:106,8,0,0
BRDA:106,8,1,0
BRDA:112,9,0,0
BRDA:112,9,1,0
BRDA:117,10,0,0
BRDA:117,10,1,0
BRDA:134,11,0,0
BRDA:134,11,1,0
BRDA:134,12,0,0
BRDA:134,12,1,0
BRDA:139,13,0,0
BRDA:139,13,1,0
BRDA:143,14,0,0
BRDA:143,14,1,0
BRDA:172,15,0,0
BRDA:172,15,1,0
BRDA:173,16,0,0
BRDA:173,16,1,0
BRDA:181,17,0,0
BRDA:181,17,1,0
BRDA:201,18,0,0
BRDA:201,18,1,0
BRDA:204,19,0,0
BRDA:204,19,1,0
BRDA:223,20,0,0
BRDA:223,20,1,0
BRDA:229,21,0,0
BRDA:229,21,1,0
BRDA:243,22,0,0
BRDA:243,22,1,0
BRDA:271,23,0,0
BRDA:271,23,1,0
BRDA:294,24,0,0
BRDA:294,24,1,0
BRDA:294,24,2,0
BRDA:298,25,0,0
BRDA:298,25,1,0
BRDA:304,26,0,0
BRDA:304,26,1,0
BRDA:308,27,0,0
BRDA:308,27,1,0
BRDA:320,28,0,0
BRDA:320,28,1,0
BRDA:339,29,0,0
BRDA:339,29,1,0
BRF:60
BRH:0
end_of_record
TN:
SF:src/components/NotificationPrefsModal.tsx
FN:77,NotificationPrefsModal
FN:88,(anonymous_1)
FN:93,(anonymous_2)
FN:95,(anonymous_3)
FN:100,(anonymous_4)
FN:114,(anonymous_5)
FN:119,(anonymous_6)
FN:125,(anonymous_7)
FN:130,(anonymous_8)
FN:131,(anonymous_9)
FN:188,(anonymous_10)
FN:217,(anonymous_11)
FNF:12
FNH:0
FNDA:0,NotificationPrefsModal
FNDA:0,(anonymous_1)
FNDA:0,(anonymous_2)
FNDA:0,(anonymous_3)
FNDA:0,(anonymous_4)
FNDA:0,(anonymous_5)
FNDA:0,(anonymous_6)
FNDA:0,(anonymous_7)
FNDA:0,(anonymous_8)
FNDA:0,(anonymous_9)
FNDA:0,(anonymous_10)
FNDA:0,(anonymous_11)
DA:50,0
DA:83,0
DA:87,0
DA:88,0
DA:90,0
DA:92,0
DA:93,0
DA:94,0
DA:95,0
DA:96,0
DA:100,0
DA:101,0
DA:102,0
DA:103,0
DA:105,0
DA:106,0
DA:107,0
DA:108,0
DA:110,0
DA:114,0
DA:115,0
DA:118,0
DA:120,0
DA:125,0
DA:126,0
DA:129,0
DA:130,0
DA:135,0
DA:141,0
DA:189,0
DA:190,0
DA:191,0
DA:217,0
DA:241,0
LF:34
LH:0
BRDA:88,0,0,0
BRDA:88,0,1,0
BRDA:101,1,0,0
BRDA:101,1,1,0
BRDA:105,2,0,0
BRDA:105,2,1,0
BRDA:108,3,0,0
BRDA:108,3,1,0
BRDA:110,4,0,0
BRDA:110,4,1,0
BRDA:115,5,0,0
BRDA:115,5,1,0
BRDA:120,6,0,0
BRDA:120,6,1,0
BRDA:176,7,0,0
BRDA:176,7,1,0
BRDA:182,8,0,0
BRDA:182,8,1,0
BRF:18
BRH:0
end_of_record
TN:
SF:src/components/OnboardingCards.tsx
FN:79,OnboardingCards
FN:87,(anonymous_1)
FN:89,(anonymous_2)
FN:96,(anonymous_3)
FN:105,(anonymous_4)
FN:111,(anonymous_5)
FN:120,(anonymous_6)
FN:166,(anonymous_7)
FN:194,(anonymous_8)
FN:206,(anonymous_9)
FN:208,(anonymous_10)
FN:231,(anonymous_11)
FN:232,(anonymous_12)
FN:244,(anonymous_13)
FNF:14
FNH:0
FNDA:0,OnboardingCards
FNDA:0,(anonymous_1)
FNDA:0,(anonymous_2)
FNDA:0,(anonymous_3)
FNDA:0,(anonymous_4)
FNDA:0,(anonymous_5)
FNDA:0,(anonymous_6)
FNDA:0,(anonymous_7)
FNDA:0,(anonymous_8)
FNDA:0,(anonymous_9)
FNDA:0,(anonymous_10)
FNDA:0,(anonymous_11)
FNDA:0,(anonymous_12)
FNDA:0,(anonymous_13)
DA:58,0
DA:80,0
DA:81,0
DA:82,0
DA:83,0
DA:87,0
DA:88,0
DA:89,0
DA:90,0
DA:92,0
DA:96,0
DA:97,0
DA:98,0
DA:105,0
DA:106,0
DA:111,0
DA:112,0
DA:113,0
DA:117,0
DA:120,0
DA:123,0
DA:124,0
DA:127,0
DA:128,0
DA:130,0
DA:170,0
DA:195,0
DA:206,0
DA:208,0
DA:231,0
DA:232,0
DA:244,0
DA:261,0
LF:33
LH:0
BRDA:90,0,0,0
BRDA:90,0,1,0
BRDA:124,1,0,0
BRDA:124,1,1,0
BRDA:197,2,0,0
BRDA:197,2,1,0
BRDA:210,3,0,0
BRDA:210,3,1,0
BRDA:211,4,0,0
BRDA:211,4,1,0
BRDA:211,4,2,0
BRDA:215,5,0,0
BRDA:215,5,1,0
BRDA:223,6,0,0
BRDA:223,6,1,0
BRDA:229,7,0,0
BRDA:229,7,1,0
BRDA:234,8,0,0
BRDA:234,8,1,0
BRDA:246,9,0,0
BRDA:246,9,1,0
BRF:21
BRH:0
end_of_record
TN:
SF:src/components/PhotoLightboxModal.tsx
FN:33,PhotoLightboxModal
FN:102,(anonymous_1)
FNF:2
FNH:0
FNDA:0,PhotoLightboxModal
FNDA:0,(anonymous_1)
DA:41,0
DA:102,0
DA:122,0
LF:3
LH:0
BRDA:67,0,0,0
BRDA:67,0,1,0
BRDA:73,1,0,0
BRDA:73,1,1,0
BRDA:81,2,0,0
BRDA:81,2,1,0
BRDA:104,3,0,0
BRDA:104,3,1,0
BRF:8
BRH:0
end_of_record
TN:
SF:src/components/PlatformMap.tsx
FN:42,PlatformMap
FN:59,(anonymous_1)
FN:60,(anonymous_2)
FN:68,(anonymous_3)
FN:69,(anonymous_4)
FN:80,(anonymous_5)
FN:101,(anonymous_6)
FN:108,(anonymous_7)
FN:111,(anonymous_8)
FNF:9
FNH:0
FNDA:0,PlatformMap
FNDA:0,(anonymous_1)
FNDA:0,(anonymous_2)
FNDA:0,(anonymous_3)
FNDA:0,(anonymous_4)
FNDA:0,(anonymous_5)
FNDA:0,(anonymous_6)
FNDA:0,(anonymous_7)
FNDA:0,(anonymous_8)
DA:41,0
DA:52,0
DA:53,0
DA:59,0
DA:60,0
DA:61,0
DA:62,0
DA:66,0
DA:68,0
DA:70,0
DA:81,0
DA:87,0
DA:102,0
DA:103,0
DA:109,0
DA:112,0
DA:156,0
LF:17
LH:0
BRDA:62,0,0,0
BRDA:62,0,1,0
BRDA:74,1,0,0
BRDA:74,1,1,0
BRDA:75,2,0,0
BRDA:75,2,1,0
BRDA:100,3,0,0
BRDA:100,3,1,0
BRDA:116,4,0,0
BRDA:116,4,1,0
BRDA:116,5,0,0
BRDA:116,5,1,0
BRDA:133,6,0,0
BRDA:133,6,1,0
BRDA:139,7,0,0
BRDA:139,7,1,0
BRF:16
BRH:0
end_of_record
TN:
SF:src/components/PlatformMap.web.tsx
FN:45,pinIcon
FN:66,deltaToZoom
FN:71,PlatformMap
FN:80,(anonymous_3)
FN:81,(anonymous_4)
FN:92,(anonymous_5)
FN:95,(anonymous_6)
FN:103,(anonymous_7)
FN:110,(anonymous_8)
FN:111,(anonymous_9)
FN:117,(anonymous_10)
FN:130,(anonymous_11)
FN:138,(anonymous_12)
FN:146,(anonymous_13)
FNF:14
FNH:0
FNDA:0,pinIcon
FNDA:0,deltaToZoom
FNDA:0,PlatformMap
FNDA:0,(anonymous_3)
FNDA:0,(anonymous_4)
FNDA:0,(anonymous_5)
FNDA:0,(anonymous_6)
FNDA:0,(anonymous_7)
FNDA:0,(anonymous_8)
FNDA:0,(anonymous_9)
FNDA:0,(anonymous_10)
FNDA:0,(anonymous_11)
FNDA:0,(anonymous_12)
FNDA:0,(anonymous_13)
DA:44,0
DA:46,0
DA:47,0
DA:48,0
DA:49,0
DA:62,0
DA:63,0
DA:67,0
DA:70,0
DA:75,0
DA:76,0
DA:80,0
DA:81,0
DA:82,0
DA:83,0
DA:92,0
DA:93,0
DA:94,0
DA:95,0
DA:98,0
DA:99,0
DA:100,0
DA:102,0
DA:103,0
DA:104,0
DA:108,0
DA:110,0
DA:112,0
DA:113,0
DA:118,0
DA:124,0
DA:131,0
DA:139,0
DA:147,0
LF:34
LH:0
BRDA:46,0,0,0
BRDA:46,0,1,0
BRDA:48,1,0,0
BRDA:48,1,1,0
BRDA:56,2,0,0
BRDA:56,2,1,0
BRDA:83,3,0,0
BRDA:83,3,1,0
BRDA:94,4,0,0
BRDA:94,4,1,0
BRDA:94,5,0,0
BRDA:94,5,1,0
BRDA:99,6,0,0
BRDA:99,6,1,0
BRDA:99,7,0,0
BRDA:99,7,1,0
BRDA:112,8,0,0
BRDA:112,8,1,0
BRDA:144,9,0,0
BRDA:144,9,1,0
BRDA:166,10,0,0
BRDA:166,10,1,0
BRDA:179,11,0,0
BRDA:179,11,1,0
BRF:24
BRH:0
end_of_record
TN:
SF:src/components/SavedPlacesModal.tsx
FN:56,SavedPlacesModal
FN:74,(anonymous_1)
FN:76,(anonymous_2)
FN:81,(anonymous_3)
FN:103,(anonymous_4)
FN:112,(anonymous_5)
FN:122,(anonymous_6)
FN:140,(anonymous_7)
FN:152,(anonymous_8)
FN:152,(anonymous_9)
FN:164,(anonymous_10)
FN:229,(anonymous_11)
FN:288,(anonymous_12)
FN:341,(anonymous_13)
FN:344,(anonymous_14)
FN:345,(anonymous_15)
FN:378,(anonymous_16)
FN:380,(anonymous_17)
FNF:18
FNH:0
FNDA:0,SavedPlacesModal
FNDA:0,(anonymous_1)
FNDA:0,(anonymous_2)
FNDA:0,(anonymous_3)
FNDA:0,(anonymous_4)
FNDA:0,(anonymous_5)
FNDA:0,(anonymous_6)
FNDA:0,(anonymous_7)
FNDA:0,(anonymous_8)
FNDA:0,(anonymous_9)
FNDA:0,(anonymous_10)
FNDA:0,(anonymous_11)
FNDA:0,(anonymous_12)
FNDA:0,(anonymous_13)
FNDA:0,(anonymous_14)
FNDA:0,(anonymous_15)
FNDA:0,(anonymous_16)
FNDA:0,(anonymous_17)
DA:63,0
DA:64,0
DA:65,0
DA:66,0
DA:69,0
DA:70,0
DA:71,0
DA:73,0
DA:74,0
DA:75,0
DA:76,0
DA:77,0
DA:81,0
DA:82,0
DA:83,0
DA:84,0
DA:86,0
DA:87,0
DA:88,0
DA:90,0
DA:91,0
DA:92,0
DA:94,0
DA:95,0
DA:98,0
DA:103,0
DA:104,0
DA:105,0
DA:107,0
DA:108,0
DA:112,0
DA:113,0
DA:114,0
DA:115,0
DA:116,0
DA:121,0
DA:122,0
DA:123,0
DA:124,0
DA:125,0
DA:130,0
DA:133,0
DA:135,0
DA:139,0
DA:141,0
DA:144,0
DA:150,0
DA:152,0
DA:153,0
DA:154,0
DA:155,0
DA:163,0
DA:165,0
DA:166,0
DA:171,0
DA:172,0
DA:174,0
DA:230,0
DA:231,0
DA:232,0
DA:236,0
DA:237,0
DA:242,0
DA:244,0
DA:289,0
DA:290,0
DA:342,0
DA:344,0
DA:345,0
DA:378,0
DA:380,0
DA:406,0
LF:72
LH:0
BRDA:82,0,0,0
BRDA:82,0,1,0
BRDA:86,1,0,0
BRDA:86,1,1,0
BRDA:92,2,0,0
BRDA:92,2,1,0
BRDA:94,3,0,0
BRDA:94,3,1,0
BRDA:98,4,0,0
BRDA:98,4,1,0
BRDA:104,5,0,0
BRDA:104,5,1,0
BRDA:113,6,0,0
BRDA:113,6,1,0
BRDA:113,7,0,0
BRDA:113,7,1,0
BRDA:121,8,0,0
BRDA:121,8,1,0
BRDA:130,9,0,0
BRDA:130,9,1,0
BRDA:135,10,0,0
BRDA:135,10,1,0
BRDA:141,11,0,0
BRDA:141,11,1,0
BRDA:150,12,0,0
BRDA:150,12,1,0
BRDA:172,13,0,0
BRDA:172,13,1,0
BRDA:172,13,2,0
BRDA:204,14,0,0
BRDA:204,14,1,0
BRDA:213,15,0,0
BRDA:213,15,1,0
BRDA:227,16,0,0
BRDA:227,16,1,0
BRDA:227,16,2,0
BRDA:230,17,0,0
BRDA:230,17,1,0
BRDA:231,18,0,0
BRDA:231,18,1,0
BRDA:236,19,0,0
BRDA:236,19,1,0
BRDA:248,20,0,0
BRDA:248,20,1,0
BRDA:252,21,0,0
BRDA:252,21,1,0
BRDA:254,22,0,0
BRDA:254,22,1,0
BRDA:271,23,0,0
BRDA:271,23,1,0
BRDA:271,23,2,0
BRDA:302,24,0,0
BRDA:302,24,1,0
BRDA:306,25,0,0
BRDA:306,25,1,0
BRDA:306,25,2,0
BRDA:312,26,0,0
BRDA:312,26,1,0
BRDA:316,27,0,0
BRDA:316,27,1,0
BRDA:326,28,0,0
BRDA:326,28,1,0
BRDA:326,29,0,0
BRDA:326,29,1,0
BRDA:331,30,0,0
BRDA:331,30,1,0
BRDA:331,31,0,0
BRDA:331,31,1,0
BRDA:347,32,0,0
BRDA:347,32,1,0
BRDA:382,33,0,0
BRDA:382,33,1,0
BRF:72
BRH:0
end_of_record
TN:
SF:src/components/UpdateBanner.tsx
FN:32,UpdateBanner
FN:35,(anonymous_1)
FN:68,(anonymous_2)
FN:78,(anonymous_3)
FNF:4
FNH:0
FNDA:0,UpdateBanner
FNDA:0,(anonymous_1)
FNDA:0,(anonymous_2)
FNDA:0,(anonymous_3)
DA:35,0
DA:36,0
DA:38,0
DA:43,0
DA:46,0
DA:49,0
DA:53,0
DA:68,0
DA:78,0
DA:89,0
LF:10
LH:0
BRDA:36,0,0,0
BRDA:36,0,1,0
BRDA:38,1,0,0
BRDA:38,1,1,0
BRDA:46,2,0,0
BRDA:46,2,1,0
BRDA:49,3,0,0
BRDA:49,3,1,0
BRDA:68,4,0,0
BRDA:68,4,1,0
BRDA:70,5,0,0
BRDA:70,5,1,0
BRDA:78,6,0,0
BRDA:78,6,1,0
BRF:14
BRH:0
end_of_record
TN:
SF:src/lib/accessibility.ts
FN:12,useScreenReader
FN:15,(anonymous_1)
FN:19,(anonymous_2)
FN:22,(anonymous_3)
FN:29,(anonymous_4)
FN:34,(anonymous_5)
FNF:6
FNH:0
FNDA:0,useScreenReader
FNDA:0,(anonymous_1)
FNDA:0,(anonymous_2)
FNDA:0,(anonymous_3)
FNDA:0,(anonymous_4)
FNDA:0,(anonymous_5)
DA:13,0
DA:15,0
DA:16,0
DA:18,0
DA:20,0
DA:27,0
DA:30,0
DA:34,0
DA:35,0
DA:36,0
DA:40,0
LF:11
LH:0
BRDA:20,0,0,0
BRDA:20,0,1,0
BRF:2
BRH:0
end_of_record
TN:
SF:src/lib/achievements.ts
FN:176,computeAchievements
FN:177,(anonymous_1)
FN:191,countEarned
FNF:3
FNH:3
FNDA:10,computeAchievements
FNDA:130,(anonymous_1)
FNDA:3,countEarned
DA:47,1
DA:177,10
DA:178,130
DA:179,130
DA:195,3
DA:196,3
DA:197,39
DA:199,3
LF:8
LH:8
BRDA:197,0,0,13
BRDA:197,0,1,26
BRF:2
BRH:2
end_of_record
TN:
SF:src/lib/addressRecents.ts
FN:49,addRecent
FN:55,(anonymous_1)
FN:65,parseRecents
FN:95,loadRecents
FN:109,saveRecents
FN:127,clearRecents
FNF:6
FNH:6
FNDA:16,addRecent
FNDA:28,(anonymous_1)
FNDA:6,parseRecents
FNDA:10,loadRecents
FNDA:5,saveRecents
FNDA:2,clearRecents
DA:34,1
DA:35,1
DA:53,16
DA:54,16
DA:55,28
DA:57,16
DA:66,6
DA:67,5
DA:68,5
DA:69,20
DA:70,19
DA:71,19
DA:79,4
DA:81,15
DA:86,15
DA:87,15
DA:89,15
DA:90,15
DA:92,5
DA:96,10
DA:97,10
DA:98,10
DA:99,7
DA:101,1
DA:105,1
DA:110,5
DA:112,5
DA:113,5
DA:120,1
DA:128,2
DA:129,2
DA:131,0
LF:32
LH:31
BRDA:66,0,0,1
BRDA:66,0,1,5
BRDA:69,1,0,1
BRDA:69,1,1,19
BRDA:69,2,0,20
BRDA:69,2,1,20
BRDA:71,3,0,4
BRDA:71,3,1,15
BRDA:72,4,0,19
BRDA:72,4,1,19
BRDA:72,4,2,18
BRDA:72,4,3,15
BRDA:72,4,4,15
BRDA:72,4,5,15
BRDA:86,5,0,15
BRDA:86,5,1,0
BRDA:86,6,0,15
BRDA:86,6,1,15
BRDA:90,7,0,2
BRDA:90,7,1,13
BRDA:98,8,0,3
BRDA:98,8,1,7
BRF:22
BRH:21
end_of_record
TN:
SF:src/lib/auth.tsx
FN:17,AuthProvider
FN:21,(anonymous_1)
FN:26,(anonymous_2)
FN:37,(anonymous_3)
FN:41,(anonymous_4)
FN:53,useAuth
FNF:6
FNH:0
FNDA:0,AuthProvider
FNDA:0,(anonymous_1)
FNDA:0,(anonymous_2)
FNDA:0,(anonymous_3)
FNDA:0,(anonymous_4)
FNDA:0,useAuth
DA:11,0
DA:18,0
DA:19,0
DA:21,0
DA:26,0
DA:27,0
DA:28,0
DA:29,0
DA:31,0
DA:33,0
DA:37,0
DA:38,0
DA:41,0
DA:42,0
DA:46,0
DA:54,0
LF:16
LH:0
BRDA:47,0,0,0
BRDA:47,0,1,0
BRF:2
BRH:0
end_of_record
TN:
SF:src/lib/changelogExpanded.ts
FN:13,initialExpanded
FN:17,(anonymous_1)
FNF:2
FNH:2
FNDA:5,initialExpanded
FNDA:8,(anonymous_1)
DA:16,5
DA:17,5
DA:18,8
DA:20,5
LF:4
LH:4
BRF:0
BRH:0
end_of_record
TN:
SF:src/lib/confirm.ts
FN:23,confirm
FN:40,(anonymous_1)
FN:45,(anonymous_2)
FN:49,(anonymous_3)
FN:55,(anonymous_4)
FNF:5
FNH:5
FNDA:7,confirm
FNDA:4,(anonymous_1)
FNDA:1,(anonymous_2)
FNDA:2,(anonymous_3)
FNDA:1,(anonymous_4)
DA:29,7
DA:34,3
DA:35,1
DA:37,2
DA:40,4
DA:41,4
DA:45,1
DA:49,2
DA:55,1
LF:9
LH:9
BRDA:26,0,0,5
BRDA:27,1,0,5
BRDA:29,2,0,3
BRDA:29,2,1,4
BRDA:34,3,0,1
BRDA:34,3,1,2
BRDA:34,4,0,3
BRDA:34,4,1,3
BRDA:48,5,0,1
BRDA:48,5,1,3
BRF:10
BRH:10
end_of_record
TN:
SF:src/lib/dataExport.ts
FN:65,formatDate
FN:84,formatDataExport
FN:109,(anonymous_2)
FN:146,(anonymous_3)
FNF:4
FNH:4
FNDA:54,formatDate
FNDA:22,formatDataExport
FNDA:14,(anonymous_2)
FNDA:1,(anonymous_3)
DA:68,54
DA:69,54
DA:70,53
DA:71,53
DA:72,53
DA:73,53
DA:85,22
DA:86,22
DA:88,22
DA:89,22
DA:95,22
DA:97,22
DA:98,22
DA:99,22
DA:100,22
DA:101,22
DA:102,22
DA:103,22
DA:109,22
DA:110,14
DA:113,22
DA:114,22
DA:115,9
DA:117,13
DA:118,27
DA:123,27
DA:124,27
DA:129,27
DA:132,27
DA:133,27
DA:136,22
DA:140,22
DA:144,17
DA:146,5
DA:147,1
DA:149,5
DA:150,5
DA:151,1
DA:153,4
DA:154,5
DA:155,5
DA:156,5
DA:157,5
DA:161,22
DA:162,22
DA:164,22
LF:46
LH:46
BRDA:69,0,0,1
BRDA:69,0,1,53
BRDA:85,1,0,22
BRDA:85,1,1,0
BRDA:88,2,0,22
BRDA:88,2,1,3
BRDA:89,3,0,22
BRDA:89,3,1,18
BRDA:95,4,0,4
BRDA:95,4,1,18
BRDA:114,5,0,9
BRDA:114,5,1,13
BRDA:123,6,0,27
BRDA:123,6,1,1
BRDA:133,7,0,5
BRDA:133,7,1,22
BRDA:140,8,0,17
BRDA:140,8,1,5
BRDA:150,9,0,1
BRDA:150,9,1,4
BRDA:157,10,0,5
BRDA:157,10,1,0
BRF:22
BRH:20
end_of_record
TN:
SF:src/lib/dayGroup.ts
FN:24,startOfDay
FN:28,isoDate
FN:43,dayBucketTitle
FN:70,groupByDay
FNF:4
FNH:4
FNDA:47,startOfDay
FNDA:10,isoDate
FNDA:15,dayBucketTitle
FNDA:6,groupByDay
DA:22,1
DA:25,47
DA:29,10
DA:30,10
DA:31,10
DA:32,10
DA:44,15
DA:45,15
DA:46,15
DA:48,15
DA:49,9
DA:50,5
DA:51,3
DA:54,2
DA:55,2
DA:75,6
DA:76,6
DA:78,6
DA:79,12
DA:80,12
DA:81,12
DA:82,2
DA:83,2
DA:85,10
DA:86,10
DA:87,10
DA:88,3
DA:90,7
DA:94,6
DA:95,6
DA:96,7
DA:102,6
DA:103,1
DA:105,6
LF:34
LH:34
BRDA:43,0,0,0
BRDA:48,1,0,6
BRDA:48,1,1,9
BRDA:49,2,0,4
BRDA:49,2,1,5
BRDA:50,3,0,3
BRDA:50,3,1,2
BRDA:50,4,0,5
BRDA:50,4,1,5
BRDA:58,5,0,1
BRDA:58,5,1,1
BRDA:73,6,0,0
BRDA:80,7,0,11
BRDA:80,7,1,1
BRDA:81,8,0,2
BRDA:81,8,1,10
BRDA:87,9,0,3
BRDA:87,9,1,7
BRDA:102,10,0,1
BRDA:102,10,1,5
BRF:20
BRH:18
end_of_record
TN:
SF:src/lib/directionsLink.ts
FN:39,getDirectionsUrl
FNF:1
FNH:1
FNDA:29,getDirectionsUrl
DA:44,29
DA:45,29
DA:47,29
DA:49,11
DA:50,11
DA:53,18
DA:55,8
DA:56,8
DA:61,10
LF:9
LH:9
BRDA:44,0,0,29
BRDA:44,0,1,21
BRDA:45,1,0,29
BRDA:45,1,1,2
BRDA:47,2,0,11
BRDA:47,2,1,18
BRDA:49,3,0,8
BRDA:49,3,1,3
BRDA:49,4,0,2
BRDA:49,4,1,1
BRDA:53,5,0,8
BRDA:53,5,1,10
BRDA:55,6,0,6
BRDA:55,6,1,2
BRDA:55,7,0,1
BRDA:55,7,1,1
BRF:16
BRH:16
end_of_record
TN:
SF:src/lib/distance.ts
FN:26,haversineKm
FN:28,(anonymous_1)
FN:44,walkingMinutes
FN:55,formatDistance
FN:67,formatWalkingEta
FN:78,speakDistance
FNF:6
FNH:6
FNDA:21,haversineKm
FNDA:84,(anonymous_1)
FNDA:8,walkingMinutes
FNDA:11,formatDistance
FNDA:5,formatWalkingEta
FNDA:5,speakDistance
DA:19,2
DA:27,21
DA:28,84
DA:29,21
DA:30,21
DA:31,21
DA:32,21
DA:34,21
DA:36,21
DA:45,8
DA:46,5
DA:56,11
DA:57,8
DA:58,8
DA:59,6
DA:60,3
DA:68,5
DA:69,3
DA:70,3
DA:79,5
DA:80,3
DA:81,3
DA:82,2
DA:83,1
LF:24
LH:24
BRDA:45,0,0,3
BRDA:45,0,1,5
BRDA:56,1,0,3
BRDA:56,1,1,8
BRDA:56,2,0,11
BRDA:56,2,1,9
BRDA:58,3,0,2
BRDA:58,3,1,6
BRDA:59,4,0,3
BRDA:59,4,1,3
BRDA:68,5,0,2
BRDA:68,5,1,3
BRDA:68,6,0,5
BRDA:68,6,1,4
BRDA:79,7,0,2
BRDA:79,7,1,3
BRDA:79,8,0,5
BRDA:79,8,1,4
BRDA:81,9,0,1
BRDA:81,9,1,2
BRDA:82,10,0,1
BRDA:82,10,1,1
BRF:22
BRH:22
end_of_record
TN:
SF:src/lib/errors.ts
FN:18,errorMessage
FNF:1
FNH:1
FNDA:26,errorMessage
DA:19,26
DA:20,20
DA:21,20
DA:23,8
DA:24,7
LF:5
LH:5
BRDA:18,0,0,10
BRDA:19,1,0,20
BRDA:19,1,1,6
BRDA:19,2,0,26
BRDA:19,2,1,22
BRDA:19,2,2,21
BRDA:21,3,0,18
BRDA:21,3,1,2
BRDA:21,4,0,20
BRDA:21,4,1,19
BRDA:23,5,0,1
BRDA:23,5,1,7
BRDA:23,6,0,8
BRDA:23,6,1,2
BRF:14
BRH:14
end_of_record
TN:
SF:src/lib/feedback.ts
FN:54,buildMailtoUrl
FN:102,sendFeedback
FN:127,openFeedbackComposer
FNF:3
FNH:1
FNDA:11,buildMailtoUrl
FNDA:0,sendFeedback
FNDA:0,openFeedbackComposer
DA:8,1
DA:16,1
DA:19,1
DA:28,1
DA:35,1
DA:40,1
DA:59,11
DA:60,11
DA:67,11
DA:70,11
DA:71,11
DA:73,11
DA:74,11
DA:75,11
DA:79,11
DA:80,11
DA:81,11
DA:105,0
DA:106,0
DA:111,0
DA:112,0
DA:113,0
DA:115,0
DA:116,0
DA:118,0
DA:128,0
DA:129,0
DA:130,0
LF:28
LH:17
BRDA:60,0,0,3
BRDA:60,0,1,8
BRDA:67,1,0,3
BRDA:67,1,1,8
BRDA:70,2,0,2
BRDA:70,2,1,9
BRDA:71,3,0,3
BRDA:71,3,1,8
BRDA:73,4,0,4
BRDA:73,4,1,7
BRDA:73,5,0,11
BRDA:73,5,1,9
BRDA:111,6,0,0
BRDA:111,6,1,0
BRDA:113,7,0,0
BRDA:113,7,1,0
BRDA:129,8,0,0
BRDA:129,8,1,0
BRF:18
BRH:12
end_of_record
TN:
SF:src/lib/feedbackFilter.ts
FN:61,filterFeedback
FN:66,(anonymous_1)
FNF:2
FNH:2
FNDA:21,filterFeedback
FNDA:66,(anonymous_1)
DA:31,1
DA:40,1
DA:65,21
DA:66,66
LF:4
LH:4
BRDA:65,0,0,4
BRDA:65,0,1,17
BRF:2
BRH:2
end_of_record
TN:
SF:src/lib/feedbackStore.ts
FN:47,submitFeedback
FN:87,listFeedbackByUser
FNF:2
FNH:2
FNDA:6,submitFeedback
FNDA:3,listFeedbackByUser
DA:50,6
DA:51,6
DA:63,5
DA:64,1
DA:66,4
DA:67,0
DA:69,4
DA:71,1
DA:90,3
DA:91,3
DA:98,2
DA:99,1
DA:101,1
LF:13
LH:12
BRDA:54,0,0,6
BRDA:54,0,1,1
BRDA:57,1,0,6
BRDA:57,1,1,6
BRDA:63,2,0,1
BRDA:63,2,1,4
BRDA:66,3,0,0
BRDA:66,3,1,4
BRDA:73,4,0,1
BRDA:73,4,1,0
BRDA:98,5,0,1
BRDA:98,5,1,1
BRDA:99,6,0,1
BRDA:99,6,1,0
BRF:14
BRH:11
end_of_record
TN:
SF:src/lib/filterPanelPrefs.ts
FN:19,loadFilterPanelCollapsed
FN:32,saveFilterPanelCollapsed
FNF:2
FNH:2
FNDA:7,loadFilterPanelCollapsed
FNDA:5,saveFilterPanelCollapsed
DA:17,1
DA:20,7
DA:21,7
DA:22,6
DA:24,1
DA:28,1
DA:35,5
DA:36,5
DA:38,1
LF:9
LH:9
BRDA:36,0,0,3
BRDA:36,0,1,2
BRF:2
BRH:2
end_of_record
TN:
SF:src/lib/filterPresets.ts
FN:58,storageKey
FN:67,makeId
FN:71,isFilterPresetStatus
FN:82,parsePreset
FN:101,(anonymous_4)
FN:129,parsePresetsBlob
FN:163,addPreset
FN:190,renamePreset
FN:196,(anonymous_8)
FN:213,removePreset
FN:217,(anonymous_10)
FN:234,presetSummary
FN:253,loadPresets
FN:275,savePresets
FN:287,clearPresets
FNF:15
FNH:15
FNDA:14,storageKey
FNDA:3,makeId
FNDA:61,isFilterPresetStatus
FNDA:34,parsePreset
FNDA:33,(anonymous_4)
FNDA:7,parsePresetsBlob
FNDA:3,addPreset
FNDA:3,renamePreset
FNDA:4,(anonymous_8)
FNDA:3,removePreset
FNDA:6,(anonymous_10)
FNDA:5,presetSummary
FNDA:10,loadPresets
FNDA:3,savePresets
FNDA:1,clearPresets
DA:26,1
DA:32,1
DA:36,1
DA:59,14
DA:68,3
DA:72,61
DA:83,34
DA:84,33
DA:86,33
DA:87,33
DA:88,31
DA:89,31
DA:95,1
DA:97,30
DA:98,30
DA:100,30
DA:101,33
DA:103,30
DA:105,30
DA:131,7
DA:132,7
DA:134,1
DA:136,6
DA:137,5
DA:138,5
DA:139,34
DA:140,34
DA:141,30
DA:144,5
DA:146,1
DA:148,4
DA:167,3
DA:175,3
DA:176,3
DA:178,1
DA:180,2
DA:195,3
DA:196,3
DA:197,4
DA:198,2
DA:199,2
DA:201,2
DA:206,3
DA:217,6
DA:218,3
DA:236,5
DA:239,5
DA:254,10
DA:255,10
DA:256,10
DA:257,7
DA:259,0
DA:263,0
DA:279,3
DA:288,1
DA:289,1
DA:291,0
LF:57
LH:54
BRDA:72,0,0,61
BRDA:72,0,1,61
BRDA:83,1,0,1
BRDA:83,1,1,33
BRDA:83,2,0,34
BRDA:83,2,1,34
BRDA:86,3,0,0
BRDA:86,3,1,33
BRDA:86,4,0,33
BRDA:86,4,1,33
BRDA:87,5,0,2
BRDA:87,5,1,31
BRDA:87,6,0,33
BRDA:87,6,1,32
BRDA:88,7,0,0
BRDA:88,7,1,31
BRDA:89,8,0,1
BRDA:89,8,1,30
BRDA:90,9,0,31
BRDA:90,9,1,31
BRDA:90,9,2,31
BRDA:90,9,3,31
BRDA:97,10,0,0
BRDA:97,10,1,30
BRDA:98,11,0,0
BRDA:98,11,1,30
BRDA:136,12,0,1
BRDA:136,12,1,5
BRDA:140,13,0,30
BRDA:140,13,1,4
BRDA:144,14,0,1
BRDA:144,14,1,4
BRDA:176,15,0,1
BRDA:176,15,1,2
BRDA:197,16,0,2
BRDA:197,16,1,2
BRDA:206,17,0,2
BRDA:206,17,1,1
BRDA:218,18,0,1
BRDA:218,18,1,2
BRDA:236,19,0,3
BRDA:236,19,1,2
BRDA:238,20,0,1
BRDA:238,20,1,1
BRDA:256,21,0,3
BRDA:256,21,1,7
BRF:46
BRH:42
end_of_record
TN:
SF:src/lib/filterSets.ts
FN:65,(anonymous_0)
FN:79,isFlagCategory
FN:83,isFlagStatus
FN:87,isFlagSeverity
FN:97,parseSet
FN:126,parseSetsBlob
FN:147,listSets
FN:166,makeId
FN:186,saveSet
FN:205,(anonymous_9)
FN:235,deleteSet
FN:238,(anonymous_11)
FN:263,getDefaultSetId
FN:292,setDefaultSetId
FNF:14
FNH:14
FNDA:5,(anonymous_0)
FNDA:45,isFlagCategory
FNDA:45,isFlagStatus
FNDA:45,isFlagSeverity
FNDA:47,parseSet
FNDA:26,parseSetsBlob
FNDA:39,listSets
FNDA:21,makeId
FNDA:26,saveSet
FNDA:19,(anonymous_9)
FNDA:5,deleteSet
FNDA:8,(anonymous_11)
FNDA:14,getDefaultSetId
FNDA:8,setDefaultSetId
DA:35,1
DA:40,1
DA:46,1
DA:66,5
DA:67,5
DA:68,5
DA:75,1
DA:76,1
DA:77,1
DA:80,45
DA:84,45
DA:88,45
DA:98,47
DA:99,46
DA:101,46
DA:102,45
DA:103,45
DA:104,45
DA:105,45
DA:106,45
DA:108,44
DA:109,44
DA:111,44
DA:128,26
DA:129,26
DA:131,1
DA:133,25
DA:134,24
DA:135,24
DA:136,47
DA:137,47
DA:139,24
DA:148,39
DA:149,39
DA:150,38
DA:151,26
DA:153,1
DA:157,1
DA:167,21
DA:190,26
DA:191,26
DA:192,2
DA:195,24
DA:197,24
DA:198,1
DA:204,23
DA:205,23
DA:206,2
DA:212,21
DA:221,21
DA:222,21
DA:223,21
DA:236,5
DA:237,5
DA:238,8
DA:241,5
DA:242,3
DA:243,3
DA:244,3
DA:245,1
DA:248,0
DA:264,14
DA:265,14
DA:266,13
DA:270,9
DA:271,9
DA:273,1
DA:275,8
DA:276,6
DA:278,1
DA:282,1
DA:293,8
DA:294,8
DA:295,2
DA:296,2
DA:298,6
DA:300,0
LF:77
LH:75
BRDA:80,0,0,45
BRDA:80,0,1,45
BRDA:84,1,0,45
BRDA:84,1,1,45
BRDA:88,2,0,45
BRDA:88,2,1,45
BRDA:98,3,0,1
BRDA:98,3,1,46
BRDA:98,4,0,47
BRDA:98,4,1,46
BRDA:101,5,0,1
BRDA:101,5,1,45
BRDA:101,6,0,46
BRDA:101,6,1,45
BRDA:102,7,0,0
BRDA:102,7,1,45
BRDA:102,8,0,45
BRDA:102,8,1,45
BRDA:103,9,0,0
BRDA:103,9,1,45
BRDA:104,10,0,0
BRDA:104,10,1,45
BRDA:105,11,0,0
BRDA:105,11,1,45
BRDA:106,12,0,1
BRDA:106,12,1,44
BRDA:133,13,0,1
BRDA:133,13,1,24
BRDA:137,14,0,44
BRDA:137,14,1,3
BRDA:150,15,0,12
BRDA:150,15,1,26
BRDA:191,16,0,2
BRDA:191,16,1,24
BRDA:197,17,0,1
BRDA:197,17,1,23
BRDA:205,18,0,2
BRDA:205,18,1,21
BRDA:241,19,0,2
BRDA:241,19,1,3
BRDA:244,20,0,1
BRDA:244,20,1,2
BRDA:266,21,0,4
BRDA:266,21,1,9
BRDA:275,22,0,2
BRDA:275,22,1,6
BRDA:275,23,0,8
BRDA:275,23,1,7
BRDA:294,24,0,2
BRDA:294,24,1,6
BRF:50
BRH:46
end_of_record
TN:
SF:src/lib/flagSearch.ts
FN:24,normalize
FN:29,tokenizeQuery
FN:32,(anonymous_2)
FN:40,searchFlags
FN:43,(anonymous_4)
FN:49,(anonymous_5)
FNF:6
FNH:6
FNDA:69,normalize
FNDA:20,tokenizeQuery
FNDA:22,(anonymous_2)
FNDA:14,searchFlags
FNDA:49,(anonymous_4)
FNDA:51,(anonymous_5)
DA:25,69
DA:30,20
DA:31,20
DA:32,22
DA:41,14
DA:42,14
DA:43,13
DA:44,49
DA:49,51
LF:9
LH:9
BRDA:31,0,0,4
BRDA:31,0,1,16
BRDA:42,1,0,1
BRDA:42,1,1,13
BRDA:45,2,0,49
BRDA:45,2,1,12
BRDA:46,3,0,49
BRDA:46,3,1,0
BRDA:47,4,0,49
BRDA:47,4,1,0
BRF:10
BRH:8
end_of_record
TN:
SF:src/lib/flagUpdates.ts
FN:39,storageKey
FN:47,parseLastSeen
FN:65,loadLastSeen
FN:79,persist
FN:98,diffUpdates
FN:124,nextLastSeen
FN:149,markAllSeen
FNF:7
FNH:7
FNDA:23,storageKey
FNDA:10,parseLastSeen
FNDA:17,loadLastSeen
FNDA:6,persist
FNDA:9,diffUpdates
FNDA:11,nextLastSeen
FNDA:6,markAllSeen
DA:21,1
DA:26,1
DA:40,23
DA:48,10
DA:49,8
DA:50,8
DA:51,11
DA:52,11
DA:58,1
DA:60,10
DA:62,8
DA:66,17
DA:67,17
DA:68,17
DA:69,11
DA:71,1
DA:75,1
DA:80,6
DA:81,6
DA:83,0
DA:103,9
DA:104,9
DA:105,15
DA:106,15
DA:107,13
DA:108,8
DA:109,7
DA:111,9
DA:128,11
DA:129,11
DA:134,13
DA:135,13
DA:138,11
DA:139,11
DA:140,1
DA:141,1
DA:153,6
DA:154,6
DA:155,6
DA:156,6
LF:40
LH:39
BRDA:48,0,0,2
BRDA:48,0,1,8
BRDA:48,1,0,10
BRDA:48,1,1,10
BRDA:48,1,2,9
BRDA:51,2,0,0
BRDA:51,2,1,11
BRDA:51,3,0,11
BRDA:51,3,1,11
BRDA:52,4,0,1
BRDA:52,4,1,10
BRDA:53,5,0,11
BRDA:53,5,1,5
BRDA:53,5,2,3
BRDA:53,5,3,1
BRDA:68,6,0,6
BRDA:68,6,1,11
BRDA:106,7,0,2
BRDA:106,7,1,13
BRDA:107,8,0,5
BRDA:107,8,1,8
BRDA:108,9,0,1
BRDA:108,9,1,7
BRDA:108,10,0,8
BRDA:108,10,1,3
BRDA:134,11,0,4
BRDA:134,11,1,9
BRDA:139,12,0,10
BRDA:139,12,1,1
BRF:29
BRH:28
end_of_record
TN:
SF:src/lib/flags.ts
FN:15,uploadFlagPhoto
FN:56,listFlags
FN:73,listFlagsByUser
FN:84,createFlag
FN:102,updateFlagStatus
FN:115,deleteFlag
FN:129,fetchFlagById
FN:149,fetchFlagsByIds
FN:168,listRecentFlags
FN:229,severityColor
FNF:10
FNH:1
FNDA:0,uploadFlagPhoto
FNDA:0,listFlags
FNDA:0,listFlagsByUser
FNDA:0,createFlag
FNDA:0,updateFlagStatus
FNDA:0,deleteFlag
FNDA:0,fetchFlagById
FNDA:0,fetchFlagsByIds
FNDA:0,listRecentFlags
FNDA:14,severityColor
DA:9,6
DA:19,0
DA:20,0
DA:22,0
DA:23,0
DA:25,0
DA:26,0
DA:28,0
DA:34,0
DA:36,0
DA:39,0
DA:57,0
DA:63,0
DA:64,0
DA:74,0
DA:80,0
DA:81,0
DA:85,0
DA:98,0
DA:99,0
DA:103,0
DA:109,0
DA:110,0
DA:116,0
DA:117,0
DA:130,0
DA:135,0
DA:136,0
DA:150,0
DA:151,0
DA:155,0
DA:156,0
DA:169,0
DA:174,0
DA:175,0
DA:178,6
DA:187,6
DA:198,6
DA:209,6
DA:218,6
DA:230,14
DA:231,2
DA:232,2
DA:233,2
DA:234,2
DA:235,2
DA:236,4
DA:242,6
DA:250,6
DA:258,6
DA:266,6
DA:277,6
DA:285,6
DA:295,6
LF:54
LH:20
BRDA:23,0,0,0
BRDA:23,0,1,0
BRDA:25,1,0,0
BRDA:25,1,1,0
BRDA:25,2,0,0
BRDA:25,2,1,0
BRDA:34,3,0,0
BRDA:34,3,1,0
BRDA:56,4,0,0
BRDA:63,5,0,0
BRDA:63,5,1,0
BRDA:64,6,0,0
BRDA:64,6,1,0
BRDA:80,7,0,0
BRDA:80,7,1,0
BRDA:81,8,0,0
BRDA:81,8,1,0
BRDA:93,9,0,0
BRDA:93,9,1,0
BRDA:94,10,0,0
BRDA:94,10,1,0
BRDA:98,11,0,0
BRDA:98,11,1,0
BRDA:109,12,0,0
BRDA:109,12,1,0
BRDA:117,13,0,0
BRDA:117,13,1,0
BRDA:135,14,0,0
BRDA:135,14,1,0
BRDA:136,15,0,0
BRDA:136,15,1,0
BRDA:150,16,0,0
BRDA:150,16,1,0
BRDA:155,17,0,0
BRDA:155,17,1,0
BRDA:156,18,0,0
BRDA:156,18,1,0
BRDA:168,19,0,0
BRDA:174,20,0,0
BRDA:174,20,1,0
BRDA:175,21,0,0
BRDA:175,21,1,0
BRDA:230,22,0,2
BRDA:230,22,1,2
BRDA:230,22,2,2
BRDA:230,22,3,2
BRDA:230,22,4,2
BRDA:230,22,5,4
BRF:48
BRH:6
end_of_record
TN:
SF:src/lib/flagsRealtime.ts
FN:17,mergeFlagRealtimePayload
FN:26,(anonymous_1)
FN:30,(anonymous_2)
FN:35,(anonymous_3)
FN:37,(anonymous_4)
FN:40,(anonymous_5)
FN:43,(anonymous_6)
FN:49,(anonymous_7)
FNF:8
FNH:8
FNDA:11,mergeFlagRealtimePayload
FNDA:3,(anonymous_1)
FNDA:2,(anonymous_2)
FNDA:4,(anonymous_3)
FNDA:1,(anonymous_4)
FNDA:1,(anonymous_5)
FNDA:1,(anonymous_6)
FNDA:2,(anonymous_7)
DA:22,11
DA:24,4
DA:25,4
DA:26,3
DA:27,2
DA:30,2
DA:31,2
DA:34,4
DA:35,4
DA:36,4
DA:37,2
DA:39,2
DA:40,1
DA:42,1
DA:43,1
DA:44,1
DA:47,2
DA:48,2
DA:49,2
DA:52,1
LF:20
LH:20
BRDA:22,0,0,4
BRDA:22,0,1,4
BRDA:22,0,2,2
BRDA:22,0,3,1
BRDA:25,1,0,1
BRDA:25,1,1,3
BRDA:26,2,0,1
BRDA:26,2,1,2
BRDA:36,3,0,2
BRDA:36,3,1,2
BRDA:37,4,0,1
BRDA:37,4,1,1
BRDA:39,5,0,1
BRDA:39,5,1,1
BRDA:40,6,0,1
BRDA:40,6,1,0
BRDA:48,7,0,1
BRDA:48,7,1,1
BRF:18
BRH:17
end_of_record
TN:
SF:src/lib/flagsStore.tsx
FN:41,FlagsProvider
FN:50,(anonymous_1)
FN:58,(anonymous_2)
FN:83,(anonymous_3)
FN:88,(anonymous_4)
FN:89,(anonymous_5)
FN:95,(anonymous_6)
FN:104,(anonymous_7)
FN:110,(anonymous_8)
FN:116,(anonymous_9)
FN:122,(anonymous_10)
FN:127,(anonymous_11)
FN:128,(anonymous_12)
FN:128,(anonymous_13)
FN:131,(anonymous_14)
FN:132,(anonymous_15)
FN:132,(anonymous_16)
FN:136,(anonymous_17)
FN:152,useFlags
FNF:19
FNH:0
FNDA:0,FlagsProvider
FNDA:0,(anonymous_1)
FNDA:0,(anonymous_2)
FNDA:0,(anonymous_3)
FNDA:0,(anonymous_4)
FNDA:0,(anonymous_5)
FNDA:0,(anonymous_6)
FNDA:0,(anonymous_7)
FNDA:0,(anonymous_8)
FNDA:0,(anonymous_9)
FNDA:0,(anonymous_10)
FNDA:0,(anonymous_11)
FNDA:0,(anonymous_12)
FNDA:0,(anonymous_13)
FNDA:0,(anonymous_14)
FNDA:0,(anonymous_15)
FNDA:0,(anonymous_16)
FNDA:0,(anonymous_17)
FNDA:0,useFlags
DA:39,0
DA:42,0
DA:43,0
DA:44,0
DA:45,0
DA:49,0
DA:50,0
DA:51,0
DA:56,0
DA:58,0
DA:59,0
DA:61,0
DA:62,0
DA:63,0
DA:64,0
DA:65,0
DA:67,0
DA:68,0
DA:69,0
DA:70,0
DA:71,0
DA:72,0
DA:73,0
DA:75,0
DA:76,0
DA:77,0
DA:79,0
DA:83,0
DA:84,0
DA:88,0
DA:89,0
DA:95,0
DA:96,0
DA:104,0
DA:105,0
DA:111,0
DA:116,0
DA:117,0
DA:122,0
DA:123,0
DA:127,0
DA:128,0
DA:131,0
DA:132,0
DA:135,0
DA:136,0
DA:149,0
DA:153,0
DA:154,0
DA:155,0
LF:50
LH:0
BRDA:61,0,0,0
BRDA:61,0,1,0
BRDA:71,1,0,0
BRDA:71,1,1,0
BRDA:75,2,0,0
BRDA:75,2,1,0
BRDA:79,3,0,0
BRDA:79,3,1,0
BRDA:96,4,0,0
BRDA:96,4,1,0
BRDA:128,5,0,0
BRDA:128,5,1,0
BRDA:154,6,0,0
BRDA:154,6,1,0
BRF:14
BRH:0
end_of_record
TN:
SF:src/lib/geocode.ts
FN:53,parseGeocodeRow
FN:67,parseResults
FN:70,(anonymous_2)
FN:71,(anonymous_3)
FN:83,searchAddress
FNF:5
FNH:5
FNDA:13,parseGeocodeRow
FNDA:7,parseResults
FNDA:5,(anonymous_2)
FNDA:5,(anonymous_3)
FNDA:8,searchAddress
DA:22,1
DA:27,1
DA:54,13
DA:55,13
DA:56,11
DA:57,8
DA:58,8
DA:59,8
DA:63,6
DA:64,6
DA:68,7
DA:69,4
DA:70,5
DA:71,5
DA:87,8
DA:88,8
DA:89,6
DA:90,6
DA:91,6
DA:95,4
DA:96,3
DA:97,3
DA:101,2
DA:102,1
DA:103,1
LF:25
LH:25
BRDA:54,0,0,0
BRDA:54,0,1,13
BRDA:55,1,0,2
BRDA:55,1,1,11
BRDA:56,2,0,3
BRDA:56,2,1,8
BRDA:56,3,0,11
BRDA:56,3,1,9
BRDA:59,4,0,2
BRDA:59,4,1,6
BRDA:59,5,0,8
BRDA:59,5,1,7
BRDA:63,6,0,5
BRDA:63,6,1,1
BRDA:68,7,0,3
BRDA:68,7,1,4
BRDA:88,8,0,2
BRDA:88,8,1,6
BRDA:95,9,0,1
BRDA:95,9,1,3
BRDA:101,10,0,1
BRDA:101,10,1,1
BRDA:101,11,0,2
BRDA:101,11,1,2
BRF:24
BRH:23
end_of_record
TN:
SF:src/lib/helpSearch.ts
FN:44,filterFaqs
FN:60,(anonymous_1)
FN:66,(anonymous_2)
FN:72,(anonymous_3)
FNF:4
FNH:4
FNDA:15,filterFaqs
FNDA:18,(anonymous_1)
FNDA:50,(anonymous_2)
FNDA:55,(anonymous_3)
DA:48,15
DA:49,15
DA:50,2
DA:56,13
DA:60,18
DA:62,13
DA:63,0
DA:66,13
DA:71,50
DA:72,55
LF:10
LH:9
BRDA:49,0,0,2
BRDA:49,0,1,13
BRDA:62,1,0,0
BRDA:62,1,1,13
BRF:4
BRH:3
end_of_record
TN:
SF:src/lib/location.ts
FN:54,useUserLocation
FN:66,(anonymous_1)
FN:68,(anonymous_2)
FN:73,(anonymous_3)
FN:108,(anonymous_4)
FNF:5
FNH:0
FNDA:0,useUserLocation
FNDA:0,(anonymous_1)
FNDA:0,(anonymous_2)
FNDA:0,(anonymous_3)
FNDA:0,(anonymous_4)
DA:57,0
DA:58,0
DA:59,0
DA:60,0
DA:61,0
DA:65,0
DA:66,0
DA:67,0
DA:68,0
DA:69,0
DA:73,0
DA:74,0
DA:75,0
DA:76,0
DA:78,0
DA:82,0
DA:85,0
DA:86,0
DA:87,0
DA:88,0
DA:90,0
DA:92,0
DA:93,0
DA:96,0
DA:97,0
DA:99,0
DA:100,0
DA:101,0
DA:104,0
DA:108,0
DA:109,0
DA:112,0
LF:32
LH:0
BRDA:55,0,0,0
BRDA:57,1,0,0
BRDA:74,2,0,0
BRDA:74,2,1,0
BRDA:82,3,0,0
BRDA:82,3,1,0
BRDA:85,4,0,0
BRDA:85,4,1,0
BRDA:86,5,0,0
BRDA:86,5,1,0
BRDA:92,6,0,0
BRDA:92,6,1,0
BRDA:96,7,0,0
BRDA:96,7,1,0
BRDA:99,8,0,0
BRDA:99,8,1,0
BRDA:104,9,0,0
BRDA:104,9,1,0
BRF:18
BRH:0
end_of_record
TN:
SF:src/lib/mapFilters.ts
FN:60,isFlagCategory
FN:64,isFlagStatus
FN:68,isFlagSeverity
FN:85,parseMapFilters
FN:117,loadMapFilters
FN:138,saveMapFilters
FNF:6
FNH:6
FNDA:4,isFlagCategory
FNDA:3,isFlagStatus
FNDA:3,isFlagSeverity
FNDA:6,parseMapFilters
FNDA:8,loadMapFilters
FNDA:3,saveMapFilters
DA:35,1
DA:47,1
DA:56,1
DA:57,1
DA:58,1
DA:61,4
DA:65,3
DA:69,3
DA:87,6
DA:88,6
DA:90,1
DA:92,5
DA:93,5
DA:95,5
DA:96,3
DA:97,3
DA:99,2
DA:100,2
DA:102,2
DA:118,8
DA:119,8
DA:120,7
DA:121,6
DA:124,1
DA:128,1
DA:139,3
DA:140,3
DA:142,1
LF:28
LH:28
BRDA:61,0,0,4
BRDA:61,0,1,4
BRDA:65,1,0,3
BRDA:65,1,1,3
BRDA:70,2,0,3
BRDA:70,2,1,3
BRDA:92,3,0,0
BRDA:92,3,1,5
BRDA:92,4,0,5
BRDA:92,4,1,5
BRDA:95,5,0,2
BRDA:95,5,1,3
BRDA:96,6,0,0
BRDA:96,6,1,3
BRDA:97,7,0,1
BRDA:97,7,1,2
BRDA:120,8,0,1
BRDA:120,8,1,6
BRF:18
BRH:16
end_of_record
TN:
SF:src/lib/myReportsFilter.ts
FN:26,normalize
FN:31,tokenize
FN:34,(anonymous_2)
FN:45,filterMyReports
FN:52,(anonymous_4)
FN:58,(anonymous_5)
FNF:6
FNH:6
FNDA:100,normalize
FNDA:27,tokenize
FNDA:26,(anonymous_2)
FNDA:27,filterMyReports
FNDA:73,(anonymous_4)
FNDA:75,(anonymous_5)
DA:27,100
DA:32,27
DA:33,27
DA:34,26
DA:50,27
DA:51,27
DA:52,24
DA:53,73
DA:58,75
LF:9
LH:9
BRDA:33,0,0,3
BRDA:33,0,1,24
BRDA:51,1,0,3
BRDA:51,1,1,24
BRDA:54,2,0,73
BRDA:54,2,1,16
BRDA:55,3,0,73
BRDA:55,3,1,0
BRF:8
BRH:7
end_of_record
TN:
SF:src/lib/nearestFlag.ts
FN:39,findNearestUnresolved
FNF:1
FNH:1
FNDA:9,findNearestUnresolved
DA:18,1
DA:43,9
DA:44,8
DA:46,7
DA:47,7
DA:48,17
DA:49,14
DA:51,14
DA:52,6
DA:55,7
LF:10
LH:10
BRDA:43,0,0,1
BRDA:43,0,1,8
BRDA:44,1,0,1
BRDA:44,1,1,7
BRDA:48,2,0,3
BRDA:48,2,1,14
BRDA:51,3,0,6
BRDA:51,3,1,8
BRDA:51,4,0,14
BRDA:51,4,1,8
BRF:10
BRH:10
end_of_record
TN:
SF:src/lib/notificationPrefs.ts
FN:41,storageKey
FN:50,parsePrefs
FN:67,loadPrefs
FN:81,savePrefs
FN:99,prefKeyForStatus
FN:116,isNotifiable
FNF:6
FNH:6
FNDA:10,storageKey
FNDA:5,parsePrefs
FNDA:7,loadPrefs
FNDA:3,savePrefs
FNDA:13,prefKeyForStatus
FNDA:9,isNotifiable
DA:17,2
DA:34,2
DA:42,10
DA:51,5
DA:52,0
DA:54,5
DA:55,5
DA:68,7
DA:69,7
DA:70,7
DA:71,6
DA:73,1
DA:77,1
DA:85,3
DA:86,3
DA:88,0
DA:100,13
DA:102,2
DA:104,4
DA:106,3
DA:108,4
DA:120,9
LF:22
LH:20
BRDA:51,0,0,0
BRDA:51,0,1,5
BRDA:51,1,0,5
BRDA:51,1,1,5
BRDA:51,1,2,5
BRDA:57,2,0,4
BRDA:57,2,1,1
BRDA:59,3,0,3
BRDA:59,3,1,2
BRDA:61,4,0,3
BRDA:61,4,1,2
BRDA:63,5,0,4
BRDA:63,5,1,1
BRDA:70,6,0,1
BRDA:70,6,1,6
BRDA:100,7,0,2
BRDA:100,7,1,4
BRDA:100,7,2,3
BRDA:100,7,3,4
BRF:19
BRH:18
end_of_record
TN:
SF:src/lib/onboarding.ts
FN:11,storageKey
FN:20,hasSeenOnboarding
FN:34,markOnboardingSeen
FN:47,clearOnboardingSeen
FNF:4
FNH:4
FNDA:14,storageKey
FNDA:7,hasSeenOnboarding
FNDA:6,markOnboardingSeen
FNDA:1,clearOnboardingSeen
DA:9,1
DA:12,14
DA:21,7
DA:22,7
DA:23,6
DA:25,1
DA:35,6
DA:36,6
DA:48,1
DA:49,1
LF:10
LH:10
BRF:0
BRH:0
end_of_record
TN:
SF:src/lib/onboardingState.ts
FN:27,loadOnboarded
FN:42,setOnboarded
FN:55,clearOnboarded
FNF:3
FNH:3
FNDA:6,loadOnboarded
FNDA:4,setOnboarded
FNDA:1,clearOnboarded
DA:17,1
DA:19,1
DA:28,6
DA:29,6
DA:30,5
DA:31,3
DA:33,1
DA:43,4
DA:44,4
DA:56,1
DA:57,1
LF:11
LH:11
BRDA:30,0,0,2
BRDA:30,0,1,3
BRF:2
BRH:2
end_of_record
TN:
SF:src/lib/points.ts
FN:29,storageKey
FN:38,fetchCurrentPoints
FN:56,getLastSeenPoints
FN:69,setLastSeenPoints
FNF:4
FNH:3
FNDA:9,storageKey
FNDA:0,fetchCurrentPoints
FNDA:5,getLastSeenPoints
FNDA:4,setLastSeenPoints
DA:27,1
DA:30,9
DA:41,0
DA:46,0
DA:47,0
DA:48,0
DA:59,5
DA:60,5
DA:61,4
DA:62,3
DA:63,3
DA:65,1
DA:73,4
DA:74,4
LF:14
LH:10
BRDA:46,0,0,0
BRDA:46,0,1,0
BRDA:47,1,0,0
BRDA:47,1,1,0
BRDA:48,2,0,0
BRDA:48,2,1,0
BRDA:61,3,0,1
BRDA:61,3,1,3
BRDA:63,4,0,2
BRDA:63,4,1,1
BRF:10
BRH:4
end_of_record
TN:
SF:src/lib/preferences.ts
FN:20,defaultTabKey
FN:24,isDefaultTab
FN:32,getDefaultTab
FN:41,setDefaultTab
FNF:4
FNH:4
FNDA:10,defaultTabKey
FNDA:5,isDefaultTab
FNDA:6,getDefaultTab
FNDA:4,setDefaultTab
DA:15,1
DA:18,1
DA:21,10
DA:25,5
DA:33,6
DA:34,6
DA:35,5
DA:37,1
DA:45,4
DA:46,4
LF:10
LH:10
BRDA:25,0,0,5
BRDA:25,0,1,5
BRDA:25,0,2,3
BRDA:35,1,0,3
BRDA:35,1,1,2
BRF:5
BRH:5
end_of_record
TN:
SF:src/lib/relativeTime.ts
FN:16,relativeTime
FNF:1
FNH:1
FNDA:13,relativeTime
DA:17,13
DA:18,13
DA:19,13
DA:21,13
DA:22,12
DA:23,9
DA:24,4
DA:25,4
DA:27,5
DA:28,2
DA:29,2
DA:31,3
DA:32,2
DA:33,2
DA:36,1
LF:15
LH:15
BRDA:16,0,0,0
BRDA:17,1,0,12
BRDA:17,1,1,1
BRDA:21,2,0,1
BRDA:21,2,1,12
BRDA:22,3,0,3
BRDA:22,3,1,9
BRDA:23,4,0,4
BRDA:23,4,1,5
BRDA:27,5,0,2
BRDA:27,5,1,3
BRDA:31,6,0,2
BRDA:31,6,1,1
BRF:13
BRH:12
end_of_record
TN:
SF:src/lib/reputationTier.ts
FN:51,safePoints
FN:64,getTier
FN:84,pointsToNextTier
FNF:3
FNH:3
FNDA:43,safePoints
FNDA:31,getTier
FNDA:12,pointsToNextTier
DA:38,1
DA:52,43
DA:53,39
DA:54,35
DA:55,32
DA:65,31
DA:70,31
DA:71,94
DA:72,94
DA:76,0
DA:85,12
DA:86,12
DA:87,12
DA:88,10
LF:14
LH:13
BRDA:52,0,0,4
BRDA:52,0,1,39
BRDA:52,1,0,43
BRDA:52,1,1,41
BRDA:53,2,0,4
BRDA:53,2,1,35
BRDA:54,3,0,3
BRDA:54,3,1,32
BRDA:72,4,0,31
BRDA:72,4,1,63
BRDA:72,5,0,94
BRDA:72,5,1,94
BRDA:87,6,0,2
BRDA:87,6,1,10
BRF:14
BRH:14
end_of_record
TN:
SF:src/lib/savedPlaces.ts
FN:27,storageKey
FN:31,isFiniteLatLng
FN:50,parsePlaces
FN:78,loadPlaces
FN:92,persist
FN:105,withWriteLock
FN:113,(anonymous_6)
FN:118,(anonymous_7)
FN:130,generateId
FN:138,normalizePlaceName
FN:154,(anonymous_10)
FN:169,addPlace
FN:183,(anonymous_12)
FN:192,(anonymous_13)
FN:212,removePlace
FN:216,(anonymous_15)
FN:218,(anonymous_16)
FN:229,renamePlace
FN:238,(anonymous_18)
FN:240,(anonymous_19)
FN:243,(anonymous_20)
FN:255,(anonymous_21)
FNF:22
FNH:21
FNDA:81,storageKey
FNDA:230,isFiniteLatLng
FNDA:34,parsePlaces
FNDA:52,loadPlaces
FNDA:29,persist
FNDA:37,withWriteLock
FNDA:0,(anonymous_6)
FNDA:37,(anonymous_7)
FNDA:25,generateId
FNDA:44,normalizePlaceName
FNDA:10,(anonymous_10)
FNDA:34,addPlace
FNDA:29,(anonymous_12)
FNDA:18,(anonymous_13)
FNDA:4,removePlace
FNDA:4,(anonymous_15)
FNDA:5,(anonymous_16)
FNDA:4,renamePlace
FNDA:4,(anonymous_18)
FNDA:5,(anonymous_19)
FNDA:3,(anonymous_20)
FNDA:2,(anonymous_21)
DA:14,1
DA:15,1
DA:16,1
DA:28,81
DA:32,230
DA:51,34
DA:52,33
DA:53,33
DA:54,199
DA:55,198
DA:56,198
DA:64,4
DA:66,194
DA:73,194
DA:75,33
DA:79,52
DA:80,52
DA:81,52
DA:82,35
DA:84,1
DA:88,1
DA:97,29
DA:103,1
DA:109,37
DA:113,37
DA:114,37
DA:118,37
DA:119,37
DA:121,37
DA:122,37
DA:131,25
DA:139,44
DA:140,44
DA:141,39
DA:155,10
DA:156,10
DA:173,34
DA:174,34
DA:175,2
DA:177,32
DA:178,3
DA:183,29
DA:184,29
DA:185,29
DA:186,2
DA:191,27
DA:192,18
DA:194,27
DA:195,2
DA:200,25
DA:207,25
DA:208,24
DA:216,4
DA:217,4
DA:218,5
DA:219,4
DA:220,2
DA:234,4
DA:235,4
DA:236,0
DA:238,4
DA:239,4
DA:240,5
DA:241,4
DA:242,3
DA:244,3
DA:246,3
DA:247,1
DA:252,2
DA:253,2
DA:255,2
DA:257,2
LF:72
LH:71
BRDA:33,0,0,230
BRDA:33,0,1,228
BRDA:33,0,2,228
BRDA:33,0,3,227
BRDA:33,0,4,227
BRDA:33,0,5,227
BRDA:33,0,6,225
BRDA:33,0,7,224
BRDA:51,1,0,1
BRDA:51,1,1,33
BRDA:54,2,0,1
BRDA:54,2,1,198
BRDA:54,3,0,199
BRDA:54,3,1,199
BRDA:56,4,0,4
BRDA:56,4,1,194
BRDA:57,5,0,198
BRDA:57,5,1,198
BRDA:57,5,2,198
BRDA:57,5,3,198
BRDA:57,5,4,195
BRDA:57,5,5,195
BRDA:73,6,0,3
BRDA:73,6,1,191
BRDA:81,7,0,17
BRDA:81,7,1,35
BRDA:109,8,0,37
BRDA:109,8,1,32
BRDA:119,9,0,32
BRDA:119,9,1,5
BRDA:140,10,0,5
BRDA:140,10,1,39
BRDA:141,11,0,1
BRDA:141,11,1,38
BRDA:174,12,0,2
BRDA:174,12,1,32
BRDA:177,13,0,3
BRDA:177,13,1,29
BRDA:185,14,0,2
BRDA:185,14,1,27
BRDA:194,15,0,2
BRDA:194,15,1,25
BRDA:219,16,0,2
BRDA:219,16,1,2
BRDA:235,17,0,0
BRDA:235,17,1,4
BRDA:241,18,0,1
BRDA:241,18,1,3
BRDA:244,19,0,3
BRDA:244,19,1,1
BRDA:246,20,0,1
BRDA:246,20,1,2
BRDA:255,21,0,2
BRDA:255,21,1,0
BRF:54
BRH:52
end_of_record
TN:
SF:src/lib/shareFlag.ts
FN:39,formatFlagShareText
FNF:1
FNH:1
FNDA:24,formatFlagShareText
DA:46,24
DA:49,24
DA:50,24
DA:53,24
DA:62,24
DA:63,24
DA:66,24
DA:68,24
LF:8
LH:8
BRDA:63,0,0,2
BRDA:63,0,1,22
BRF:2
BRH:2
end_of_record
TN:
SF:src/lib/streak.ts
FN:39,storageKey
FN:47,isoDay
FN:58,daysBetween
FN:74,parseStreak
FN:95,loadStreak
FN:109,persist
FN:124,applyVisit
FN:157,tickVisit
FNF:8
FNH:8
FNDA:23,storageKey
FNDA:11,isoDay
FNDA:20,daysBetween
FNDA:9,parseStreak
FNDA:16,loadStreak
FNDA:7,persist
FNDA:34,applyVisit
FNDA:8,tickVisit
DA:22,1
DA:33,1
DA:40,23
DA:48,11
DA:49,11
DA:50,11
DA:51,11
DA:59,20
DA:60,20
DA:61,20
DA:62,20
DA:75,9
DA:76,9
DA:77,9
DA:80,9
DA:84,9
DA:87,9
DA:88,9
DA:96,16
DA:97,16
DA:98,16
DA:99,10
DA:101,1
DA:105,1
DA:110,7
DA:111,7
DA:113,0
DA:125,34
DA:127,12
DA:129,22
DA:131,2
DA:133,20
DA:134,20
DA:136,17
DA:137,17
DA:143,3
DA:146,1
DA:149,2
DA:161,8
DA:162,8
DA:163,8
DA:164,8
DA:165,7
DA:167,8
LF:44
LH:43
BRDA:61,0,0,0
BRDA:61,0,1,20
BRDA:61,1,0,20
BRDA:61,1,1,20
BRDA:75,2,0,0
BRDA:75,2,1,9
BRDA:75,3,0,9
BRDA:75,3,1,9
BRDA:75,3,2,9
BRDA:77,4,0,8
BRDA:77,4,1,1
BRDA:77,5,0,9
BRDA:77,5,1,8
BRDA:80,6,0,8
BRDA:80,6,1,1
BRDA:80,7,0,9
BRDA:80,7,1,9
BRDA:84,8,0,7
BRDA:84,8,1,2
BRDA:84,9,0,9
BRDA:84,9,1,9
BRDA:87,10,0,2
BRDA:87,10,1,7
BRDA:98,11,0,6
BRDA:98,11,1,10
BRDA:125,12,0,12
BRDA:125,12,1,22
BRDA:129,13,0,2
BRDA:129,13,1,20
BRDA:134,14,0,17
BRDA:134,14,1,3
BRDA:143,15,0,1
BRDA:143,15,1,2
BRDA:159,16,0,0
BRDA:164,17,0,7
BRDA:164,17,1,1
BRF:36
BRH:33
end_of_record
TN:
SF:src/lib/taskSelection.ts
FN:50,toggleId
FN:63,(anonymous_1)
FN:74,clearSelection
FN:84,enterSelectionWith
FN:92,isSelected
FN:100,count
FNF:6
FNH:6
FNDA:12,toggleId
FNDA:11,(anonymous_1)
FNDA:3,clearSelection
FNDA:6,enterSelectionWith
FNDA:6,isSelected
FNDA:5,count
DA:32,1
DA:54,12
DA:55,12
DA:56,8
DA:61,4
DA:63,11
DA:75,3
DA:85,6
DA:96,6
DA:101,5
LF:10
LH:10
BRDA:55,0,0,8
BRDA:55,0,1,4
BRF:2
BRH:2
end_of_record
TN:
SF:src/lib/tasksSort.ts
FN:35,isValidSort
FN:45,sortFlags
FN:48,(anonymous_2)
FN:51,(anonymous_3)
FN:59,(anonymous_4)
FN:67,(anonymous_5)
FN:78,(anonymous_6)
FN:81,loadTasksSort
FN:96,saveTasksSort
FNF:9
FNH:9
FNDA:3,isValidSort
FNDA:12,sortFlags
FNDA:26,(anonymous_2)
FNDA:4,(anonymous_3)
FNDA:4,(anonymous_4)
FNDA:11,(anonymous_5)
FNDA:26,(anonymous_6)
FNDA:6,loadTasksSort
FNDA:2,saveTasksSort
DA:23,1
DA:25,1
DA:31,1
DA:33,1
DA:36,3
DA:48,26
DA:49,12
DA:51,4
DA:52,4
DA:53,4
DA:54,4
DA:55,2
DA:57,4
DA:59,3
DA:60,4
DA:61,4
DA:62,4
DA:63,2
DA:65,3
DA:67,5
DA:68,11
DA:71,3
DA:72,3
DA:73,3
DA:74,2
DA:76,5
DA:78,26
DA:82,6
DA:83,6
DA:84,5
DA:85,4
DA:86,3
DA:88,2
DA:92,2
DA:97,2
DA:98,2
DA:100,1
LF:37
LH:37
BRDA:36,0,0,3
BRDA:36,0,1,3
BRDA:36,0,2,3
BRDA:49,1,0,4
BRDA:49,1,1,3
BRDA:49,1,2,5
BRDA:54,2,0,2
BRDA:54,2,1,2
BRDA:62,3,0,2
BRDA:62,3,1,2
BRDA:68,4,0,8
BRDA:68,4,1,3
BRDA:73,5,0,1
BRDA:73,5,1,2
BRDA:84,6,0,1
BRDA:84,6,1,4
BRDA:86,7,0,1
BRDA:86,7,1,2
BRF:18
BRH:18
end_of_record
TN:
SF:src/lib/users.ts
FN:16,updateUserProfile
FNF:1
FNH:0
FNDA:0,updateUserProfile
DA:20,0
DA:26,0
DA:27,0
LF:3
LH:0
BRDA:26,0,0,0
BRDA:26,0,1,0
BRF:2
BRH:0
end_of_record
TN:
SF:src/lib/watchedFlags.ts
FN:32,watchedKey
FN:41,parseWatched
FN:46,(anonymous_2)
FN:56,loadWatched
FN:76,addWatched
FN:94,removeWatched
FN:100,(anonymous_6)
FN:112,setWatched
FN:119,(anonymous_8)
FN:125,persist
FN:140,clearWatched
FNF:11
FNH:8
FNDA:64,watchedKey
FNDA:39,parseWatched
FNDA:826,(anonymous_2)
FNDA:39,loadWatched
FNDA:22,addWatched
FNDA:5,removeWatched
FNDA:6,(anonymous_6)
FNDA:0,setWatched
FNDA:0,(anonymous_8)
FNDA:25,persist
FNDA:0,clearWatched
DA:25,1
DA:30,1
DA:33,64
DA:42,39
DA:43,25
DA:44,25
DA:45,24
DA:46,826
DA:48,1
DA:57,39
DA:58,39
DA:59,39
DA:61,0
DA:65,0
DA:80,22
DA:81,22
DA:83,21
DA:86,21
DA:87,21
DA:98,5
DA:99,5
DA:100,6
DA:101,4
DA:102,4
DA:116,0
DA:118,0
DA:119,0
DA:120,0
DA:121,0
DA:122,0
DA:126,25
DA:127,25
DA:129,0
DA:141,0
LF:34
LH:24
BRDA:42,0,0,14
BRDA:42,0,1,25
BRDA:45,1,0,1
BRDA:45,1,1,23
BRDA:81,2,0,1
BRDA:81,2,1,21
BRDA:83,3,0,3
BRDA:83,3,1,18
BRDA:99,4,0,1
BRDA:99,4,1,4
BRDA:118,5,0,0
BRDA:118,5,1,0
BRDA:120,6,0,0
BRDA:120,6,1,0
BRF:14
BRH:10
end_of_record
TN:
SF:src/navigation/RootNavigator.tsx
FN:52,(anonymous_0)
FN:52,(anonymous_1)
FN:63,RootNavigator
FN:70,(anonymous_3)
FN:72,(anonymous_4)
FN:73,(anonymous_5)
FN:143,(anonymous_6)
FNF:7
FNH:0
FNDA:0,(anonymous_0)
FNDA:0,(anonymous_1)
FNDA:0,RootNavigator
FNDA:0,(anonymous_3)
FNDA:0,(anonymous_4)
FNDA:0,(anonymous_5)
FNDA:0,(anonymous_6)
DA:39,0
DA:50,0
DA:52,0
DA:53,0
DA:68,0
DA:70,0
DA:71,0
DA:72,0
DA:73,0
DA:86,0
DA:143,0
DA:150,0
LF:12
LH:0
BRDA:63,0,0,0
BRDA:75,1,0,0
BRDA:75,1,1,0
BRF:3
BRH:0
end_of_record
TN:
SF:src/screens/AboutScreen.tsx
FN:38,AboutScreen
FNF:1
FNH:0
FNDA:0,AboutScreen
DA:23,0
DA:39,0
DA:136,0
LF:3
LH:0
BRDA:23,0,0,0
BRDA:23,0,1,0
BRDA:23,0,2,0
BRF:3
BRH:0
end_of_record
TN:
SF:src/screens/LegendModal.tsx
FN:27,LegendModal
FN:44,(anonymous_1)
FN:68,(anonymous_2)
FN:103,(anonymous_3)
FNF:4
FNH:0
FNDA:0,LegendModal
FNDA:0,(anonymous_1)
FNDA:0,(anonymous_2)
FNDA:0,(anonymous_3)
DA:28,0
DA:69,0
DA:70,0
DA:71,0
DA:72,0
DA:73,0
DA:104,0
DA:105,0
DA:106,0
DA:148,0
LF:10
LH:0
BRF:0
BRH:0
end_of_record
TN:
SF:src/screens/MapScreen.tsx
FN:91,MapScreen
FN:137,(anonymous_1)
FN:139,(anonymous_2)
FN:143,(anonymous_3)
FN:163,(anonymous_4)
FN:176,(anonymous_5)
FN:198,(anonymous_6)
FN:237,(anonymous_7)
FN:239,(anonymous_8)
FN:244,(anonymous_9)
FN:245,(anonymous_10)
FN:253,(anonymous_11)
FN:254,(anonymous_12)
FN:262,(anonymous_13)
FN:272,(anonymous_14)
FN:273,(anonymous_15)
FN:293,(anonymous_16)
FN:294,(anonymous_17)
FN:324,(anonymous_18)
FN:326,(anonymous_19)
FN:331,(anonymous_20)
FN:351,(anonymous_21)
FN:353,(anonymous_22)
FN:363,(anonymous_23)
FN:380,(anonymous_24)
FN:388,(anonymous_25)
FN:397,(anonymous_26)
FN:409,(anonymous_27)
FN:419,(anonymous_28)
FN:429,(anonymous_29)
FN:432,(anonymous_30)
FN:432,(anonymous_31)
FN:446,(anonymous_32)
FN:454,(anonymous_33)
FN:464,(anonymous_34)
FN:483,(anonymous_35)
FN:499,(anonymous_36)
FN:551,(anonymous_37)
FN:553,(anonymous_38)
FN:577,(anonymous_39)
FN:605,(anonymous_40)
FN:610,(anonymous_41)
FN:611,(anonymous_42)
FN:619,(anonymous_43)
FN:622,(anonymous_44)
FN:635,(anonymous_45)
FN:644,(anonymous_46)
FN:681,(anonymous_47)
FN:687,(anonymous_48)
FN:697,(anonymous_49)
FN:701,(anonymous_50)
FN:714,(anonymous_51)
FN:718,(anonymous_52)
FN:729,(anonymous_53)
FN:737,(anonymous_54)
FN:766,(anonymous_55)
FN:781,(anonymous_56)
FN:823,(anonymous_57)
FN:833,(anonymous_58)
FN:843,(anonymous_59)
FN:843,(anonymous_60)
FN:943,(anonymous_61)
FN:946,(anonymous_62)
FN:954,(anonymous_63)
FN:974,(anonymous_64)
FN:975,(anonymous_65)
FN:1006,(anonymous_66)
FN:1006,(anonymous_67)
FN:1068,(anonymous_68)
FN:1074,(anonymous_69)
FN:1075,(anonymous_70)
FN:1126,(anonymous_71)
FN:1131,(anonymous_72)
FN:1152,(anonymous_73)
FN:1157,(anonymous_74)
FN:1181,(anonymous_75)
FN:1186,(anonymous_76)
FN:1222,(anonymous_77)
FN:1233,(anonymous_78)
FN:1234,(anonymous_79)
FN:1259,(anonymous_80)
FN:1309,(anonymous_81)
FN:1339,(anonymous_82)
FN:1344,(anonymous_83)
FN:1352,(anonymous_84)
FN:1357,(anonymous_85)
FN:1375,(anonymous_86)
FN:1387,(anonymous_87)
FN:1392,(anonymous_88)
FN:1393,(anonymous_89)
FN:1410,(anonymous_90)
FN:1421,(anonymous_91)
FN:1424,(anonymous_92)
FN:1440,(anonymous_93)
FN:1441,(anonymous_94)
FN:1452,(anonymous_95)
FN:1458,(anonymous_96)
FN:1471,(anonymous_97)
FN:1499,(anonymous_98)
FN:1549,(anonymous_99)
FN:1573,(anonymous_100)
FNF:101
FNH:0
FNDA:0,MapScreen
FNDA:0,(anonymous_1)
FNDA:0,(anonymous_2)
FNDA:0,(anonymous_3)
FNDA:0,(anonymous_4)
FNDA:0,(anonymous_5)
FNDA:0,(anonymous_6)
FNDA:0,(anonymous_7)
FNDA:0,(anonymous_8)
FNDA:0,(anonymous_9)
FNDA:0,(anonymous_10)
FNDA:0,(anonymous_11)
FNDA:0,(anonymous_12)
FNDA:0,(anonymous_13)
FNDA:0,(anonymous_14)
FNDA:0,(anonymous_15)
FNDA:0,(anonymous_16)
FNDA:0,(anonymous_17)
FNDA:0,(anonymous_18)
FNDA:0,(anonymous_19)
FNDA:0,(anonymous_20)
FNDA:0,(anonymous_21)
FNDA:0,(anonymous_22)
FNDA:0,(anonymous_23)
FNDA:0,(anonymous_24)
FNDA:0,(anonymous_25)
FNDA:0,(anonymous_26)
FNDA:0,(anonymous_27)
FNDA:0,(anonymous_28)
FNDA:0,(anonymous_29)
FNDA:0,(anonymous_30)
FNDA:0,(anonymous_31)
FNDA:0,(anonymous_32)
FNDA:0,(anonymous_33)
FNDA:0,(anonymous_34)
FNDA:0,(anonymous_35)
FNDA:0,(anonymous_36)
FNDA:0,(anonymous_37)
FNDA:0,(anonymous_38)
FNDA:0,(anonymous_39)
FNDA:0,(anonymous_40)
FNDA:0,(anonymous_41)
FNDA:0,(anonymous_42)
FNDA:0,(anonymous_43)
FNDA:0,(anonymous_44)
FNDA:0,(anonymous_45)
FNDA:0,(anonymous_46)
FNDA:0,(anonymous_47)
FNDA:0,(anonymous_48)
FNDA:0,(anonymous_49)
FNDA:0,(anonymous_50)
FNDA:0,(anonymous_51)
FNDA:0,(anonymous_52)
FNDA:0,(anonymous_53)
FNDA:0,(anonymous_54)
FNDA:0,(anonymous_55)
FNDA:0,(anonymous_56)
FNDA:0,(anonymous_57)
FNDA:0,(anonymous_58)
FNDA:0,(anonymous_59)
FNDA:0,(anonymous_60)
FNDA:0,(anonymous_61)
FNDA:0,(anonymous_62)
FNDA:0,(anonymous_63)
FNDA:0,(anonymous_64)
FNDA:0,(anonymous_65)
FNDA:0,(anonymous_66)
FNDA:0,(anonymous_67)
FNDA:0,(anonymous_68)
FNDA:0,(anonymous_69)
FNDA:0,(anonymous_70)
FNDA:0,(anonymous_71)
FNDA:0,(anonymous_72)
FNDA:0,(anonymous_73)
FNDA:0,(anonymous_74)
FNDA:0,(anonymous_75)
FNDA:0,(anonymous_76)
FNDA:0,(anonymous_77)
FNDA:0,(anonymous_78)
FNDA:0,(anonymous_79)
FNDA:0,(anonymous_80)
FNDA:0,(anonymous_81)
FNDA:0,(anonymous_82)
FNDA:0,(anonymous_83)
FNDA:0,(anonymous_84)
FNDA:0,(anonymous_85)
FNDA:0,(anonymous_86)
FNDA:0,(anonymous_87)
FNDA:0,(anonymous_88)
FNDA:0,(anonymous_89)
FNDA:0,(anonymous_90)
FNDA:0,(anonymous_91)
FNDA:0,(anonymous_92)
FNDA:0,(anonymous_93)
FNDA:0,(anonymous_94)
FNDA:0,(anonymous_95)
FNDA:0,(anonymous_96)
FNDA:0,(anonymous_97)
FNDA:0,(anonymous_98)
FNDA:0,(anonymous_99)
FNDA:0,(anonymous_100)
DA:79,0
DA:89,0
DA:92,0
DA:93,0
DA:94,0
DA:95,0
DA:96,0
DA:108,0
DA:110,0
DA:115,0
DA:119,0
DA:120,0
DA:121,0
DA:122,0
DA:128,0
DA:129,0
DA:135,0
DA:136,0
DA:137,0
DA:138,0
DA:139,0
DA:140,0
DA:143,0
DA:144,0
DA:147,0
DA:148,0
DA:149,0
DA:151,0
DA:152,0
DA:153,0
DA:156,0
DA:157,0
DA:158,0
DA:163,0
DA:164,0
DA:166,0
DA:174,0
DA:175,0
DA:176,0
DA:177,0
DA:178,0
DA:179,0
DA:182,0
DA:188,0
DA:189,0
DA:190,0
DA:193,0
DA:197,0
DA:198,0
DA:204,0
DA:209,0
DA:214,0
DA:219,0
DA:220,0
DA:221,0
DA:229,0
DA:230,0
DA:231,0
DA:232,0
DA:236,0
DA:237,0
DA:238,0
DA:239,0
DA:240,0
DA:244,0
DA:245,0
DA:246,0
DA:247,0
DA:248,0
DA:249,0
DA:253,0
DA:254,0
DA:255,0
DA:256,0
DA:257,0
DA:258,0
DA:262,0
DA:263,0
DA:264,0
DA:265,0
DA:272,0
DA:273,0
DA:274,0
DA:275,0
DA:280,0
DA:293,0
DA:294,0
DA:297,0
DA:298,0
DA:300,0
DA:301,0
DA:302,0
DA:305,0
DA:308,0
DA:310,0
DA:313,0
DA:318,0
DA:324,0
DA:325,0
DA:326,0
DA:331,0
DA:332,0
DA:351,0
DA:352,0
DA:353,0
DA:354,0
DA:360,0
DA:362,0
DA:363,0
DA:365,0
DA:366,0
DA:367,0
DA:368,0
DA:369,0
DA:370,0
DA:371,0
DA:372,0
DA:374,0
DA:375,0
DA:376,0
DA:377,0
DA:378,0
DA:380,0
DA:381,0
DA:388,0
DA:389,0
DA:390,0
DA:397,0
DA:398,0
DA:399,0
DA:400,0
DA:408,0
DA:410,0
DA:411,0
DA:420,0
DA:421,0
DA:422,0
DA:423,0
DA:430,0
DA:431,0
DA:432,0
DA:435,0
DA:446,0
DA:447,0
DA:448,0
DA:454,0
DA:455,0
DA:456,0
DA:457,0
DA:458,0
DA:463,0
DA:464,0
DA:465,0
DA:466,0
DA:469,0
DA:470,0
DA:472,0
DA:483,0
DA:484,0
DA:485,0
DA:499,0
DA:500,0
DA:501,0
DA:502,0
DA:503,0
DA:504,0
DA:505,0
DA:509,0
DA:510,0
DA:516,0
DA:517,0
DA:518,0
DA:519,0
DA:520,0
DA:526,0
DA:528,0
DA:550,0
DA:552,0
DA:553,0
DA:554,0
DA:557,0
DA:559,0
DA:560,0
DA:561,0
DA:562,0
DA:563,0
DA:577,0
DA:578,0
DA:579,0
DA:587,0
DA:593,0
DA:596,0
DA:597,0
DA:605,0
DA:606,0
DA:607,0
DA:608,0
DA:609,0
DA:610,0
DA:611,0
DA:612,0
DA:614,0
DA:617,0
DA:619,0
DA:620,0
DA:621,0
DA:623,0
DA:633,0
DA:634,0
DA:635,0
DA:636,0
DA:637,0
DA:641,0
DA:644,0
DA:645,0
DA:646,0
DA:647,0
DA:648,0
DA:649,0
DA:650,0
DA:652,0
DA:653,0
DA:656,0
DA:660,0
DA:661,0
DA:662,0
DA:669,0
DA:670,0
DA:673,0
DA:681,0
DA:682,0
DA:687,0
DA:688,0
DA:689,0
DA:690,0
DA:691,0
DA:697,0
DA:698,0
DA:700,0
DA:701,0
DA:714,0
DA:715,0
DA:716,0
DA:717,0
DA:718,0
DA:719,0
DA:720,0
DA:721,0
DA:722,0
DA:723,0
DA:729,0
DA:730,0
DA:737,0
DA:738,0
DA:742,0
DA:765,0
DA:767,0
DA:768,0
DA:769,0
DA:770,0
DA:772,0
DA:773,0
DA:774,0
DA:782,0
DA:783,0
DA:792,0
DA:823,0
DA:833,0
DA:843,0
DA:944,0
DA:947,0
DA:954,0
DA:974,0
DA:975,0
DA:1006,0
DA:1069,0
DA:1070,0
DA:1071,0
DA:1074,0
DA:1075,0
DA:1127,0
DA:1128,0
DA:1131,0
DA:1153,0
DA:1154,0
DA:1157,0
DA:1182,0
DA:1183,0
DA:1186,0
DA:1222,0
DA:1233,0
DA:1234,0
DA:1259,0
DA:1309,0
DA:1339,0
DA:1344,0
DA:1352,0
DA:1357,0
DA:1376,0
DA:1380,0
DA:1387,0
DA:1392,0
DA:1398,0
DA:1411,0
DA:1416,0
DA:1422,0
DA:1427,0
DA:1440,0
DA:1442,0
DA:1443,0
DA:1444,0
DA:1452,0
DA:1458,0
DA:1472,0
DA:1500,0
DA:1501,0
DA:1550,0
DA:1574,0
DA:1575,0
DA:1614,0
LF:320
LH:0
BRDA:144,0,0,0
BRDA:144,0,1,0
BRDA:147,1,0,0
BRDA:147,1,1,0
BRDA:151,2,0,0
BRDA:151,2,1,0
BRDA:156,3,0,0
BRDA:156,3,1,0
BRDA:157,4,0,0
BRDA:157,4,1,0
BRDA:177,5,0,0
BRDA:177,5,1,0
BRDA:177,6,0,0
BRDA:177,6,1,0
BRDA:247,7,0,0
BRDA:247,7,1,0
BRDA:256,8,0,0
BRDA:256,8,1,0
BRDA:274,9,0,0
BRDA:274,9,1,0
BRDA:276,10,0,0
BRDA:276,10,1,0
BRDA:298,11,0,0
BRDA:298,11,1,0
BRDA:301,12,0,0
BRDA:301,12,1,0
BRDA:302,13,0,0
BRDA:302,13,1,0
BRDA:308,14,0,0
BRDA:308,14,1,0
BRDA:310,15,0,0
BRDA:310,15,1,0
BRDA:314,16,0,0
BRDA:314,16,1,0
BRDA:325,17,0,0
BRDA:325,17,1,0
BRDA:360,18,0,0
BRDA:360,18,1,0
BRDA:362,19,0,0
BRDA:362,19,1,0
BRDA:363,20,0,0
BRDA:363,20,1,0
BRDA:365,21,0,0
BRDA:365,21,1,0
BRDA:369,22,0,0
BRDA:369,22,1,0
BRDA:375,23,0,0
BRDA:375,23,1,0
BRDA:389,24,0,0
BRDA:389,24,1,0
BRDA:413,25,0,0
BRDA:413,25,1,0
BRDA:418,26,0,0
BRDA:418,26,1,0
BRDA:420,27,0,0
BRDA:420,27,1,0
BRDA:422,28,0,0
BRDA:422,28,1,0
BRDA:431,29,0,0
BRDA:431,29,1,0
BRDA:435,30,0,0
BRDA:435,30,1,0
BRDA:455,31,0,0
BRDA:455,31,1,0
BRDA:463,32,0,0
BRDA:463,32,1,0
BRDA:469,33,0,0
BRDA:469,33,1,0
BRDA:472,34,0,0
BRDA:472,34,1,0
BRDA:500,35,0,0
BRDA:500,35,1,0
BRDA:500,36,0,0
BRDA:500,36,1,0
BRDA:502,37,0,0
BRDA:502,37,1,0
BRDA:509,38,0,0
BRDA:509,38,1,0
BRDA:509,39,0,0
BRDA:509,39,1,0
BRDA:517,40,0,0
BRDA:517,40,1,0
BRDA:521,41,0,0
BRDA:521,41,1,0
BRDA:528,42,0,0
BRDA:528,42,1,0
BRDA:564,43,0,0
BRDA:564,43,1,0
BRDA:565,44,0,0
BRDA:565,44,1,0
BRDA:578,45,0,0
BRDA:578,45,1,0
BRDA:587,46,0,0
BRDA:587,46,1,0
BRDA:587,46,2,0
BRDA:593,47,0,0
BRDA:593,47,1,0
BRDA:594,48,0,0
BRDA:594,48,1,0
BRDA:597,49,0,0
BRDA:597,49,1,0
BRDA:597,50,0,0
BRDA:597,50,1,0
BRDA:607,51,0,0
BRDA:607,51,1,0
BRDA:608,52,0,0
BRDA:608,52,1,0
BRDA:609,53,0,0
BRDA:609,53,1,0
BRDA:610,54,0,0
BRDA:610,54,1,0
BRDA:611,55,0,0
BRDA:611,55,1,0
BRDA:620,56,0,0
BRDA:620,56,1,0
BRDA:623,57,0,0
BRDA:623,57,1,0
BRDA:623,57,2,0
BRDA:633,58,0,0
BRDA:633,58,1,0
BRDA:633,58,2,0
BRDA:633,58,3,0
BRDA:636,59,0,0
BRDA:636,59,1,0
BRDA:636,60,0,0
BRDA:636,60,1,0
BRDA:645,61,0,0
BRDA:645,61,1,0
BRDA:648,62,0,0
BRDA:648,62,1,0
BRDA:649,63,0,0
BRDA:649,63,1,0
BRDA:652,64,0,0
BRDA:652,64,1,0
BRDA:660,65,0,0
BRDA:660,65,1,0
BRDA:669,66,0,0
BRDA:669,66,1,0
BRDA:673,67,0,0
BRDA:673,67,1,0
BRDA:689,68,0,0
BRDA:689,68,1,0
BRDA:716,69,0,0
BRDA:716,69,1,0
BRDA:721,70,0,0
BRDA:721,70,1,0
BRDA:721,71,0,0
BRDA:721,71,1,0
BRDA:730,72,0,0
BRDA:730,72,1,0
BRDA:742,73,0,0
BRDA:742,73,1,0
BRDA:767,74,0,0
BRDA:767,74,1,0
BRDA:807,75,0,0
BRDA:807,75,1,0
BRDA:809,76,0,0
BRDA:809,76,1,0
BRDA:811,77,0,0
BRDA:811,77,1,0
BRDA:846,78,0,0
BRDA:846,78,1,0
BRDA:846,78,2,0
BRDA:855,79,0,0
BRDA:855,79,1,0
BRDA:855,79,2,0
BRDA:867,80,0,0
BRDA:867,80,1,0
BRDA:871,81,0,0
BRDA:871,81,1,0
BRDA:881,82,0,0
BRDA:881,82,1,0
BRDA:893,83,0,0
BRDA:893,83,1,0
BRDA:897,84,0,0
BRDA:897,84,1,0
BRDA:897,85,0,0
BRDA:897,85,1,0
BRDA:907,86,0,0
BRDA:907,86,1,0
BRDA:938,87,0,0
BRDA:938,87,1,0
BRDA:956,88,0,0
BRDA:956,88,1,0
BRDA:978,89,0,0
BRDA:978,89,1,0
BRDA:982,90,0,0
BRDA:982,90,1,0
BRDA:996,91,0,0
BRDA:996,91,1,0
BRDA:1002,92,0,0
BRDA:1002,92,1,0
BRDA:1011,93,0,0
BRDA:1011,93,1,0
BRDA:1016,94,0,0
BRDA:1016,94,1,0
BRDA:1027,95,0,0
BRDA:1027,95,1,0
BRDA:1030,96,0,0
BRDA:1030,96,1,0
BRDA:1041,97,0,0
BRDA:1041,97,1,0
BRDA:1044,98,0,0
BRDA:1044,98,1,0
BRDA:1078,99,0,0
BRDA:1078,99,1,0
BRDA:1082,100,0,0
BRDA:1082,100,1,0
BRDA:1092,101,0,0
BRDA:1092,101,1,0
BRDA:1098,102,0,0
BRDA:1098,102,1,0
BRDA:1104,103,0,0
BRDA:1104,103,1,0
BRDA:1132,104,0,0
BRDA:1132,104,1,0
BRDA:1140,105,0,0
BRDA:1140,105,1,0
BRDA:1160,106,0,0
BRDA:1160,106,1,0
BRDA:1169,107,0,0
BRDA:1169,107,1,0
BRDA:1189,108,0,0
BRDA:1189,108,1,0
BRDA:1198,109,0,0
BRDA:1198,109,1,0
BRDA:1207,110,0,0
BRDA:1207,110,1,0
BRDA:1216,111,0,0
BRDA:1216,111,1,0
BRDA:1224,112,0,0
BRDA:1224,112,1,0
BRDA:1237,113,0,0
BRDA:1237,113,1,0
BRDA:1255,114,0,0
BRDA:1255,114,1,0
BRDA:1261,115,0,0
BRDA:1261,115,1,0
BRDA:1262,116,0,0
BRDA:1262,116,1,0
BRDA:1272,117,0,0
BRDA:1272,117,1,0
BRDA:1278,118,0,0
BRDA:1278,118,1,0
BRDA:1290,119,0,0
BRDA:1290,119,1,0
BRDA:1311,120,0,0
BRDA:1311,120,1,0
BRDA:1322,121,0,0
BRDA:1322,121,1,0
BRDA:1322,121,2,0
BRDA:1329,122,0,0
BRDA:1329,122,1,0
BRDA:1342,123,0,0
BRDA:1342,123,1,0
BRDA:1354,124,0,0
BRDA:1354,124,1,0
BRDA:1355,125,0,0
BRDA:1355,125,1,0
BRDA:1374,126,0,0
BRDA:1374,126,1,0
BRDA:1472,127,0,0
BRDA:1472,127,1,0
BRDA:1500,128,0,0
BRDA:1500,128,1,0
BRDA:1513,129,0,0
BRDA:1513,129,1,0
BRDA:1517,130,0,0
BRDA:1517,130,1,0
BRDA:1517,130,2,0
BRDA:1525,131,0,0
BRDA:1525,131,1,0
BRDA:1528,132,0,0
BRDA:1528,132,1,0
BRDA:1550,133,0,0
BRDA:1550,133,1,0
BRDA:1574,134,0,0
BRDA:1574,134,1,0
BRDA:1586,135,0,0
BRDA:1586,135,1,0
BRDA:1590,136,0,0
BRDA:1590,136,1,0
BRDA:1590,136,2,0
BRDA:1597,137,0,0
BRDA:1597,137,1,0
BRDA:1600,138,0,0
BRDA:1600,138,1,0
BRF:287
BRH:0
end_of_record
TN:
SF:src/screens/NearbyFlagsModal.tsx
FN:33,NearbyFlagsModal
FN:50,(anonymous_1)
FN:59,(anonymous_2)
FN:62,(anonymous_3)
FN:66,(anonymous_4)
FN:67,(anonymous_5)
FN:72,(anonymous_6)
FN:73,(anonymous_7)
FN:74,(anonymous_8)
FN:78,(anonymous_9)
FN:80,(anonymous_10)
FN:86,(anonymous_11)
FN:150,(anonymous_12)
FN:152,(anonymous_13)
FN:183,(anonymous_14)
FN:193,(anonymous_15)
FN:195,(anonymous_16)
FN:199,(anonymous_17)
FN:216,(anonymous_18)
FN:238,(anonymous_19)
FN:252,(anonymous_20)
FN:253,(anonymous_21)
FNF:22
FNH:0
FNDA:0,NearbyFlagsModal
FNDA:0,(anonymous_1)
FNDA:0,(anonymous_2)
FNDA:0,(anonymous_3)
FNDA:0,(anonymous_4)
FNDA:0,(anonymous_5)
FNDA:0,(anonymous_6)
FNDA:0,(anonymous_7)
FNDA:0,(anonymous_8)
FNDA:0,(anonymous_9)
FNDA:0,(anonymous_10)
FNDA:0,(anonymous_11)
FNDA:0,(anonymous_12)
FNDA:0,(anonymous_13)
FNDA:0,(anonymous_14)
FNDA:0,(anonymous_15)
FNDA:0,(anonymous_16)
FNDA:0,(anonymous_17)
FNDA:0,(anonymous_18)
FNDA:0,(anonymous_19)
FNDA:0,(anonymous_20)
FNDA:0,(anonymous_21)
DA:41,0
DA:45,0
DA:50,0
DA:51,0
DA:52,0
DA:53,0
DA:59,0
DA:60,0
DA:61,0
DA:62,0
DA:66,0
DA:67,0
DA:72,0
DA:73,0
DA:74,0
DA:78,0
DA:79,0
DA:80,0
DA:85,0
DA:86,0
DA:90,0
DA:150,0
DA:152,0
DA:183,0
DA:194,0
DA:195,0
DA:196,0
DA:199,0
DA:216,0
DA:239,0
DA:243,0
DA:245,0
DA:247,0
DA:250,0
DA:252,0
DA:253,0
DA:308,0
LF:37
LH:0
BRDA:51,0,0,0
BRDA:51,0,1,0
BRDA:60,1,0,0
BRDA:60,1,1,0
BRDA:79,2,0,0
BRDA:79,2,1,0
BRDA:111,3,0,0
BRDA:111,3,1,0
BRDA:123,4,0,0
BRDA:123,4,1,0
BRDA:148,5,0,0
BRDA:148,5,1,0
BRDA:154,6,0,0
BRDA:154,6,1,0
BRDA:173,7,0,0
BRDA:173,7,1,0
BRDA:184,8,0,0
BRDA:184,8,1,0
BRDA:189,9,0,0
BRDA:189,9,1,0
BRDA:199,10,0,0
BRDA:199,10,1,0
BRDA:200,11,0,0
BRDA:200,11,1,0
BRDA:202,12,0,0
BRDA:202,12,1,0
BRDA:205,13,0,0
BRDA:205,13,1,0
BRDA:218,14,0,0
BRDA:218,14,1,0
BRDA:223,15,0,0
BRDA:223,15,1,0
BRDA:225,16,0,0
BRDA:225,16,1,0
BRDA:230,17,0,0
BRDA:230,17,1,0
BRDA:232,18,0,0
BRDA:232,18,1,0
BRDA:239,19,0,0
BRDA:239,19,1,0
BRDA:243,20,0,0
BRDA:243,20,1,0
BRDA:245,21,0,0
BRDA:245,21,1,0
BRDA:249,22,0,0
BRDA:249,22,1,0
BRDA:255,23,0,0
BRDA:255,23,1,0
BRDA:275,24,0,0
BRDA:275,24,1,0
BRDA:280,25,0,0
BRDA:280,25,1,0
BRDA:289,26,0,0
BRDA:289,26,1,0
BRF:54
BRH:0
end_of_record
TN:
SF:src/screens/OnboardingModal.tsx
FN:44,OnboardingModal
FN:49,(anonymous_1)
FN:55,(anonymous_2)
FN:92,(anonymous_3)
FN:114,(anonymous_4)
FN:127,(anonymous_5)
FN:128,(anonymous_6)
FN:140,(anonymous_7)
FNF:8
FNH:0
FNDA:0,OnboardingModal
FNDA:0,(anonymous_1)
FNDA:0,(anonymous_2)
FNDA:0,(anonymous_3)
FNDA:0,(anonymous_4)
FNDA:0,(anonymous_5)
FNDA:0,(anonymous_6)
FNDA:0,(anonymous_7)
DA:23,0
DA:45,0
DA:46,0
DA:47,0
DA:49,0
DA:50,0
DA:51,0
DA:52,0
DA:55,0
DA:58,0
DA:59,0
DA:62,0
DA:64,0
DA:93,0
DA:115,0
DA:127,0
DA:128,0
DA:140,0
DA:156,0
LF:19
LH:0
BRDA:59,0,0,0
BRDA:59,0,1,0
BRDA:117,1,0,0
BRDA:117,1,1,0
BRDA:125,2,0,0
BRDA:125,2,1,0
BRDA:130,3,0,0
BRDA:130,3,1,0
BRDA:142,4,0,0
BRDA:142,4,1,0
BRF:10
BRH:0
end_of_record
TN:
SF:src/screens/ProfileScreen.tsx
FN:103,milestoneProgress
FN:111,(anonymous_1)
FN:116,(anonymous_2)
FN:122,ProfileScreen
FN:187,(anonymous_4)
FN:235,(anonymous_5)
FN:237,(anonymous_6)
FN:242,(anonymous_7)
FN:303,(anonymous_8)
FN:305,(anonymous_9)
FN:320,(anonymous_10)
FN:321,(anonymous_11)
FN:352,(anonymous_12)
FN:358,(anonymous_13)
FN:361,(anonymous_14)
FN:366,(anonymous_15)
FN:384,(anonymous_16)
FN:389,(anonymous_17)
FN:406,(anonymous_18)
FN:411,(anonymous_19)
FN:416,(anonymous_20)
FN:419,(anonymous_21)
FN:422,(anonymous_22)
FN:431,(anonymous_23)
FN:450,(anonymous_24)
FN:473,(anonymous_25)
FN:491,(anonymous_26)
FN:498,(anonymous_27)
FN:505,(anonymous_28)
FN:511,(anonymous_29)
FN:517,(anonymous_30)
FN:524,(anonymous_31)
FN:529,(anonymous_32)
FN:540,(anonymous_33)
FN:545,(anonymous_34)
FN:559,(anonymous_35)
FN:595,(anonymous_36)
FN:653,(anonymous_37)
FN:654,(anonymous_38)
FN:750,(anonymous_39)
FN:804,(anonymous_40)
FN:809,(anonymous_41)
FN:841,(anonymous_42)
FN:845,(anonymous_43)
FN:868,(anonymous_44)
FN:872,(anonymous_45)
FN:889,(anonymous_46)
FN:893,(anonymous_47)
FN:911,(anonymous_48)
FN:915,(anonymous_49)
FN:941,(anonymous_50)
FN:945,(anonymous_51)
FN:962,(anonymous_52)
FN:966,(anonymous_53)
FN:1027,(anonymous_54)
FN:1032,(anonymous_55)
FN:1078,(anonymous_56)
FN:1082,(anonymous_57)
FN:1099,(anonymous_58)
FN:1103,(anonymous_59)
FN:1120,(anonymous_60)
FN:1124,(anonymous_61)
FN:1142,(anonymous_62)
FN:1152,(anonymous_63)
FN:1160,(anonymous_64)
FN:1168,(anonymous_65)
FN:1184,(anonymous_66)
FN:1189,(anonymous_67)
FN:1194,(anonymous_68)
FN:1199,(anonymous_69)
FN:1204,(anonymous_70)
FN:1210,(anonymous_71)
FN:1219,(anonymous_72)
FN:1236,(anonymous_73)
FN:1248,(anonymous_74)
FN:1264,(anonymous_75)
FN:1332,Stat
FNF:77
FNH:0
FNDA:0,milestoneProgress
FNDA:0,(anonymous_1)
FNDA:0,(anonymous_2)
FNDA:0,ProfileScreen
FNDA:0,(anonymous_4)
FNDA:0,(anonymous_5)
FNDA:0,(anonymous_6)
FNDA:0,(anonymous_7)
FNDA:0,(anonymous_8)
FNDA:0,(anonymous_9)
FNDA:0,(anonymous_10)
FNDA:0,(anonymous_11)
FNDA:0,(anonymous_12)
FNDA:0,(anonymous_13)
FNDA:0,(anonymous_14)
FNDA:0,(anonymous_15)
FNDA:0,(anonymous_16)
FNDA:0,(anonymous_17)
FNDA:0,(anonymous_18)
FNDA:0,(anonymous_19)
FNDA:0,(anonymous_20)
FNDA:0,(anonymous_21)
FNDA:0,(anonymous_22)
FNDA:0,(anonymous_23)
FNDA:0,(anonymous_24)
FNDA:0,(anonymous_25)
FNDA:0,(anonymous_26)
FNDA:0,(anonymous_27)
FNDA:0,(anonymous_28)
FNDA:0,(anonymous_29)
FNDA:0,(anonymous_30)
FNDA:0,(anonymous_31)
FNDA:0,(anonymous_32)
FNDA:0,(anonymous_33)
FNDA:0,(anonymous_34)
FNDA:0,(anonymous_35)
FNDA:0,(anonymous_36)
FNDA:0,(anonymous_37)
FNDA:0,(anonymous_38)
FNDA:0,(anonymous_39)
FNDA:0,(anonymous_40)
FNDA:0,(anonymous_41)
FNDA:0,(anonymous_42)
FNDA:0,(anonymous_43)
FNDA:0,(anonymous_44)
FNDA:0,(anonymous_45)
FNDA:0,(anonymous_46)
FNDA:0,(anonymous_47)
FNDA:0,(anonymous_48)
FNDA:0,(anonymous_49)
FNDA:0,(anonymous_50)
FNDA:0,(anonymous_51)
FNDA:0,(anonymous_52)
FNDA:0,(anonymous_53)
FNDA:0,(anonymous_54)
FNDA:0,(anonymous_55)
FNDA:0,(anonymous_56)
FNDA:0,(anonymous_57)
FNDA:0,(anonymous_58)
FNDA:0,(anonymous_59)
FNDA:0,(anonymous_60)
FNDA:0,(anonymous_61)
FNDA:0,(anonymous_62)
FNDA:0,(anonymous_63)
FNDA:0,(anonymous_64)
FNDA:0,(anonymous_65)
FNDA:0,(anonymous_66)
FNDA:0,(anonymous_67)
FNDA:0,(anonymous_68)
FNDA:0,(anonymous_69)
FNDA:0,(anonymous_70)
FNDA:0,(anonymous_71)
FNDA:0,(anonymous_72)
FNDA:0,(anonymous_73)
FNDA:0,(anonymous_74)
FNDA:0,(anonymous_75)
FNDA:0,Stat
DA:83,0
DA:94,0
DA:111,0
DA:112,0
DA:116,0
DA:117,0
DA:118,0
DA:119,0
DA:124,0
DA:125,0
DA:126,0
DA:127,0
DA:132,0
DA:138,0
DA:139,0
DA:140,0
DA:141,0
DA:142,0
DA:146,0
DA:149,0
DA:154,0
DA:155,0
DA:165,0
DA:176,0
DA:183,0
DA:186,0
DA:187,0
DA:192,0
DA:195,0
DA:200,0
DA:205,0
DA:210,0
DA:214,0
DA:215,0
DA:220,0
DA:224,0
DA:225,0
DA:229,0
DA:230,0
DA:234,0
DA:235,0
DA:236,0
DA:237,0
DA:238,0
DA:242,0
DA:243,0
DA:244,0
DA:245,0
DA:250,0
DA:258,0
DA:259,0
DA:260,0
DA:261,0
DA:262,0
DA:263,0
DA:265,0
DA:266,0
DA:269,0
DA:270,0
DA:278,0
DA:279,0
DA:285,0
DA:286,0
DA:289,0
DA:302,0
DA:303,0
DA:304,0
DA:305,0
DA:306,0
DA:308,0
DA:309,0
DA:310,0
DA:311,0
DA:313,0
DA:314,0
DA:320,0
DA:321,0
DA:322,0
DA:325,0
DA:326,0
DA:327,0
DA:330,0
DA:331,0
DA:335,0
DA:336,0
DA:337,0
DA:338,0
DA:340,0
DA:344,0
DA:352,0
DA:353,0
DA:354,0
DA:355,0
DA:357,0
DA:358,0
DA:359,0
DA:361,0
DA:362,0
DA:366,0
DA:367,0
DA:368,0
DA:369,0
DA:371,0
DA:372,0
DA:373,0
DA:383,0
DA:385,0
DA:389,0
DA:390,0
DA:395,0
DA:396,0
DA:397,0
DA:398,0
DA:406,0
DA:407,0
DA:408,0
DA:411,0
DA:412,0
DA:416,0
DA:417,0
DA:418,0
DA:419,0
DA:420,0
DA:422,0
DA:423,0
DA:427,0
DA:429,0
DA:431,0
DA:432,0
DA:433,0
DA:434,0
DA:435,0
DA:436,0
DA:437,0
DA:438,0
DA:439,0
DA:440,0
DA:443,0
DA:445,0
DA:449,0
DA:451,0
DA:452,0
DA:455,0
DA:456,0
DA:457,0
DA:458,0
DA:462,0
DA:463,0
DA:464,0
DA:467,0
DA:473,0
DA:474,0
DA:478,0
DA:483,0
DA:484,0
DA:485,0
DA:491,0
DA:492,0
DA:493,0
DA:494,0
DA:498,0
DA:499,0
DA:500,0
DA:501,0
DA:505,0
DA:506,0
DA:507,0
DA:508,0
DA:511,0
DA:512,0
DA:513,0
DA:514,0
DA:516,0
DA:517,0
DA:518,0
DA:519,0
DA:521,0
DA:524,0
DA:525,0
DA:529,0
DA:536,0
DA:537,0
DA:540,0
DA:541,0
DA:542,0
DA:545,0
DA:546,0
DA:547,0
DA:548,0
DA:549,0
DA:550,0
DA:559,0
DA:560,0
DA:561,0
DA:562,0
DA:568,0
DA:569,0
DA:576,0
DA:577,0
DA:584,0
DA:586,0
DA:590,0
DA:591,0
DA:595,0
DA:597,0
DA:604,0
DA:610,0
DA:611,0
DA:614,0
DA:616,0
DA:653,0
DA:654,0
DA:750,0
DA:804,0
DA:810,0
DA:811,0
DA:812,0
DA:841,0
DA:845,0
DA:868,0
DA:872,0
DA:889,0
DA:893,0
DA:911,0
DA:915,0
DA:941,0
DA:945,0
DA:962,0
DA:966,0
DA:1028,0
DA:1029,0
DA:1032,0
DA:1078,0
DA:1082,0
DA:1099,0
DA:1103,0
DA:1120,0
DA:1124,0
DA:1142,0
DA:1152,0
DA:1160,0
DA:1168,0
DA:1184,0
DA:1189,0
DA:1194,0
DA:1199,0
DA:1204,0
DA:1210,0
DA:1222,0
DA:1236,0
DA:1248,0
DA:1265,0
DA:1266,0
DA:1333,0
DA:1341,0
LF:255
LH:0
BRDA:112,0,0,0
BRDA:112,0,1,0
BRDA:116,1,0,0
BRDA:116,1,1,0
BRDA:118,2,0,0
BRDA:118,2,1,0
BRDA:243,3,0,0
BRDA:243,3,1,0
BRDA:244,4,0,0
BRDA:244,4,1,0
BRDA:258,5,0,0
BRDA:258,5,1,0
BRDA:259,6,0,0
BRDA:259,6,1,0
BRDA:260,7,0,0
BRDA:260,7,1,0
BRDA:261,8,0,0
BRDA:261,8,1,0
BRDA:263,9,0,0
BRDA:263,9,1,0
BRDA:266,10,0,0
BRDA:266,10,1,0
BRDA:270,11,0,0
BRDA:270,11,1,0
BRDA:285,12,0,0
BRDA:285,12,1,0
BRDA:289,13,0,0
BRDA:289,13,1,0
BRDA:306,14,0,0
BRDA:306,14,1,0
BRDA:308,15,0,0
BRDA:308,15,1,0
BRDA:310,16,0,0
BRDA:310,16,1,0
BRDA:322,17,0,0
BRDA:322,17,1,0
BRDA:326,18,0,0
BRDA:326,18,1,0
BRDA:335,19,0,0
BRDA:335,19,1,0
BRDA:335,20,0,0
BRDA:335,20,1,0
BRDA:337,21,0,0
BRDA:337,21,1,0
BRDA:340,22,0,0
BRDA:340,22,1,0
BRDA:344,23,0,0
BRDA:344,23,1,0
BRDA:353,24,0,0
BRDA:353,24,1,0
BRDA:359,25,0,0
BRDA:359,25,1,0
BRDA:359,26,0,0
BRDA:359,26,1,0
BRDA:367,27,0,0
BRDA:367,27,1,0
BRDA:373,28,0,0
BRDA:373,28,1,0
BRDA:390,29,0,0
BRDA:390,29,1,0
BRDA:417,30,0,0
BRDA:417,30,1,0
BRDA:420,31,0,0
BRDA:420,31,1,0
BRDA:429,32,0,0
BRDA:429,32,1,0
BRDA:429,33,0,0
BRDA:429,33,1,0
BRDA:432,34,0,0
BRDA:432,34,1,0
BRDA:435,35,0,0
BRDA:435,35,1,0
BRDA:437,36,0,0
BRDA:437,36,1,0
BRDA:439,37,0,0
BRDA:439,37,1,0
BRDA:445,38,0,0
BRDA:445,38,1,0
BRDA:451,39,0,0
BRDA:451,39,1,0
BRDA:451,40,0,0
BRDA:451,40,1,0
BRDA:462,41,0,0
BRDA:462,41,1,0
BRDA:467,42,0,0
BRDA:467,42,1,0
BRDA:474,43,0,0
BRDA:474,43,1,0
BRDA:483,44,0,0
BRDA:483,44,1,0
BRDA:516,45,0,0
BRDA:516,45,1,0
BRDA:519,46,0,0
BRDA:519,46,1,0
BRDA:560,47,0,0
BRDA:560,47,1,0
BRDA:568,48,0,0
BRDA:568,48,1,0
BRDA:576,49,0,0
BRDA:576,49,1,0
BRDA:584,50,0,0
BRDA:584,50,1,0
BRDA:597,51,0,0
BRDA:597,51,1,0
BRDA:656,52,0,0
BRDA:656,52,1,0
BRDA:667,53,0,0
BRDA:667,53,1,0
BRDA:683,54,0,0
BRDA:683,54,1,0
BRDA:712,55,0,0
BRDA:712,55,1,0
BRDA:721,56,0,0
BRDA:721,56,1,0
BRDA:722,57,0,0
BRDA:722,57,1,0
BRDA:723,58,0,0
BRDA:723,58,1,0
BRDA:731,59,0,0
BRDA:731,59,1,0
BRDA:734,60,0,0
BRDA:734,60,1,0
BRDA:747,61,0,0
BRDA:747,61,1,0
BRDA:752,62,0,0
BRDA:752,62,1,0
BRDA:792,63,0,0
BRDA:792,63,1,0
BRDA:818,64,0,0
BRDA:818,64,1,0
BRDA:843,65,0,0
BRDA:843,65,1,0
BRDA:848,66,0,0
BRDA:848,66,1,0
BRDA:850,67,0,0
BRDA:850,67,1,0
BRDA:857,68,0,0
BRDA:857,68,1,0
BRDA:870,69,0,0
BRDA:870,69,1,0
BRDA:891,70,0,0
BRDA:891,70,1,0
BRDA:913,71,0,0
BRDA:913,71,1,0
BRDA:928,72,0,0
BRDA:928,72,1,0
BRDA:930,73,0,0
BRDA:930,73,1,0
BRDA:943,74,0,0
BRDA:943,74,1,0
BRDA:964,75,0,0
BRDA:964,75,1,0
BRDA:1004,76,0,0
BRDA:1004,76,1,0
BRDA:1010,77,0,0
BRDA:1010,77,1,0
BRDA:1033,78,0,0
BRDA:1033,78,1,0
BRDA:1036,79,0,0
BRDA:1036,79,1,0
BRDA:1042,80,0,0
BRDA:1042,80,1,0
BRDA:1048,81,0,0
BRDA:1048,81,1,0
BRDA:1080,82,0,0
BRDA:1080,82,1,0
BRDA:1101,83,0,0
BRDA:1101,83,1,0
BRDA:1122,84,0,0
BRDA:1122,84,1,0
BRDA:1271,85,0,0
BRDA:1271,85,1,0
BRDA:1280,86,0,0
BRDA:1280,86,1,0
BRDA:1284,87,0,0
BRDA:1284,87,1,0
BRDA:1298,88,0,0
BRDA:1298,88,1,0
BRDA:1302,89,0,0
BRDA:1302,89,1,0
BRDA:1310,90,0,0
BRDA:1310,90,1,0
BRDA:1321,91,0,0
BRDA:1321,91,1,0
BRDA:1322,92,0,0
BRDA:1322,92,1,0
BRF:186
BRH:0
end_of_record
TN:
SF:src/screens/ReportFlagModal.tsx
FN:36,ReportFlagModal
FN:49,(anonymous_1)
FN:56,(anonymous_2)
FN:87,(anonymous_3)
FN:142,(anonymous_4)
FN:147,(anonymous_5)
FN:163,(anonymous_6)
FN:168,(anonymous_7)
FN:237,(anonymous_8)
FN:248,(anonymous_9)
FN:256,(anonymous_10)
FNF:11
FNH:0
FNDA:0,ReportFlagModal
FNDA:0,(anonymous_1)
FNDA:0,(anonymous_2)
FNDA:0,(anonymous_3)
FNDA:0,(anonymous_4)
FNDA:0,(anonymous_5)
FNDA:0,(anonymous_6)
FNDA:0,(anonymous_7)
FNDA:0,(anonymous_8)
FNDA:0,(anonymous_9)
FNDA:0,(anonymous_10)
DA:42,0
DA:43,0
DA:44,0
DA:45,0
DA:46,0
DA:47,0
DA:49,0
DA:50,0
DA:51,0
DA:52,0
DA:53,0
DA:56,0
DA:57,0
DA:59,0
DA:62,0
DA:63,0
DA:67,0
DA:70,0
DA:79,0
DA:80,0
DA:83,0
DA:87,0
DA:88,0
DA:89,0
DA:90,0
DA:92,0
DA:93,0
DA:94,0
DA:96,0
DA:97,0
DA:98,0
DA:99,0
DA:100,0
DA:102,0
DA:110,0
DA:111,0
DA:112,0
DA:114,0
DA:116,0
DA:120,0
DA:143,0
DA:144,0
DA:147,0
DA:164,0
DA:165,0
DA:168,0
DA:237,0
DA:248,0
DA:256,0
DA:302,0
LF:50
LH:0
BRDA:59,0,0,0
BRDA:59,0,1,0
BRDA:62,1,0,0
BRDA:62,1,1,0
BRDA:65,2,0,0
BRDA:65,2,1,0
BRDA:70,3,0,0
BRDA:70,3,1,0
BRDA:79,4,0,0
BRDA:79,4,1,0
BRDA:79,5,0,0
BRDA:79,5,1,0
BRDA:88,6,0,0
BRDA:88,6,1,0
BRDA:92,7,0,0
BRDA:92,7,1,0
BRDA:99,8,0,0
BRDA:99,8,1,0
BRDA:107,9,0,0
BRDA:107,9,1,0
BRDA:131,10,0,0
BRDA:131,10,1,0
BRDA:148,11,0,0
BRDA:148,11,1,0
BRDA:153,12,0,0
BRDA:153,12,1,0
BRDA:171,13,0,0
BRDA:171,13,1,0
BRDA:172,14,0,0
BRDA:172,14,1,0
BRDA:178,15,0,0
BRDA:178,15,1,0
BRDA:212,16,0,0
BRDA:212,16,1,0
BRDA:216,17,0,0
BRDA:216,17,1,0
BRDA:217,18,0,0
BRDA:217,18,1,0
BRDA:217,18,2,0
BRDA:228,19,0,0
BRDA:228,19,1,0
BRDA:279,20,0,0
BRDA:279,20,1,0
BRDA:283,21,0,0
BRDA:283,21,1,0
BRDA:283,21,2,0
BRDA:287,22,0,0
BRDA:287,22,1,0
BRDA:289,23,0,0
BRDA:289,23,1,0
BRF:50
BRH:0
end_of_record
TN:
SF:src/screens/SettingsScreen.tsx
FN:31,SettingsRow
FN:63,(anonymous_1)
FN:130,SettingsScreen
FN:172,(anonymous_3)
FN:206,(anonymous_4)
FN:266,(anonymous_5)
FN:300,(anonymous_6)
FN:311,(anonymous_7)
FN:318,(anonymous_8)
FN:325,(anonymous_9)
FN:336,(anonymous_10)
FN:343,(anonymous_11)
FN:377,(anonymous_12)
FN:379,(anonymous_13)
FN:382,(anonymous_14)
FN:386,(anonymous_15)
FN:390,(anonymous_16)
FN:392,(anonymous_17)
FNF:18
FNH:0
FNDA:0,SettingsRow
FNDA:0,(anonymous_1)
FNDA:0,SettingsScreen
FNDA:0,(anonymous_3)
FNDA:0,(anonymous_4)
FNDA:0,(anonymous_5)
FNDA:0,(anonymous_6)
FNDA:0,(anonymous_7)
FNDA:0,(anonymous_8)
FNDA:0,(anonymous_9)
FNDA:0,(anonymous_10)
FNDA:0,(anonymous_11)
FNDA:0,(anonymous_12)
FNDA:0,(anonymous_13)
FNDA:0,(anonymous_14)
FNDA:0,(anonymous_15)
FNDA:0,(anonymous_16)
FNDA:0,(anonymous_17)
DA:61,0
DA:63,0
DA:135,0
DA:136,0
DA:137,0
DA:138,0
DA:139,0
DA:140,0
DA:142,0
DA:143,0
DA:172,0
DA:173,0
DA:174,0
DA:175,0
DA:176,0
DA:178,0
DA:179,0
DA:184,0
DA:188,0
DA:189,0
DA:196,0
DA:198,0
DA:206,0
DA:209,0
DA:210,0
DA:211,0
DA:217,0
DA:218,0
DA:219,0
DA:220,0
DA:221,0
DA:225,0
DA:227,0
DA:235,0
DA:241,0
DA:248,0
DA:249,0
DA:253,0
DA:260,0
DA:262,0
DA:266,0
DA:271,0
DA:277,0
DA:282,0
DA:285,0
DA:300,0
DA:311,0
DA:318,0
DA:325,0
DA:336,0
DA:343,0
DA:377,0
DA:379,0
DA:382,0
DA:386,0
DA:390,0
DA:392,0
DA:397,0
LF:58
LH:0
BRDA:65,0,0,0
BRDA:65,0,1,0
BRDA:66,1,0,0
BRDA:66,1,1,0
BRDA:75,2,0,0
BRDA:75,2,1,0
BRDA:85,3,0,0
BRDA:85,3,1,0
BRDA:93,4,0,0
BRDA:93,4,1,0
BRDA:173,5,0,0
BRDA:173,5,1,0
BRDA:174,6,0,0
BRDA:174,6,1,0
BRDA:188,7,0,0
BRDA:188,7,1,0
BRDA:189,8,0,0
BRDA:189,8,1,0
BRDA:200,9,0,0
BRDA:200,9,1,0
BRDA:200,9,2,0
BRDA:201,10,0,0
BRDA:201,10,1,0
BRDA:202,11,0,0
BRDA:202,11,1,0
BRDA:212,12,0,0
BRDA:212,12,1,0
BRDA:214,13,0,0
BRDA:214,13,1,0
BRDA:217,14,0,0
BRDA:217,14,1,0
BRDA:218,15,0,0
BRDA:218,15,1,0
BRDA:219,16,0,0
BRDA:219,16,1,0
BRDA:221,17,0,0
BRDA:221,17,1,0
BRDA:222,18,0,0
BRDA:222,18,1,0
BRDA:227,19,0,0
BRDA:227,19,1,0
BRDA:228,20,0,0
BRDA:228,20,1,0
BRDA:248,21,0,0
BRDA:248,21,1,0
BRDA:277,22,0,0
BRDA:277,22,1,0
BRF:47
BRH:0
end_of_record
TN:
SF:src/screens/SignInScreen.tsx
FN:5,SignInScreen
FN:11,(anonymous_1)
FN:69,(anonymous_2)
FN:70,(anonymous_3)
FNF:4
FNH:0
FNDA:0,SignInScreen
FNDA:0,(anonymous_1)
FNDA:0,(anonymous_2)
FNDA:0,(anonymous_3)
DA:6,0
DA:7,0
DA:8,0
DA:9,0
DA:11,0
DA:12,0
DA:15,0
DA:16,0
DA:17,0
DA:19,0
DA:20,0
DA:21,0
DA:23,0
DA:24,0
DA:26,0
DA:29,0
DA:30,0
DA:31,0
DA:32,0
DA:34,0
DA:35,0
DA:42,0
DA:69,0
DA:70,0
DA:75,0
LF:25
LH:0
BRDA:15,0,0,0
BRDA:15,0,1,0
BRDA:19,1,0,0
BRDA:19,1,1,0
BRDA:26,2,0,0
BRDA:26,2,1,0
BRDA:30,3,0,0
BRDA:30,3,1,0
BRDA:34,4,0,0
BRDA:34,4,1,0
BRDA:64,5,0,0
BRDA:64,5,1,0
BRF:12
BRH:0
end_of_record
TN:
SF:src/screens/TasksScreen.tsx
FN:63,TasksScreen
FN:80,(anonymous_1)
FN:80,(anonymous_2)
FN:98,(anonymous_3)
FN:100,(anonymous_4)
FN:103,(anonymous_5)
FN:107,(anonymous_6)
FN:115,(anonymous_7)
FN:117,(anonymous_8)
FN:118,(anonymous_9)
FN:130,(anonymous_10)
FN:132,(anonymous_11)
FN:136,(anonymous_12)
FN:167,(anonymous_13)
FN:171,(anonymous_14)
FN:182,(anonymous_15)
FN:193,(anonymous_16)
FN:194,(anonymous_17)
FN:203,(anonymous_18)
FN:204,(anonymous_19)
FN:205,(anonymous_20)
FN:213,(anonymous_21)
FN:214,(anonymous_22)
FN:223,(anonymous_23)
FN:234,(anonymous_24)
FN:237,(anonymous_25)
FN:246,(anonymous_26)
FN:252,(anonymous_27)
FN:253,(anonymous_28)
FN:297,(anonymous_29)
FN:318,(anonymous_30)
FN:318,(anonymous_31)
FN:329,(anonymous_32)
FN:339,(anonymous_33)
FN:352,(anonymous_34)
FN:370,(anonymous_35)
FN:376,(anonymous_36)
FN:397,(anonymous_37)
FN:407,(anonymous_38)
FN:414,(anonymous_39)
FN:438,(anonymous_40)
FN:438,(anonymous_41)
FN:440,(anonymous_42)
FN:471,(anonymous_43)
FN:490,(anonymous_44)
FN:501,(anonymous_45)
FN:529,(anonymous_46)
FN:538,(anonymous_47)
FN:578,(anonymous_48)
FN:583,(anonymous_49)
FN:604,(anonymous_50)
FN:616,(anonymous_51)
FN:616,(anonymous_52)
FN:619,(anonymous_53)
FN:639,(anonymous_54)
FN:647,(anonymous_55)
FN:652,(anonymous_56)
FN:681,(anonymous_57)
FN:683,(anonymous_58)
FN:704,(anonymous_59)
FN:706,(anonymous_60)
FN:729,(anonymous_61)
FN:748,(anonymous_62)
FN:779,FlagCard
FN:793,(anonymous_64)
FN:811,(anonymous_65)
FN:812,(anonymous_66)
FN:813,(anonymous_67)
FN:898,(anonymous_68)
FN:909,(anonymous_69)
FN:919,(anonymous_70)
FN:929,(anonymous_71)
FNF:72
FNH:0
FNDA:0,TasksScreen
FNDA:0,(anonymous_1)
FNDA:0,(anonymous_2)
FNDA:0,(anonymous_3)
FNDA:0,(anonymous_4)
FNDA:0,(anonymous_5)
FNDA:0,(anonymous_6)
FNDA:0,(anonymous_7)
FNDA:0,(anonymous_8)
FNDA:0,(anonymous_9)
FNDA:0,(anonymous_10)
FNDA:0,(anonymous_11)
FNDA:0,(anonymous_12)
FNDA:0,(anonymous_13)
FNDA:0,(anonymous_14)
FNDA:0,(anonymous_15)
FNDA:0,(anonymous_16)
FNDA:0,(anonymous_17)
FNDA:0,(anonymous_18)
FNDA:0,(anonymous_19)
FNDA:0,(anonymous_20)
FNDA:0,(anonymous_21)
FNDA:0,(anonymous_22)
FNDA:0,(anonymous_23)
FNDA:0,(anonymous_24)
FNDA:0,(anonymous_25)
FNDA:0,(anonymous_26)
FNDA:0,(anonymous_27)
FNDA:0,(anonymous_28)
FNDA:0,(anonymous_29)
FNDA:0,(anonymous_30)
FNDA:0,(anonymous_31)
FNDA:0,(anonymous_32)
FNDA:0,(anonymous_33)
FNDA:0,(anonymous_34)
FNDA:0,(anonymous_35)
FNDA:0,(anonymous_36)
FNDA:0,(anonymous_37)
FNDA:0,(anonymous_38)
FNDA:0,(anonymous_39)
FNDA:0,(anonymous_40)
FNDA:0,(anonymous_41)
FNDA:0,(anonymous_42)
FNDA:0,(anonymous_43)
FNDA:0,(anonymous_44)
FNDA:0,(anonymous_45)
FNDA:0,(anonymous_46)
FNDA:0,(anonymous_47)
FNDA:0,(anonymous_48)
FNDA:0,(anonymous_49)
FNDA:0,(anonymous_50)
FNDA:0,(anonymous_51)
FNDA:0,(anonymous_52)
FNDA:0,(anonymous_53)
FNDA:0,(anonymous_54)
FNDA:0,(anonymous_55)
FNDA:0,(anonymous_56)
FNDA:0,(anonymous_57)
FNDA:0,(anonymous_58)
FNDA:0,(anonymous_59)
FNDA:0,(anonymous_60)
FNDA:0,(anonymous_61)
FNDA:0,(anonymous_62)
FNDA:0,FlagCard
FNDA:0,(anonymous_64)
FNDA:0,(anonymous_65)
FNDA:0,(anonymous_66)
FNDA:0,(anonymous_67)
FNDA:0,(anonymous_68)
FNDA:0,(anonymous_69)
FNDA:0,(anonymous_70)
FNDA:0,(anonymous_71)
DA:56,0
DA:61,0
DA:65,0
DA:66,0
DA:74,0
DA:76,0
DA:79,0
DA:80,0
DA:86,0
DA:91,0
DA:97,0
DA:98,0
DA:99,0
DA:100,0
DA:101,0
DA:103,0
DA:104,0
DA:107,0
DA:108,0
DA:110,0
DA:115,0
DA:116,0
DA:117,0
DA:118,0
DA:119,0
DA:130,0
DA:131,0
DA:132,0
DA:135,0
DA:136,0
DA:139,0
DA:140,0
DA:141,0
DA:142,0
DA:148,0
DA:149,0
DA:150,0
DA:151,0
DA:156,0
DA:161,0
DA:167,0
DA:168,0
DA:169,0
DA:170,0
DA:171,0
DA:172,0
DA:174,0
DA:181,0
DA:182,0
DA:183,0
DA:184,0
DA:185,0
DA:188,0
DA:189,0
DA:193,0
DA:194,0
DA:202,0
DA:204,0
DA:205,0
DA:213,0
DA:214,0
DA:215,0
DA:223,0
DA:224,0
DA:225,0
DA:233,0
DA:234,0
DA:235,0
DA:236,0
DA:237,0
DA:245,0
DA:248,0
DA:249,0
DA:252,0
DA:253,0
DA:254,0
DA:255,0
DA:256,0
DA:258,0
DA:259,0
DA:260,0
DA:262,0
DA:263,0
DA:271,0
DA:273,0
DA:274,0
DA:275,0
DA:276,0
DA:277,0
DA:278,0
DA:279,0
DA:282,0
DA:285,0
DA:287,0
DA:289,0
DA:292,0
DA:297,0
DA:299,0
DA:300,0
DA:301,0
DA:302,0
DA:306,0
DA:307,0
DA:312,0
DA:317,0
DA:318,0
DA:319,0
DA:329,0
DA:330,0
DA:331,0
DA:339,0
DA:340,0
DA:341,0
DA:351,0
DA:356,0
DA:357,0
DA:359,0
DA:361,0
DA:362,0
DA:363,0
DA:364,0
DA:370,0
DA:375,0
DA:377,0
DA:378,0
DA:379,0
DA:381,0
DA:386,0
DA:388,0
DA:390,0
DA:396,0
DA:398,0
DA:406,0
DA:408,0
DA:409,0
DA:414,0
DA:415,0
DA:418,0
DA:419,0
DA:427,0
DA:438,0
DA:440,0
DA:471,0
DA:490,0
DA:501,0
DA:530,0
DA:534,0
DA:535,0
DA:538,0
DA:579,0
DA:580,0
DA:583,0
DA:604,0
DA:616,0
DA:620,0
DA:640,0
DA:651,0
DA:652,0
DA:654,0
DA:681,0
DA:683,0
DA:704,0
DA:706,0
DA:729,0
DA:748,0
DA:779,0
DA:793,0
DA:794,0
DA:795,0
DA:796,0
DA:805,0
DA:806,0
DA:809,0
DA:811,0
DA:812,0
DA:813,0
DA:898,0
DA:909,0
DA:919,0
DA:929,0
DA:944,0
LF:181
LH:0
BRDA:101,0,0,0
BRDA:101,0,1,0
BRDA:117,1,0,0
BRDA:117,1,1,0
BRDA:117,2,0,0
BRDA:117,2,1,0
BRDA:118,3,0,0
BRDA:118,3,1,0
BRDA:140,4,0,0
BRDA:140,4,1,0
BRDA:141,5,0,0
BRDA:141,5,1,0
BRDA:168,6,0,0
BRDA:168,6,1,0
BRDA:168,7,0,0
BRDA:168,7,1,0
BRDA:172,8,0,0
BRDA:172,8,1,0
BRDA:172,9,0,0
BRDA:172,9,1,0
BRDA:183,10,0,0
BRDA:183,10,1,0
BRDA:183,11,0,0
BRDA:183,11,1,0
BRDA:188,12,0,0
BRDA:188,12,1,0
BRDA:215,13,0,0
BRDA:215,13,1,0
BRDA:235,14,0,0
BRDA:235,14,1,0
BRDA:248,15,0,0
BRDA:248,15,1,0
BRDA:254,16,0,0
BRDA:254,16,1,0
BRDA:255,17,0,0
BRDA:255,17,1,0
BRDA:256,18,0,0
BRDA:256,18,1,0
BRDA:258,19,0,0
BRDA:258,19,1,0
BRDA:262,20,0,0
BRDA:262,20,1,0
BRDA:264,21,0,0
BRDA:264,21,1,0
BRDA:265,22,0,0
BRDA:265,22,1,0
BRDA:271,23,0,0
BRDA:271,23,1,0
BRDA:279,24,0,0
BRDA:279,24,1,0
BRDA:299,25,0,0
BRDA:299,25,1,0
BRDA:300,26,0,0
BRDA:300,26,1,0
BRDA:301,27,0,0
BRDA:301,27,1,0
BRDA:303,28,0,0
BRDA:303,28,1,0
BRDA:306,29,0,0
BRDA:306,29,1,0
BRDA:308,30,0,0
BRDA:308,30,1,0
BRDA:309,31,0,0
BRDA:309,31,1,0
BRDA:319,32,0,0
BRDA:319,32,1,0
BRDA:332,33,0,0
BRDA:332,33,1,0
BRDA:340,34,0,0
BRDA:340,34,1,0
BRDA:341,35,0,0
BRDA:341,35,1,0
BRDA:356,36,0,0
BRDA:356,36,1,0
BRDA:361,37,0,0
BRDA:361,37,1,0
BRDA:362,38,0,0
BRDA:362,38,1,0
BRDA:363,39,0,0
BRDA:363,39,1,0
BRDA:364,40,0,0
BRDA:364,40,1,0
BRDA:381,41,0,0
BRDA:381,41,1,0
BRDA:383,42,0,0
BRDA:383,42,1,0
BRDA:418,43,0,0
BRDA:418,43,1,0
BRDA:418,44,0,0
BRDA:418,44,1,0
BRDA:429,45,0,0
BRDA:429,45,1,0
BRDA:436,46,0,0
BRDA:436,46,1,0
BRDA:442,47,0,0
BRDA:442,47,1,0
BRDA:443,48,0,0
BRDA:443,48,1,0
BRDA:451,49,0,0
BRDA:451,49,1,0
BRDA:457,50,0,0
BRDA:457,50,1,0
BRDA:467,51,0,0
BRDA:467,51,1,0
BRDA:467,51,2,0
BRDA:473,52,0,0
BRDA:473,52,1,0
BRDA:487,53,0,0
BRDA:487,53,1,0
BRDA:491,54,0,0
BRDA:491,54,1,0
BRDA:496,55,0,0
BRDA:496,55,1,0
BRDA:502,56,0,0
BRDA:502,56,1,0
BRDA:507,57,0,0
BRDA:507,57,1,0
BRDA:516,58,0,0
BRDA:516,58,1,0
BRDA:534,59,0,0
BRDA:534,59,1,0
BRDA:541,60,0,0
BRDA:541,60,1,0
BRDA:545,61,0,0
BRDA:545,61,1,0
BRDA:552,62,0,0
BRDA:552,62,1,0
BRDA:565,63,0,0
BRDA:565,63,1,0
BRDA:584,64,0,0
BRDA:584,64,1,0
BRDA:592,65,0,0
BRDA:592,65,1,0
BRDA:606,66,0,0
BRDA:606,66,1,0
BRDA:610,67,0,0
BRDA:610,67,1,0
BRDA:651,68,0,0
BRDA:651,68,1,0
BRDA:668,69,0,0
BRDA:668,69,1,0
BRDA:682,70,0,0
BRDA:682,70,1,0
BRDA:686,71,0,0
BRDA:686,71,1,0
BRDA:686,71,2,0
BRDA:687,72,0,0
BRDA:687,72,1,0
BRDA:687,72,2,0
BRDA:687,72,3,0
BRDA:692,73,0,0
BRDA:692,73,1,0
BRDA:697,74,0,0
BRDA:697,74,1,0
BRDA:705,75,0,0
BRDA:705,75,1,0
BRDA:709,76,0,0
BRDA:709,76,1,0
BRDA:709,76,2,0
BRDA:710,77,0,0
BRDA:710,77,1,0
BRDA:710,77,2,0
BRDA:710,77,3,0
BRDA:715,78,0,0
BRDA:715,78,1,0
BRDA:720,79,0,0
BRDA:720,79,1,0
BRDA:732,80,0,0
BRDA:732,80,1,0
BRDA:733,81,0,0
BRDA:733,81,1,0
BRDA:733,81,2,0
BRDA:794,82,0,0
BRDA:794,82,1,0
BRDA:806,83,0,0
BRDA:806,83,1,0
BRDA:807,84,0,0
BRDA:807,84,1,0
BRDA:815,85,0,0
BRDA:815,85,1,0
BRDA:816,86,0,0
BRDA:816,86,1,0
BRDA:818,87,0,0
BRDA:818,87,1,0
BRDA:820,88,0,0
BRDA:820,88,1,0
BRDA:826,89,0,0
BRDA:826,89,1,0
BRDA:844,90,0,0
BRDA:844,90,1,0
BRDA:848,91,0,0
BRDA:848,91,1,0
BRDA:853,92,0,0
BRDA:853,92,1,0
BRDA:860,93,0,0
BRDA:860,93,1,0
BRDA:869,94,0,0
BRDA:869,94,1,0
BRDA:874,95,0,0
BRDA:874,95,1,0
BRDA:881,96,0,0
BRDA:881,96,1,0
BRDA:882,97,0,0
BRDA:882,97,1,0
BRDA:893,98,0,0
BRDA:893,98,1,0
BRDA:895,99,0,0
BRDA:895,99,1,0
BRF:208
BRH:0
end_of_record
